Log file open, 04/01/18 16:14:53
LogWindows: Failed to load 'aqProf.dll' (GetLastError=126)
LogWindows: File 'aqProf.dll' does not exist
LogWindows: Failed to load 'VtuneApi.dll' (GetLastError=126)
LogWindows: File 'VtuneApi.dll' does not exist
LogWindows: Failed to load 'VtuneApi32e.dll' (GetLastError=126)
LogWindows: File 'VtuneApi32e.dll' does not exist
LogInit: Display: Running engine for game: projectUnreal
LogPlatformFile: Not using cached read wrapper
LogInit: Display: RandInit(1835071266) SRandInit(1835071266).
LogInit: Read version file with build ID '3709383'
LogInit: Overriding engine version to CL 3832480, compatible CL 3709383
LogInit: Registered custom module enumerator with build ID '3709383'
LogTaskGraph: Started task graph with 5 named threads and 14 total threads with 3 sets of task threads.
LogStats: Stats thread started at 0.178891
LogD3D11RHI: Aftermath initialized
LogModuleManager: Display: Found up-to-date module file ../../../Engine/Plugins/Online/OnlineSubsystemSteam/Binaries/Win64/UE4Editor-OnlineSubsystemSteam.dll (API version 3709383).
LogModuleManager: Display: Found up-to-date module file ../../../Engine/Plugins/Online/OnlineSubsystem/Binaries/Win64/UE4Editor-OnlineSubsystem.dll (API version 3709383).
LogModuleManager: Display: Found up-to-date module file ../../../Engine/Plugins/Online/OnlineSubsystemUtils/Binaries/Win64/UE4Editor-OnlineSubsystemUtils.dll (API version 3709383).
LogModuleManager: Display: Found up-to-date module file ../../../Engine/Plugins/Online/OnlineSubsystemUtils/Binaries/Win64/UE4Editor-OnlineBlueprintSupport.dll (API version 3709383).
LogModuleManager: Display: Found up-to-date module file ../../../Engine/Plugins/2D/Paper2D/Binaries/Win64/UE4Editor-Paper2D.dll (API version 3709383).
LogModuleManager: Display: Found up-to-date module file ../../../Engine/Plugins/2D/Paper2D/Binaries/Win64/UE4Editor-Paper2DEditor.dll (API version 3709383).
LogModuleManager: Display: Found up-to-date module file ../../../Engine/Plugins/2D/Paper2D/Binaries/Win64/UE4Editor-PaperSpriteSheetImporter.dll (API version 3709383).
LogModuleManager: Display: Found up-to-date module file ../../../Engine/Plugins/2D/Paper2D/Binaries/Win64/UE4Editor-PaperTiledImporter.dll (API version 3709383).
LogModuleManager: Display: Found up-to-date module file ../../../Engine/Plugins/2D/Paper2D/Binaries/Win64/UE4Editor-SmartSnapping.dll (API version 3709383).
LogModuleManager: Display: Found up-to-date module file ../../../Engine/Plugins/Blendables/LightPropagationVolume/Binaries/Win64/UE4Editor-LightPropagationVolumeRuntime.dll (API version 3709383).
LogModuleManager: Display: Found up-to-date module file ../../../Engine/Plugins/Blendables/LightPropagationVolume/Binaries/Win64/UE4Editor-LightPropagationVolumeEditor.dll (API version 3709383).
LogModuleManager: Display: Found up-to-date module file ../../../Engine/Plugins/Developer/GitSourceControl/Binaries/Win64/UE4Editor-GitSourceControl.dll (API version 3709383).
LogModuleManager: Display: Found up-to-date module file ../../../Engine/Plugins/Developer/PerforceSourceControl/Binaries/Win64/UE4Editor-PerforceSourceControl.dll (API version 3709383).
LogModuleManager: Display: Found up-to-date module file ../../../Engine/Plugins/Developer/SubversionSourceControl/Binaries/Win64/UE4Editor-SubversionSourceControl.dll (API version 3709383).
LogModuleManager: Display: Found up-to-date module file ../../../Engine/Plugins/Developer/UObjectPlugin/Binaries/Win64/UE4Editor-UObjectPlugin.dll (API version 3709383).
LogModuleManager: Display: Found up-to-date module file ../../../Engine/Plugins/Developer/VisualStudioCodeSourceCodeAccess/Binaries/Win64/UE4Editor-VisualStudioCodeSourceCodeAccess.dll (API version 3709383).
LogModuleManager: Display: Found up-to-date module file ../../../Engine/Plugins/Developer/VisualStudioSourceCodeAccess/Binaries/Win64/UE4Editor-VisualStudioSourceCodeAccess.dll (API version 3709383).
LogModuleManager: Display: Found up-to-date module file ../../../Engine/Plugins/Editor/AssetManagerEditor/Binaries/Win64/UE4Editor-AssetManagerEditor.dll (API version 3709383).
LogModuleManager: Display: Found up-to-date module file ../../../Engine/Plugins/Editor/AudioCapture/Binaries/Win64/UE4Editor-AudioCapture.dll (API version 3709383).
LogModuleManager: Display: Found up-to-date module file ../../../Engine/Plugins/Editor/FacialAnimation/Binaries/Win64/UE4Editor-FacialAnimation.dll (API version 3709383).
LogModuleManager: Display: Found up-to-date module file ../../../Engine/Plugins/Editor/FacialAnimation/Binaries/Win64/UE4Editor-FacialAnimationEditor.dll (API version 3709383).
LogModuleManager: Display: Found up-to-date module file ../../../Engine/Plugins/Editor/GameplayTagsEditor/Binaries/Win64/UE4Editor-GameplayTagsEditor.dll (API version 3709383).
LogModuleManager: Display: Found up-to-date module file ../../../Engine/Plugins/Editor/MobileLauncherProfileWizard/Binaries/Win64/UE4Editor-MobileLauncherProfileWizard.dll (API version 3709383).
LogModuleManager: Display: Found up-to-date module file ../../../Engine/Plugins/Editor/PluginBrowser/Binaries/Win64/UE4Editor-PluginBrowser.dll (API version 3709383).
LogModuleManager: Display: Found up-to-date module file ../../../Engine/Plugins/Editor/SpeedTreeImporter/Binaries/Win64/UE4Editor-SpeedTreeImporter.dll (API version 3709383).
LogModuleManager: Display: Found up-to-date module file ../../../Engine/Plugins/Experimental/AlembicImporter/Binaries/Win64/UE4Editor-AlembicImporter.dll (API version 3709383).
LogModuleManager: Display: Found up-to-date module file ../../../Engine/Plugins/Experimental/AlembicImporter/Binaries/Win64/UE4Editor-AlembicLibrary.dll (API version 3709383).
LogModuleManager: Display: Found up-to-date module file ../../../Engine/Plugins/Experimental/CharacterAI/Binaries/Win64/UE4Editor-CharacterAI.dll (API version 3709383).
LogModuleManager: Display: Found up-to-date module file ../../../Engine/Plugins/Experimental/HTML5Networking/Binaries/Win64/UE4Editor-HTML5Networking.dll (API version 3709383).
LogModuleManager: Display: Found up-to-date module file ../../../Engine/Plugins/Media/AndroidMedia/Binaries/Win64/UE4Editor-AndroidMediaEditor.dll (API version 3709383).
LogModuleManager: Display: Found up-to-date module file ../../../Engine/Plugins/Media/AndroidMedia/Binaries/Win64/UE4Editor-AndroidMediaFactory.dll (API version 3709383).
LogModuleManager: Display: Found up-to-date module file ../../../Engine/Plugins/Media/AvfMedia/Binaries/Win64/UE4Editor-AvfMediaEditor.dll (API version 3709383).
LogModuleManager: Display: Found up-to-date module file ../../../Engine/Plugins/Media/AvfMedia/Binaries/Win64/UE4Editor-AvfMediaFactory.dll (API version 3709383).
LogModuleManager: Display: Found up-to-date module file ../../../Engine/Plugins/Media/AvfMedia/Binaries/Win64/UE4Editor-AvfMediaFactory.dll (API version 3709383).
LogModuleManager: Display: Found up-to-date module file ../../../Engine/Plugins/Media/ImgMedia/Binaries/Win64/UE4Editor-ImgMedia.dll (API version 3709383).
LogModuleManager: Display: Found up-to-date module file ../../../Engine/Plugins/Media/ImgMedia/Binaries/Win64/UE4Editor-ImgMediaEditor.dll (API version 3709383).
LogModuleManager: Display: Found up-to-date module file ../../../Engine/Plugins/Media/ImgMedia/Binaries/Win64/UE4Editor-ImgMediaFactory.dll (API version 3709383).
LogModuleManager: Display: Found up-to-date module file ../../../Engine/Plugins/Media/ImgMedia/Binaries/Win64/UE4Editor-ImgMediaFactory.dll (API version 3709383).
LogModuleManager: Display: Found up-to-date module file ../../../Engine/Plugins/Media/ImgMedia/Binaries/Win64/UE4Editor-OpenExrWrapper.dll (API version 3709383).
LogModuleManager: Display: Found up-to-date module file ../../../Engine/Plugins/Media/MediaCompositing/Binaries/Win64/UE4Editor-MediaCompositing.dll (API version 3709383).
LogModuleManager: Display: Found up-to-date module file ../../../Engine/Plugins/Media/MediaCompositing/Binaries/Win64/UE4Editor-MediaCompositingEditor.dll (API version 3709383).
LogModuleManager: Display: Found up-to-date module file ../../../Engine/Plugins/Media/MediaPlayerEditor/Binaries/Win64/UE4Editor-MediaPlayerEditor.dll (API version 3709383).
LogModuleManager: Display: Found up-to-date module file ../../../Engine/Plugins/Media/WmfMedia/Binaries/Win64/UE4Editor-WmfMedia.dll (API version 3709383).
LogModuleManager: Display: Found up-to-date module file ../../../Engine/Plugins/Media/WmfMedia/Binaries/Win64/UE4Editor-WmfMediaEditor.dll (API version 3709383).
LogModuleManager: Display: Found up-to-date module file ../../../Engine/Plugins/Media/WmfMedia/Binaries/Win64/UE4Editor-WmfMediaFactory.dll (API version 3709383).
LogModuleManager: Display: Found up-to-date module file ../../../Engine/Plugins/Media/WmfMedia/Binaries/Win64/UE4Editor-WmfMediaFactory.dll (API version 3709383).
LogModuleManager: Display: Found up-to-date module file ../../../Engine/Plugins/Messaging/TcpMessaging/Binaries/Win64/UE4Editor-TcpMessaging.dll (API version 3709383).
LogModuleManager: Display: Found up-to-date module file ../../../Engine/Plugins/Messaging/UdpMessaging/Binaries/Win64/UE4Editor-UdpMessaging.dll (API version 3709383).
LogModuleManager: Display: Found up-to-date module file ../../../Engine/Plugins/MovieScene/ActorSequence/Binaries/Win64/UE4Editor-ActorSequence.dll (API version 3709383).
LogModuleManager: Display: Found up-to-date module file ../../../Engine/Plugins/MovieScene/LevelSequenceEditor/Binaries/Win64/UE4Editor-LevelSequenceEditor.dll (API version 3709383).
LogModuleManager: Display: Found up-to-date module file ../../../Engine/Plugins/MovieScene/MatineeToLevelSequence/Binaries/Win64/UE4Editor-MatineeToLevelSequence.dll (API version 3709383).
LogModuleManager: Display: Found up-to-date module file ../../../Engine/Plugins/Runtime/AndroidPermission/Binaries/Win64/UE4Editor-AndroidPermission.dll (API version 3709383).
LogModuleManager: Display: Found up-to-date module file ../../../Engine/Plugins/Online/OnlineSubsystemNull/Binaries/Win64/UE4Editor-OnlineSubsystemNull.dll (API version 3709383).
LogModuleManager: Display: Found up-to-date module file ../../../Engine/Plugins/Runtime/AndroidDeviceProfileSelector/Binaries/Win64/UE4Editor-AndroidDeviceProfileSelector.dll (API version 3709383).
LogModuleManager: Display: Found up-to-date module file ../../../Engine/Plugins/Runtime/AppleARKit/Binaries/Win64/UE4Editor-AppleARKit.dll (API version 3709383).
LogModuleManager: Display: Found up-to-date module file ../../../Engine/Plugins/Runtime/ArchVisCharacter/Binaries/Win64/UE4Editor-ArchVisCharacter.dll (API version 3709383).
LogModuleManager: Display: Found up-to-date module file ../../../Engine/Plugins/Runtime/CableComponent/Binaries/Win64/UE4Editor-CableComponent.dll (API version 3709383).
LogModuleManager: Display: Found up-to-date module file ../../../Engine/Plugins/Runtime/CustomMeshComponent/Binaries/Win64/UE4Editor-CustomMeshComponent.dll (API version 3709383).
LogModuleManager: Display: Found up-to-date module file ../../../Engine/Plugins/Runtime/ExampleDeviceProfileSelector/Binaries/Win64/UE4Editor-ExampleDeviceProfileSelector.dll (API version 3709383).
LogModuleManager: Display: Found up-to-date module file ../../../Engine/Plugins/Runtime/ImmediatePhysics/Binaries/Win64/UE4Editor-ImmediatePhysics.dll (API version 3709383).
LogModuleManager: Display: Found up-to-date module file ../../../Engine/Plugins/Runtime/ImmediatePhysics/Binaries/Win64/UE4Editor-ImmediatePhysicsEditor.dll (API version 3709383).
LogModuleManager: Display: Found up-to-date module file ../../../Engine/Plugins/Runtime/LocationServicesBPLibrary/Binaries/Win64/UE4Editor-LocationServicesBPLibrary.dll (API version 3709383).
LogModuleManager: Display: Found up-to-date module file ../../../Engine/Plugins/Runtime/MobilePatchingUtils/Binaries/Win64/UE4Editor-MobilePatchingUtils.dll (API version 3709383).
LogModuleManager: Display: Found up-to-date module file ../../../Engine/Plugins/Runtime/Oculus/OculusVR/Binaries/Win64/UE4Editor-OculusHMD.dll (API version 3709383).
LogModuleManager: Display: Found up-to-date module file ../../../Engine/Plugins/Runtime/Oculus/OculusVR/Binaries/Win64/UE4Editor-OculusInput.dll (API version 3709383).
LogModuleManager: Display: Found up-to-date module file ../../../Engine/Plugins/Runtime/Oculus/OculusVR/Binaries/Win64/UE4Editor-OculusEditor.dll (API version 3709383).
LogModuleManager: Display: Found up-to-date module file ../../../Engine/Plugins/Runtime/PhysXVehicles/Binaries/Win64/UE4Editor-PhysXVehicles.dll (API version 3709383).
LogModuleManager: Display: Found up-to-date module file ../../../Engine/Plugins/Runtime/PhysXVehicles/Binaries/Win64/UE4Editor-PhysXVehiclesEditor.dll (API version 3709383).
LogModuleManager: Display: Found up-to-date module file ../../../Engine/Plugins/Runtime/ProceduralMeshComponent/Binaries/Win64/UE4Editor-ProceduralMeshComponent.dll (API version 3709383).
LogModuleManager: Display: Found up-to-date module file ../../../Engine/Plugins/Runtime/ProceduralMeshComponent/Binaries/Win64/UE4Editor-ProceduralMeshComponentEditor.dll (API version 3709383).
LogModuleManager: Display: Found up-to-date module file ../../../Engine/Plugins/Runtime/RuntimePhysXCooking/Binaries/Win64/UE4Editor-RuntimePhysXCooking.dll (API version 3709383).
LogModuleManager: Display: Found up-to-date module file ../../../Engine/Plugins/Runtime/Steam/SteamVR/Binaries/Win64/UE4Editor-SteamVR.dll (API version 3709383).
LogModuleManager: Display: Found up-to-date module file ../../../Engine/Plugins/Runtime/Steam/SteamVR/Binaries/Win64/UE4Editor-SteamVRController.dll (API version 3709383).
LogModuleManager: Display: Found up-to-date module file ../../../Engine/Plugins/Runtime/WindowsMoviePlayer/Binaries/Win64/UE4Editor-WindowsMoviePlayer.dll (API version 3709383).
LogPluginManager: Mounting plugin Paper2D
LogPluginManager: Mounting plugin LightPropagationVolume
LogPluginManager: Mounting plugin CodeLiteSourceCodeAccess
LogPluginManager: Mounting plugin GitSourceControl
LogPluginManager: Mounting plugin KDevelopSourceCodeAccess
LogPluginManager: Mounting plugin NullSourceCodeAccess
LogPluginManager: Mounting plugin PerforceSourceControl
LogPluginManager: Mounting plugin SubversionSourceControl
LogPluginManager: Mounting plugin UObjectPlugin
LogPluginManager: Mounting plugin VisualStudioCodeSourceCodeAccess
LogPluginManager: Mounting plugin VisualStudioSourceCodeAccess
LogPluginManager: Mounting plugin XCodeSourceCodeAccess
LogPluginManager: Mounting plugin AssetManagerEditor
LogPluginManager: Mounting plugin AudioCapture
LogPluginManager: Mounting plugin FacialAnimation
LogPluginManager: Mounting plugin GameplayTagsEditor
LogPluginManager: Mounting plugin MobileLauncherProfileWizard
LogPluginManager: Mounting plugin PluginBrowser
LogPluginManager: Mounting plugin SpeedTreeImporter
LogPluginManager: Mounting plugin AlembicImporter
LogPluginManager: Mounting plugin CharacterAI
LogPluginManager: Mounting plugin HTML5Networking
LogPluginManager: Mounting plugin AndroidMedia
LogPluginManager: Mounting plugin AvfMedia
LogPluginManager: Mounting plugin ImgMedia
LogPluginManager: Mounting plugin MediaCompositing
LogPluginManager: Mounting plugin MediaPlayerEditor
LogPluginManager: Mounting plugin WmfMedia
LogPluginManager: Mounting plugin TcpMessaging
LogPluginManager: Mounting plugin UdpMessaging
LogPluginManager: Mounting plugin ActorSequence
LogPluginManager: Mounting plugin LevelSequenceEditor
LogPluginManager: Mounting plugin MatineeToLevelSequence
LogPluginManager: Mounting plugin OnlineSubsystemGooglePlay
LogPluginManager: Mounting plugin OnlineSubsystemIOS
LogPluginManager: Mounting plugin OnlineSubsystem
LogPluginManager: Mounting plugin OnlineSubsystemNull
LogPluginManager: Mounting plugin OnlineSubsystemSteam
LogPluginManager: Mounting plugin OnlineSubsystemUtils
LogPluginManager: Mounting plugin AndroidDeviceProfileSelector
LogPluginManager: Mounting plugin AndroidMoviePlayer
LogPluginManager: Mounting plugin AndroidPermission
LogPluginManager: Mounting plugin AppleARKit
LogPluginManager: Mounting plugin AppleMoviePlayer
LogPluginManager: Mounting plugin ArchVisCharacter
LogPluginManager: Mounting plugin CableComponent
LogPluginManager: Mounting plugin CustomMeshComponent
LogPluginManager: Mounting plugin ExampleDeviceProfileSelector
LogPluginManager: Mounting plugin GoogleCloudMessaging
LogPluginManager: Mounting plugin ImmediatePhysics
LogPluginManager: Mounting plugin IOSDeviceProfileSelector
LogPluginManager: Mounting plugin LinuxDeviceProfileSelector
LogPluginManager: Mounting plugin LocationServicesBPLibrary
LogPluginManager: Mounting plugin MobilePatchingUtils
LogPluginManager: Mounting plugin OculusVR
LogPluginManager: Plugin shader directory ../../../Engine/Plugins/Runtime/Oculus/OculusVR/Shaders found
LogPluginManager: Mapping shader source directory ../../../Engine/Plugins/Runtime/Oculus/OculusVR/Shaders to virtual directory /Plugin/OculusVR
LogPluginManager: Mounting plugin PhysXVehicles
LogPluginManager: Mounting plugin ProceduralMeshComponent
LogPluginManager: Mounting plugin RuntimePhysXCooking
LogPluginManager: Mounting plugin SteamVR
LogPluginManager: Mounting plugin WindowsMoviePlayer
LogInit: Using libcurl 7.47.1
LogInit:  - built for x86_64-pc-win32
LogInit:  - supports SSL with OpenSSL/1.0.2g
LogInit:  - supports HTTP deflate (compression) using libz 1.2.8
LogInit:  - other features:
LogInit:      CURL_VERSION_SSL
LogInit:      CURL_VERSION_LIBZ
LogInit:      CURL_VERSION_IPV6
LogInit:      CURL_VERSION_ASYNCHDNS
LogInit:      CURL_VERSION_LARGEFILE
LogInit:      CURL_VERSION_IDN
LogInit:  CurlRequestOptions (configurable via config and command line):
LogInit:  - bVerifyPeer = false  - Libcurl will NOT verify peer certificate
LogInit:  - bUseHttpProxy = false  - Libcurl will NOT use HTTP proxy
LogInit:  - bDontReuseConnections = false  - Libcurl will reuse connections
LogInit:  - CertBundlePath = nullptr  - Libcurl will use whatever was configured at build time.
LogOnline: Display: STEAM: Loading Steam SDK 1.39
LogOnline: Warning: STEAM: Steam API disabled!
LogOnline: Display: STEAM: OnlineSubsystemSteam::Shutdown()
LogInit: WinSock: version 1.1 (2.2), MaxSocks=32767, MaxUdp=65467
LogInit: Build: ++UE4+Release-4.18-CL-3832480
LogInit: Engine Version: 4.18.3-3832480+++UE4+Release-4.18
LogInit: Compatible Engine Version: 4.18.0-3709383+++UE4+Release-4.18
LogInit: Net CL: 3709383
LogDevObjectVersion: Number of dev versions registered: 16
LogDevObjectVersion:   Dev-Blueprints (B0D832E4-1F89-4F0D-ACCF-7EB736FD4AA2): 10
LogDevObjectVersion:   Dev-Build (E1C64328-A22C-4D53-A36C-8E866417BD8C): 0
LogDevObjectVersion:   Dev-Core (375EC13C-06E4-48FB-B500-84F0262A717E): 2
LogDevObjectVersion:   Dev-Editor (E4B068ED-F494-42E9-A231-DA0B2E46BB41): 20
LogDevObjectVersion:   Dev-Framework (CFFC743F-43B0-4480-9391-14DF171D2073): 30
LogDevObjectVersion:   Dev-Mobile (B02B49B5-BB20-44E9-A304-32B752E40360): 0
LogDevObjectVersion:   Dev-Networking (A4E4105C-59A1-49B5-A7C5-40C4547EDFEE): 0
LogDevObjectVersion:   Dev-Online (39C831C9-5AE6-47DC-9A44-9C173E1C8E7C): 0
LogDevObjectVersion:   Dev-Physics (78F01B33-EBEA-4F98-B9B4-84EACCB95AA2): 0
LogDevObjectVersion:   Dev-Platform (6631380F-2D4D-43E0-8009-CF276956A95A): 0
LogDevObjectVersion:   Dev-Rendering (12F88B9F-8875-4AFC-A67C-D90C383ABD29): 20
LogDevObjectVersion:   Dev-Sequencer (7B5AE74C-D270-4C10-A958-57980B212A5A): 4
LogDevObjectVersion:   Dev-VR (D7296918-1DD6-4BDD-9DE2-64A83CC13884): 0
LogDevObjectVersion:   Dev-LoadTimes (C2A15278-BFE7-4AFE-6C17-90FF531DF755): 1
LogDevObjectVersion:   Private-Geometry (6EACA3D4-40EC-4CC1-B786-8BED09428FC5): 1
LogDevObjectVersion:   Dev-AnimPhys (29E575DD-E0A3-4627-9D10-D276232CDCEA): 12
LogInit: Compiled (64-bit): Jan 12 2018 02:04:55
LogInit: Compiled with Visual C++: 19.00.24215.01
LogInit: Build Configuration: Development
LogInit: Branch Name: ++UE4+Release-4.18
LogInit: Command line: -EpicPortal 
LogInit: Base directory: C:/Program Files/Epic Games/UE_4.18/Engine/Binaries/Win64/
LogInit: Installed Engine Build: 1
LogInit: Presizing for max 8388607 objects, including 0 objects not considered by GC, pre-allocating 0 bytes for permanent pool.
LogInit: Object subsystem initialized
[2018.04.01-14.14.56:074][  0]LogInit: Selected Device Profile: [Windows]
[2018.04.01-14.14.56:074][  0]LogInit: Applying CVar settings loaded from the selected device profile: [Windows]
[2018.04.01-14.14.56:086][  0]LogInit: Computer: MIGUEL-PC
[2018.04.01-14.14.56:086][  0]LogInit: User: Miguel
[2018.04.01-14.14.56:086][  0]LogInit: CPU Page size=4096, Cores=4
[2018.04.01-14.14.56:086][  0]LogInit: High frequency timer resolution =3.410070 MHz
[2018.04.01-14.14.56:086][  0]LogMemory: Memory total: Physical=11.9GB (12GB approx)
[2018.04.01-14.14.56:086][  0]LogMemory: Platform Memory Stats for Windows
[2018.04.01-14.14.56:086][  0]LogMemory: Process Physical Memory: 275.78 MB used, 275.78 MB peak
[2018.04.01-14.14.56:086][  0]LogMemory: Process Virtual Memory: 273.05 MB used, 273.05 MB peak
[2018.04.01-14.14.56:086][  0]LogMemory: Physical Memory: 5604.16 MB used,  6619.39 MB free, 12223.55 MB total
[2018.04.01-14.14.56:086][  0]LogMemory: Virtual Memory: 669.92 MB used,  6619.39 MB free, 134217728.00 MB total
[2018.04.01-14.14.56:261][  0]LogInit: Overriding language with editor language configuration option (en).
[2018.04.01-14.14.56:261][  0]LogInit: Overriding locale with editor locale configuration option (en).
[2018.04.01-14.14.56:662][  0]LogInit: Setting process to per monitor DPI aware
[2018.04.01-14.14.56:974][  0]LogD3D11RHI: D3D11 adapters:
[2018.04.01-14.14.57:028][  0]LogD3D11RHI:    0. 'NVIDIA GeForce GTX 660' (Feature Level 11_0)
[2018.04.01-14.14.57:028][  0]LogD3D11RHI:       2015/0/6111 MB DedicatedVideo/DedicatedSystem/SharedSystem, Outputs:1, VendorId:0x10de
[2018.04.01-14.14.57:031][  0]LogD3D11RHI:    1. 'Microsoft Basic Render Driver' (Feature Level 11_0)
[2018.04.01-14.14.57:031][  0]LogD3D11RHI:       0/0/6111 MB DedicatedVideo/DedicatedSystem/SharedSystem, Outputs:0, VendorId:0x1414
[2018.04.01-14.14.57:031][  0]LogD3D11RHI: Chosen D3D11 Adapter: 0
[2018.04.01-14.14.57:042][  0]LogD3D11RHI: Creating new Direct3DDevice
[2018.04.01-14.14.57:042][  0]LogD3D11RHI:     GPU DeviceId: 0x11c0 (for the marketing name, search the web for "GPU Device Id")
[2018.04.01-14.14.57:042][  0]LogWindows: EnumDisplayDevices:
[2018.04.01-14.14.57:042][  0]LogWindows:    0. 'NVIDIA GeForce GTX 660' (P:1 D:1)
[2018.04.01-14.14.57:042][  0]LogWindows:    1. 'NVIDIA GeForce GTX 660' (P:0 D:0)
[2018.04.01-14.14.57:043][  0]LogWindows:    2. 'NVIDIA GeForce GTX 660' (P:0 D:0)
[2018.04.01-14.14.57:043][  0]LogWindows:    3. 'NVIDIA GeForce GTX 660' (P:0 D:0)
[2018.04.01-14.14.57:043][  0]LogWindows: DebugString: GetVideoDriverDetailsInvalid PrimaryIsNotTheChoosenAdapter GetVideoDriverDetailsInvalid PrimaryIsNotTheChoosenAdapter GetVideoDriverDetailsInvalid PrimaryIsNotTheChoosenAdapter GetVideoDriverDetailsInvalid PrimaryIsNotTheChoosenAdapter FoundDriverCount:0 
[2018.04.01-14.14.57:043][  0]LogD3D11RHI:     Adapter Name: NVIDIA GeForce GTX 660
[2018.04.01-14.14.57:043][  0]LogD3D11RHI:   Driver Version: Unknown (internal:Unknown, unified:Unknown)
[2018.04.01-14.14.57:043][  0]LogD3D11RHI:      Driver Date: Unknown
[2018.04.01-14.14.57:043][  0]LogRHI: Texture pool is 1411 MB (70% of 2015 MB)
[2018.04.01-14.14.57:092][  0]LogD3D11RHI: Async texture creation enabled
[2018.04.01-14.14.57:107][  0]LogD3D11RHI: GPU Timing Frequency: 1000.000000 (Debug: 2 1)
[2018.04.01-14.14.57:110][  0]LogShaderCompilers: Guid format shader working directory is -28 characters bigger than the processId version (../../../../../../Users/Miguel/Documents/GitHub/MasterUnreal/projectUnreal/Intermediate/Shaders/WorkingDirectory/11360/).
[2018.04.01-14.14.57:110][  0]LogShaderCompilers: Cleaned the shader compiler working directory 'C:/Users/Miguel/AppData/Local/Temp/UnrealShaderWorkingDir/D30D4042455F9FC8C70A52B0B79B80BA/'.
[2018.04.01-14.14.57:110][  0]LogShaderCompilers: Display: Using Local Shader Compiler.
[2018.04.01-14.14.58:584][  0]LogTemp: Display: Loaded TP AllDesktopTargetPlatform
[2018.04.01-14.14.58:678][  0]LogTemp: Display: Loaded TP MacClientTargetPlatform
[2018.04.01-14.14.58:765][  0]LogTemp: Display: Loaded TP MacNoEditorTargetPlatform
[2018.04.01-14.14.58:847][  0]LogTemp: Display: Loaded TP MacServerTargetPlatform
[2018.04.01-14.14.58:929][  0]LogTemp: Display: Loaded TP MacTargetPlatform
[2018.04.01-14.14.59:008][  0]LogTemp: Display: Loaded TP WindowsClientTargetPlatform
[2018.04.01-14.14.59:094][  0]LogTemp: Display: Loaded TP WindowsNoEditorTargetPlatform
[2018.04.01-14.14.59:197][  0]LogTemp: Display: Loaded TP WindowsServerTargetPlatform
[2018.04.01-14.14.59:261][  0]LogTemp: Display: Loaded TP WindowsTargetPlatform
[2018.04.01-14.14.59:328][  0]LogTemp: Display: Loaded TP Android_ASTCTargetPlatform
[2018.04.01-14.14.59:392][  0]LogTemp: Display: Loaded TP Android_ATCTargetPlatform
[2018.04.01-14.14.59:452][  0]LogTemp: Display: Loaded TP Android_DXTTargetPlatform
[2018.04.01-14.14.59:535][  0]LogTemp: Display: Loaded TP Android_ETC1TargetPlatform
[2018.04.01-14.14.59:606][  0]LogTemp: Display: Loaded TP Android_ETC2TargetPlatform
[2018.04.01-14.14.59:764][  0]LogTemp: Display: Loaded TP Android_MultiTargetPlatform
[2018.04.01-14.14.59:764][  0]LogTemp: Display: Loaded TP Android_PVRTCTargetPlatform
[2018.04.01-14.14.59:831][  0]LogTemp: Display: Loaded TP AndroidTargetPlatform
[2018.04.01-14.14.59:885][  0]LogTemp: Display: Loaded TP HTML5TargetPlatform
[2018.04.01-14.14.59:990][  0]LogTemp: Display: Loaded TP IOSTargetPlatform
[2018.04.01-14.15.00:021][  0]LogTemp: Display: Loaded TP TVOSTargetPlatform
[2018.04.01-14.15.00:081][  0]LogTemp: Display: Loaded TP LinuxClientTargetPlatform
[2018.04.01-14.15.00:156][  0]LogTemp: Display: Loaded TP LinuxNoEditorTargetPlatform
[2018.04.01-14.15.00:216][  0]LogTemp: Display: Loaded TP LinuxServerTargetPlatform
[2018.04.01-14.15.00:284][  0]LogTemp: Display: Loaded TP LinuxTargetPlatform
[2018.04.01-14.15.00:284][  0]LogTargetPlatformManager: Display: Building Assets For Windows
[2018.04.01-14.15.00:863][  0]LogDerivedDataCache: Display: Max Cache Size: 512 MB
[2018.04.01-14.15.00:944][  0]LogDerivedDataCache: Loaded boot cache 0.08s 78MB C:/Users/Miguel/AppData/Local/UnrealEngine/4.18/DerivedDataCache/Boot.ddc.
[2018.04.01-14.15.00:944][  0]LogDerivedDataCache: Display: Loaded Boot cache: C:/Users/Miguel/AppData/Local/UnrealEngine/4.18/DerivedDataCache/Boot.ddc
[2018.04.01-14.15.00:945][  0]LogDerivedDataCache: FDerivedDataBackendGraph:  Pak pak cache file ../../../../../../Users/Miguel/Documents/GitHub/MasterUnreal/projectUnreal/DerivedDataCache/DDC.ddp not found, will not use a pak cache.
[2018.04.01-14.15.00:945][  0]LogDerivedDataCache: Unable to find inner node Pak for hierarchical cache Hierarchy.
[2018.04.01-14.15.00:945][  0]LogDerivedDataCache: FDerivedDataBackendGraph:  CompressedPak pak cache file ../../../../../../Users/Miguel/Documents/GitHub/MasterUnreal/projectUnreal/DerivedDataCache/Compressed.ddp not found, will not use a pak cache.
[2018.04.01-14.15.00:945][  0]LogDerivedDataCache: Unable to find inner node CompressedPak for hierarchical cache Hierarchy.
[2018.04.01-14.15.00:971][  0]LogDerivedDataCache: Display: Pak cache opened for reading ../../../Engine/DerivedDataCache/Compressed.ddp.
[2018.04.01-14.15.00:987][  0]LogDerivedDataCache: Using Local data cache path C:/Users/Miguel/AppData/Local/UnrealEngine/Common/DerivedDataCache: Writable
[2018.04.01-14.15.00:998][  0]LogMaterial: Verifying Global Shaders for PCD3D_SM5
[2018.04.01-14.15.00:998][  0]LogSlate: Using Freetype 2.6.0
[2018.04.01-14.15.00:999][  0]LogSlate: SlateFontCache - WITH_FREETYPE: 1, WITH_HARFBUZZ: 1
[2018.04.01-14.15.00:999][  0]LogSlate: SlateFontCache - WITH_FREETYPE: 1, WITH_HARFBUZZ: 1
[2018.04.01-14.15.01:413][  0]LogInit: Selected Device Profile: [Windows]
[2018.04.01-14.15.01:814][  0]LogSimplygon: Simplygon DLL not present - disabling.
[2018.04.01-14.15.01:867][  0]LogMeshReduction: Using SimplygonSwarm for distributed automatic mesh merging
[2018.04.01-14.15.01:867][  0]LogMeshReduction: Using QuadricMeshReduction for automatic static mesh reduction
[2018.04.01-14.15.01:867][  0]LogMeshReduction: No automatic skeletal mesh reduction module available
[2018.04.01-14.15.01:867][  0]LogMeshReduction: No automatic mesh merging module available
[2018.04.01-14.15.01:867][  0]LogMeshMerging: No automatic mesh merging module available
[2018.04.01-14.15.01:906][  0]LogNetVersion: projectUnreal , NetCL: 3709383, EngineNetVer: 2, GameNetVer: 0 (Checksum: 476494951)
[2018.04.01-14.15.02:093][  0]LogAssetRegistry: FAssetRegistry took 0.0262 seconds to start up
[2018.04.01-14.15.02:657][  0]LogPackageLocalizationCache: Processed 7 localized package path(s) for 1 prioritized culture(s) in 0.051388 seconds
[2018.04.01-14.15.02:662][  0]LogUObjectArray: 35877 objects as part of root set at end of initial load.
[2018.04.01-14.15.02:662][  0]LogUObjectAllocator: 7577632 out of 0 bytes used by permanent object pool.
[2018.04.01-14.15.02:662][  0]LogUObjectArray: CloseDisregardForGC: 0/0 objects in disregard for GC pool
[2018.04.01-14.15.05:946][  0]LogTcpMessaging: Initializing TcpMessaging bridge
[2018.04.01-14.15.06:001][  0]LogUdpMessaging: Initializing bridge on interface 0.0.0.0:0 to multicast group 230.0.0.1:6666.
[2018.04.01-14.15.06:900][  0]LogMaterial: Uniform references updated for custom material expression Custom.
[2018.04.01-14.15.07:457][  0]SourceControl: Source control is disabled
[2018.04.01-14.15.07:457][  0]SourceControl: Source control is disabled
[2018.04.01-14.15.07:531][  0]SourceControl: Source control is disabled
[2018.04.01-14.15.07:605][  0]SourceControl: Source control is disabled
[2018.04.01-14.15.08:665][  0]LogAndroidPermission: UAndroidPermissionCallbackProxy::GetInstance
[2018.04.01-14.15.09:112][  0]LogOcInput: OculusInput pre-init called
[2018.04.01-14.15.09:584][  0]LogEngine: Initializing Engine...
[2018.04.01-14.15.09:587][  0]LogHMD: Failed to initialize OpenVR with code 110
[2018.04.01-14.15.09:794][  0]LogStats: UGameplayTagsManager::ConstructGameplayTagTree: Construct from data asset -  0.000 s
[2018.04.01-14.15.09:794][  0]LogStats: UGameplayTagsManager::ConstructGameplayTagTree: GameplayTagTreeChangedEvent.Broadcast -  0.000 s
[2018.04.01-14.15.09:961][  0]LogAIModule: Creating AISystem for world Untitled
[2018.04.01-14.15.09:969][  0]LogInit: XAudio2 using 'Altavoces (Realtek High Definition Audio)' : 2 channels at 48 kHz using 32 bits per sample (channel mask 0x3)
[2018.04.01-14.15.10:009][  0]LogInit: FAudioDevice initialized.
[2018.04.01-14.15.10:164][  0]LogDerivedDataCache: Saved boot cache 0.15s 78MB C:/Users/Miguel/AppData/Local/UnrealEngine/4.18/DerivedDataCache/Boot.ddc.
[2018.04.01-14.15.10:173][  0]LogInit: Texture streaming: Enabled
[2018.04.01-14.15.10:290][  0]LogEngineSessionManager: EngineSessionManager initialized
[2018.04.01-14.15.10:472][  0]LogInit: Transaction tracking system initialized
[2018.04.01-14.15.10:897][  0]BlueprintLog: New page: Editor Load
[2018.04.01-14.15.12:218][  0]LocalizationService: Localization service is disabled
[2018.04.01-14.15.13:325][  0]LogConsoleResponse: Display: 
[2018.04.01-14.15.13:545][  0]LogCook: Display: Max memory allowance for cook 16384mb min free memory 0mb
[2018.04.01-14.15.13:545][  0]LogCook: Display: Mobile HDR setting 1
[2018.04.01-14.15.13:545][  0]LogGameplayTags: Display: UGameplayTagsManager::DoneAddingNativeTags. DelegateIsBound: 0
[2018.04.01-14.15.14:097][  0]LogFileCache: Scanning file cache for directory 'C:/Users/Miguel/Documents/GitHub/MasterUnreal/projectUnreal/Content/' took 0.02s
[2018.04.01-14.15.15:388][  0]SourceControl: Source control is disabled
[2018.04.01-14.15.15:389][  0]Cmd: MAP LOAD FILE="../../../../../../Users/Miguel/Documents/GitHub/MasterUnreal/projectUnreal/Content/ThirdPersonBP/Maps/MenuPrincipal.umap" TEMPLATE=0 SHOWPROGRESS=1 FEATURELEVEL=3
[2018.04.01-14.15.15:389][  0]LightingResults: New page: Lighting Build
[2018.04.01-14.15.15:452][  0]MapCheck: New page: Map Check
[2018.04.01-14.15.15:452][  0]LightingResults: New page: Lighting Build
[2018.04.01-14.15.15:805][  0]LogAIModule: Creating AISystem for world MenuPrincipal
[2018.04.01-14.15.15:807][  0]LogEditorServer: Finished looking for orphan Actors (0.000 secs)
[2018.04.01-14.15.15:819][  0]Cmd: MAP CHECKDEP NOCLEARLOG
[2018.04.01-14.15.15:915][  0]MapCheck: Map check complete: 0 Error(s), 0 Warning(s), took 96.559ms to complete.
[2018.04.01-14.15.15:915][  0]LogFileHelpers: Loading map 'MenuPrincipal' took 0.527
[2018.04.01-14.15.16:085][  0]LogCollectionManager: Loaded 0 collections in 0.002657 seconds
[2018.04.01-14.15.16:184][  0]LogFileCache: Scanning file cache for directory 'C:/Users/Miguel/Documents/GitHub/MasterUnreal/projectUnreal/Saved/Collections/' took 0.01s
[2018.04.01-14.15.16:184][  0]LogFileCache: Scanning file cache for directory 'C:/Users/Miguel/Documents/GitHub/MasterUnreal/projectUnreal/Content/Developers/Miguel/Collections/' took 0.01s
[2018.04.01-14.15.16:184][  0]LogFileCache: Scanning file cache for directory 'C:/Users/Miguel/Documents/GitHub/MasterUnreal/projectUnreal/Content/Collections/' took 0.01s
[2018.04.01-14.15.16:184][  0]LogCollectionManager: Rebuilt the GUID cache for 0 collections in 0.000000 seconds
[2018.04.01-14.15.16:192][  0]LogContentBrowser: Native class hierarchy populated in 0.0082 seconds. Added 2365 classes and 522 folders.
[2018.04.01-14.15.16:284][  0]LogContentBrowser: Native class hierarchy updated for 'WidgetCarousel' in 0.0003 seconds. Added 0 classes and 0 folders.
[2018.04.01-14.15.16:361][  0]LogContentBrowser: Native class hierarchy updated for 'AddContentDialog' in 0.0002 seconds. Added 0 classes and 0 folders.
[2018.04.01-14.15.16:422][  0]LogContentBrowser: Native class hierarchy updated for 'SceneOutliner' in 0.0003 seconds. Added 1 classes and 2 folders.
[2018.04.01-14.15.16:507][  0]LogSlate: Took 0.000453 seconds to synchronously load lazily loaded font '../../../Engine/Content/Slate/Fonts/Roboto-Regular.ttf' (155K)
[2018.04.01-14.15.16:509][  0]LogSlate: Took 0.000319 seconds to synchronously load lazily loaded font '../../../Engine/Content/Slate/Fonts/Roboto-Bold.ttf' (160K)
[2018.04.01-14.15.16:517][  0]LogSlate: Took 0.000274 seconds to synchronously load lazily loaded font '../../../Engine/Content/Editor/Slate/Fonts/FontAwesome.ttf' (139K)
[2018.04.01-14.15.16:622][  0]LogRenderer: Reallocating scene render targets to support 1124x576 Format 10 NumSamples 1 (Frame:1).
[2018.04.01-14.15.16:791][  0]LogContentBrowser: Native class hierarchy updated for 'HierarchicalLODOutliner' in 0.0003 seconds. Added 1 classes and 2 folders.
[2018.04.01-14.15.16:791][  0]LogLoad: (Engine Initialization) Total time: 24.35 seconds
[2018.04.01-14.15.16:791][  0]LogLoad: (Engine Initialization) Total Blueprint compile time: 0.00 seconds
[2018.04.01-14.15.16:791][  0]LogExternalProfiler: Found external profiler: VSPerf
[2018.04.01-14.15.16:791][  0]LogExternalProfiler: Using external profiler: VSPerf
[2018.04.01-14.15.17:150][  0]LogContentStreaming: Texture pool size now 1000 MB
[2018.04.01-14.15.17:193][  0]LogSlate: Took 0.000274 seconds to synchronously load lazily loaded font '../../../Engine/Content/Slate/Fonts/Roboto-Light.ttf' (159K)
[2018.04.01-14.15.17:481][  1]LogAssetRegistry: Asset discovery search completed in 15.4098 seconds
[2018.04.01-14.15.17:483][  1]LogCollectionManager: Rebuilt the object cache for 0 collections in 0.000000 seconds (found 0 objects)
[2018.04.01-14.15.17:483][  1]LogCollectionManager: Fixed up redirectors for 0 collections in 0.000051 seconds (updated 0 objects)
[2018.04.01-14.15.18:134][  3]LogSlate: Took 0.000390 seconds to synchronously load lazily loaded font '../../../Engine/Content/Slate/Fonts/Roboto-Light.ttf' (159K)
[2018.04.01-14.15.59:407][350]LogSlate: Took 0.000194 seconds to synchronously load lazily loaded font '../../../Engine/Content/Slate/Fonts/Roboto-Light.ttf' (159K)
[2018.04.01-14.15.59:718][350]LogContentBrowser: Native class hierarchy updated for 'BlueprintGraph' in 0.0006 seconds. Added 116 classes and 0 folders.
[2018.04.01-14.16.02:681][350]LogLinker: Warning: Can't resolve asset name
[2018.04.01-14.16.02:693][350]LogSlate: Took 0.000223 seconds to synchronously load lazily loaded font '../../../Engine/Content/Editor/Slate/Fonts/Roboto-BoldCondensed.ttf' (158K)
[2018.04.01-14.16.05:555][599]LogConsoleManager: Warning: Performance warning: Console object named 'r.DebugSafeZone.Mode' shows many (500) FindConsoleObject() calls (consider caching e.g. using static)
[2018.04.01-14.16.07:210][732]LogSlate: Took 0.000225 seconds to synchronously load lazily loaded font '../../../Engine/Content/Editor/Slate/Fonts/Roboto-Italic.ttf' (157K)
[2018.04.01-14.17.51:701][422]BlueprintLog: New page: Compile ThirdPersonCharacter
[2018.04.01-14.17.52:804][459]LogSavePackage: Save=125.43ms
[2018.04.01-14.17.52:804][459]LogSavePackage: Moving '../../../../../../Users/Miguel/Documents/GitHub/MasterUnreal/projectUnreal/Saved/ThirdPersonCharacter7D8316F44F03437C579B5AAAB2370F6A.tmp' to '../../../../../../Users/Miguel/Documents/GitHub/MasterUnreal/projectUnreal/Content/ThirdPersonBP/Blueprints/ThirdPersonCharacter.uasset'
[2018.04.01-14.17.52:811][459]LogSavePackage: Display: Finished SavePackage ../../../../../../Users/Miguel/Documents/GitHub/MasterUnreal/projectUnreal/Content/ThirdPersonBP/Blueprints/ThirdPersonCharacter.uasset
[2018.04.01-14.17.55:862][694]LogRenderer: Reallocating scene render targets to support 1144x712 Format 10 NumSamples 1 (Frame:1).
[2018.04.01-14.18.30:473][988]LogTemp: Repeating last play command: New Editor Window (PIE)
[2018.04.01-14.18.30:546][988]LogBlueprintUserMessages: Early PlayInEditor Detection: Level '/Game/ThirdPersonBP/Maps/MenuPrincipal.MenuPrincipal:PersistentLevel' has LevelScriptBlueprint '/Game/ThirdPersonBP/Maps/MenuPrincipal.MenuPrincipal:PersistentLevel.MenuPrincipal' with GeneratedClass '/Game/ThirdPersonBP/Maps/MenuPrincipal.MenuPrincipal_C' with ClassGeneratedBy '/Game/ThirdPersonBP/Maps/MenuPrincipal.MenuPrincipal:PersistentLevel.MenuPrincipal'
[2018.04.01-14.18.30:547][988]LogPlayLevel: PlayLevel: No blueprints needed recompiling
[2018.04.01-14.18.30:547][988]LogOnline: Display: OSS: FOnlineSubsystemNull::Shutdown()
[2018.04.01-14.18.30:547][988]LogOnline: Display: OSS: FOnlineAsyncTaskManager::Stop() ActiveTask:0000000000000000 Tasks[0/0]
[2018.04.01-14.18.30:547][988]LogOnline: Display: OSS: FOnlineAsyncTaskManager::Exit() started
[2018.04.01-14.18.30:547][988]LogOnline: Display: OSS: FOnlineAsyncTaskManager::Exit() finished
[2018.04.01-14.18.30:547][988]LogOnline: Warning: STEAM: Steam API disabled!
[2018.04.01-14.18.30:548][988]LogOnline: Display: STEAM: OnlineSubsystemSteam::Shutdown()
[2018.04.01-14.18.30:560][988]PIE: New page: PIE session: MenuPrincipal (Apr 1, 2018, 6:18:30 PM)
[2018.04.01-14.18.30:561][988]LogPlayLevel: Creating play world package: /Game/ThirdPersonBP/Maps/UEDPIE_1_MenuPrincipal
[2018.04.01-14.18.30:562][988]LogPlayLevel: PIE: StaticDuplicateObject took: (0.001015s)
[2018.04.01-14.18.30:562][988]LogAIModule: Creating AISystem for world MenuPrincipal
[2018.04.01-14.18.30:563][988]LogPlayLevel: PIE: World Init took: (0.000681s)
[2018.04.01-14.18.30:563][988]LogPlayLevel: PIE: Created PIE world by copying editor world from /Game/ThirdPersonBP/Maps/MenuPrincipal.MenuPrincipal to /Game/ThirdPersonBP/Maps/UEDPIE_1_MenuPrincipal.MenuPrincipal (0.001999s)
[2018.04.01-14.18.30:601][988]LogInit: XAudio2 using 'Altavoces (Realtek High Definition Audio)' : 2 channels at 48 kHz using 32 bits per sample (channel mask 0x3)
[2018.04.01-14.18.30:622][988]LogInit: FAudioDevice initialized.
[2018.04.01-14.18.30:682][988]LogLoad: Game class is 'ThirdPersonGameMode_C'
[2018.04.01-14.18.30:685][988]LogWorld: Bringing World /Game/ThirdPersonBP/Maps/UEDPIE_1_MenuPrincipal.MenuPrincipal up for play (max tick rate 0) at 2018.04.01-16.18.30
[2018.04.01-14.18.30:686][988]LogWorld: Bringing up level for play took: 0.001342
[2018.04.01-14.18.30:847][988]LogContentBrowser: Native class hierarchy updated for 'MovieSceneCapture' in 0.0003 seconds. Added 11 classes and 0 folders.
[2018.04.01-14.18.30:849][988]LogTemp: Display: ParseSettings for GameNetDriver
[2018.04.01-14.18.30:849][988]LogTemp: Display: ParseSettings for IpNetDriver_0
[2018.04.01-14.18.30:849][988]LogTemp: Display: ParseSettings for GameNetDriver
[2018.04.01-14.18.30:850][988]LogInit: WinSock: Socket queue 131072 / 131072
[2018.04.01-14.18.30:850][988]LogInit: WinSock: I am Miguel-PC (192.168.1.37:0)
[2018.04.01-14.18.30:850][988]PacketHandlerLog: Loaded PacketHandler component: Engine.EngineHandlerComponentFactory (StatelessConnectHandlerComponent)
[2018.04.01-14.18.30:850][988]LogNet: GameNetDriver IpNetDriver_0 IpNetDriver listening on port 17777
[2018.04.01-14.18.30:855][988]PIE: Play in editor start time for /Game/ThirdPersonBP/Maps/UEDPIE_1_MenuPrincipal 0.425
[2018.04.01-14.18.30:858][988]PIE: New page: PIE session: MenuPrincipal (Apr 1, 2018, 6:18:30 PM)
[2018.04.01-14.18.30:902][988]LogNet: Browse: 127.0.0.1:17777//Game/ThirdPersonBP/Maps/MenuPrincipal
[2018.04.01-14.18.30:902][988]LogTemp: Display: ParseSettings for GameNetDriver
[2018.04.01-14.18.30:902][988]LogTemp: Display: ParseSettings for IpNetDriver_1
[2018.04.01-14.18.30:902][988]LogTemp: Display: ParseSettings for PendingNetDriver
[2018.04.01-14.18.30:902][988]LogInit: WinSock: Socket queue 32768 / 32768
[2018.04.01-14.18.30:903][988]PacketHandlerLog: Loaded PacketHandler component: Engine.EngineHandlerComponentFactory (StatelessConnectHandlerComponent)
[2018.04.01-14.18.30:903][988]LogNet: Game client on port 17777, rate 10000
[2018.04.01-14.18.30:906][988]PIE: Play in editor start time for /Game/ThirdPersonBP/Maps/MenuPrincipal 0.476
[2018.04.01-14.18.30:907][988]PIE: New page: PIE session: MenuPrincipal (Apr 1, 2018, 6:18:30 PM)
[2018.04.01-14.18.30:956][988]LogNet: Browse: 127.0.0.1:17777//Game/ThirdPersonBP/Maps/MenuPrincipal
[2018.04.01-14.18.30:956][988]LogTemp: Display: ParseSettings for GameNetDriver
[2018.04.01-14.18.30:957][988]LogTemp: Display: ParseSettings for IpNetDriver_2
[2018.04.01-14.18.30:957][988]LogTemp: Display: ParseSettings for PendingNetDriver
[2018.04.01-14.18.30:957][988]LogInit: WinSock: Socket queue 32768 / 32768
[2018.04.01-14.18.30:958][988]PacketHandlerLog: Loaded PacketHandler component: Engine.EngineHandlerComponentFactory (StatelessConnectHandlerComponent)
[2018.04.01-14.18.30:959][988]LogNet: Game client on port 17777, rate 10000
[2018.04.01-14.18.30:966][988]PIE: Play in editor start time for /Game/ThirdPersonBP/Maps/MenuPrincipal 0.536
[2018.04.01-14.18.30:971][988]PIE: New page: PIE session: MenuPrincipal (Apr 1, 2018, 6:18:30 PM)
[2018.04.01-14.18.31:032][988]LogNet: Browse: 127.0.0.1:17777//Game/ThirdPersonBP/Maps/MenuPrincipal
[2018.04.01-14.18.31:032][988]LogTemp: Display: ParseSettings for GameNetDriver
[2018.04.01-14.18.31:033][988]LogTemp: Display: ParseSettings for IpNetDriver_3
[2018.04.01-14.18.31:033][988]LogTemp: Display: ParseSettings for PendingNetDriver
[2018.04.01-14.18.31:033][988]LogInit: WinSock: Socket queue 32768 / 32768
[2018.04.01-14.18.31:033][988]PacketHandlerLog: Loaded PacketHandler component: Engine.EngineHandlerComponentFactory (StatelessConnectHandlerComponent)
[2018.04.01-14.18.31:033][988]LogNet: Game client on port 17777, rate 10000
[2018.04.01-14.18.31:039][988]PIE: Play in editor start time for /Game/ThirdPersonBP/Maps/MenuPrincipal 0.609
[2018.04.01-14.18.31:049][988]LogBlueprintUserMessages: Late PlayInEditor Detection: Level '/Game/ThirdPersonBP/Maps/MenuPrincipal.MenuPrincipal:PersistentLevel' has LevelScriptBlueprint '/Game/ThirdPersonBP/Maps/MenuPrincipal.MenuPrincipal:PersistentLevel.MenuPrincipal' with GeneratedClass '/Game/ThirdPersonBP/Maps/MenuPrincipal.MenuPrincipal_C' with ClassGeneratedBy '/Game/ThirdPersonBP/Maps/MenuPrincipal.MenuPrincipal:PersistentLevel.MenuPrincipal'
[2018.04.01-14.18.31:051][988]LogNet: NotifyAcceptingConnection accepted from: 127.0.0.1:56677
[2018.04.01-14.18.31:051][988]LogHandshake: SendConnectChallenge. Timestamp: 0.008334, Cookie: 247154057229050197033216091057171206208082002172005224228194
[2018.04.01-14.18.31:051][988]LogNet: NotifyAcceptingConnection accepted from: 127.0.0.1:56678
[2018.04.01-14.18.31:051][988]LogHandshake: SendConnectChallenge. Timestamp: 0.008334, Cookie: 189091255182106216196055027012148015084003254144027054217006
[2018.04.01-14.18.31:051][988]LogNet: NotifyAcceptingConnection accepted from: 127.0.0.1:56679
[2018.04.01-14.18.31:051][988]LogHandshake: SendConnectChallenge. Timestamp: 0.008334, Cookie: 047196195139127228055038242241027185000184137178093236232220
[2018.04.01-14.18.31:093][988]LogHandshake: SendChallengeResponse. Timestamp: 0.008334, Cookie: 247154057229050197033216091057171206208082002172005224228194
[2018.04.01-14.18.31:094][988]LogHandshake: SendChallengeResponse. Timestamp: 0.008334, Cookie: 189091255182106216196055027012148015084003254144027054217006
[2018.04.01-14.18.31:094][988]LogHandshake: SendChallengeResponse. Timestamp: 0.008334, Cookie: 047196195139127228055038242241027185000184137178093236232220
[2018.04.01-14.18.31:117][988]LogRenderer: Reallocating scene render targets to support 1292x756 Format 10 NumSamples 1 (Frame:1).
[2018.04.01-14.18.31:261][989]LogNet: NotifyAcceptingConnection accepted from: 127.0.0.1:56677
[2018.04.01-14.18.31:261][989]LogHandshake: SendChallengeAck. InCookie: 247154057229050197033216091057171206208082002172005224228194
[2018.04.01-14.18.31:261][989]LogNet: Server accepting post-challenge connection from: 127.0.0.1:56677
[2018.04.01-14.18.31:261][989]PacketHandlerLog: Loaded PacketHandler component: Engine.EngineHandlerComponentFactory (StatelessConnectHandlerComponent)
[2018.04.01-14.18.31:261][989]LogNet: NotifyAcceptedConnection: Name: MenuPrincipal, TimeStamp: 04/01/18 16:18:31, [UNetConnection] RemoteAddr: 127.0.0.1:56677, Name: IpConnection_3, Driver: GameNetDriver IpNetDriver_0, IsServer: YES, PC: NULL, Owner: NULL
[2018.04.01-14.18.31:261][989]LogNet: AddClientConnection: Added client connection: [UNetConnection] RemoteAddr: 127.0.0.1:56677, Name: IpConnection_3, Driver: GameNetDriver IpNetDriver_0, IsServer: YES, PC: NULL, Owner: NULL
[2018.04.01-14.18.31:262][989]LogNet: NotifyAcceptingConnection accepted from: 127.0.0.1:56678
[2018.04.01-14.18.31:262][989]LogHandshake: SendChallengeAck. InCookie: 189091255182106216196055027012148015084003254144027054217006
[2018.04.01-14.18.31:262][989]LogNet: Server accepting post-challenge connection from: 127.0.0.1:56678
[2018.04.01-14.18.31:262][989]PacketHandlerLog: Loaded PacketHandler component: Engine.EngineHandlerComponentFactory (StatelessConnectHandlerComponent)
[2018.04.01-14.18.31:262][989]LogNet: NotifyAcceptedConnection: Name: MenuPrincipal, TimeStamp: 04/01/18 16:18:31, [UNetConnection] RemoteAddr: 127.0.0.1:56678, Name: IpConnection_4, Driver: GameNetDriver IpNetDriver_0, IsServer: YES, PC: NULL, Owner: NULL
[2018.04.01-14.18.31:262][989]LogNet: AddClientConnection: Added client connection: [UNetConnection] RemoteAddr: 127.0.0.1:56678, Name: IpConnection_4, Driver: GameNetDriver IpNetDriver_0, IsServer: YES, PC: NULL, Owner: NULL
[2018.04.01-14.18.31:262][989]LogNet: NotifyAcceptingConnection accepted from: 127.0.0.1:56679
[2018.04.01-14.18.31:262][989]LogHandshake: SendChallengeAck. InCookie: 047196195139127228055038242241027185000184137178093236232220
[2018.04.01-14.18.31:262][989]LogNet: Server accepting post-challenge connection from: 127.0.0.1:56679
[2018.04.01-14.18.31:262][989]PacketHandlerLog: Loaded PacketHandler component: Engine.EngineHandlerComponentFactory (StatelessConnectHandlerComponent)
[2018.04.01-14.18.31:262][989]LogNet: NotifyAcceptedConnection: Name: MenuPrincipal, TimeStamp: 04/01/18 16:18:31, [UNetConnection] RemoteAddr: 127.0.0.1:56679, Name: IpConnection_5, Driver: GameNetDriver IpNetDriver_0, IsServer: YES, PC: NULL, Owner: NULL
[2018.04.01-14.18.31:262][989]LogNet: AddClientConnection: Added client connection: [UNetConnection] RemoteAddr: 127.0.0.1:56679, Name: IpConnection_5, Driver: GameNetDriver IpNetDriver_0, IsServer: YES, PC: NULL, Owner: NULL
[2018.04.01-14.18.31:263][989]LogNetVersion: projectUnreal 1.0.0.0, NetCL: 3709383, EngineNetVer: 2, GameNetVer: 0 (Checksum: 766569744)
[2018.04.01-14.18.31:263][989]LogNet: UPendingNetGame::SendInitialJoin: Sending hello. [UNetConnection] RemoteAddr: 127.0.0.1:17777, Name: IpConnection_0, Driver: PendingNetDriver IpNetDriver_1, IsServer: NO, PC: NULL, Owner: NULL
[2018.04.01-14.18.31:263][989]LogNet: UPendingNetGame::SendInitialJoin: Sending hello. [UNetConnection] RemoteAddr: 127.0.0.1:17777, Name: IpConnection_1, Driver: PendingNetDriver IpNetDriver_2, IsServer: NO, PC: NULL, Owner: NULL
[2018.04.01-14.18.31:263][989]LogNet: UPendingNetGame::SendInitialJoin: Sending hello. [UNetConnection] RemoteAddr: 127.0.0.1:17777, Name: IpConnection_2, Driver: PendingNetDriver IpNetDriver_3, IsServer: NO, PC: NULL, Owner: NULL
[2018.04.01-14.18.31:282][990]LogNet: NotifyAcceptingChannel Control 0 server World /Game/ThirdPersonBP/Maps/UEDPIE_1_MenuPrincipal.MenuPrincipal: Accepted
[2018.04.01-14.18.31:282][990]LogNet: Remote platform little endian=1
[2018.04.01-14.18.31:282][990]LogNet: This platform little endian=1
[2018.04.01-14.18.31:282][990]LogNet: NotifyAcceptingChannel Control 0 server World /Game/ThirdPersonBP/Maps/UEDPIE_1_MenuPrincipal.MenuPrincipal: Accepted
[2018.04.01-14.18.31:282][990]LogNet: Remote platform little endian=1
[2018.04.01-14.18.31:282][990]LogNet: This platform little endian=1
[2018.04.01-14.18.31:282][990]LogNet: NotifyAcceptingChannel Control 0 server World /Game/ThirdPersonBP/Maps/UEDPIE_1_MenuPrincipal.MenuPrincipal: Accepted
[2018.04.01-14.18.31:282][990]LogNet: Remote platform little endian=1
[2018.04.01-14.18.31:282][990]LogNet: This platform little endian=1
[2018.04.01-14.18.31:329][991]LogNet: Login request: /Game/ThirdPersonBP/Maps/MenuPrincipal?Name=Miguel-PC-2BEC1DD342FC4B4245C26593A1464877 userId: Miguel-PC-2BEC1DD342FC4B4245C26593A1464877
[2018.04.01-14.18.31:329][991]LogNet: Login request: /Game/ThirdPersonBP/Maps/MenuPrincipal?Name=Miguel-PC-991FB7D145BC16A9615DB982DB38BCE6 userId: Miguel-PC-991FB7D145BC16A9615DB982DB38BCE6
[2018.04.01-14.18.31:329][991]LogNet: Login request: /Game/ThirdPersonBP/Maps/MenuPrincipal?Name=Miguel-PC-9230319C42F1FA0CE0EB53BD44876ED1 userId: Miguel-PC-9230319C42F1FA0CE0EB53BD44876ED1
[2018.04.01-14.18.31:329][991]LogNet: Welcomed by server (Level: /Game/ThirdPersonBP/Maps/UEDPIE_1_MenuPrincipal, Game: /Game/ThirdPersonBP/Blueprints/ThirdPersonGameMode.ThirdPersonGameMode_C)
[2018.04.01-14.18.31:334][991]LogLoad: LoadMap: 127.0.0.1:17777//Game/ThirdPersonBP/Maps/UEDPIE_1_MenuPrincipal?game=/Game/ThirdPersonBP/Blueprints/ThirdPersonGameMode.ThirdPersonGameMode_C
[2018.04.01-14.18.31:363][991]LogAIModule: Creating AISystem for world MenuPrincipal
[2018.04.01-14.18.31:363][991]LogTemp: Display: ParseSettings for GameNetDriver
[2018.04.01-14.18.31:364][991]LogWorld: Bringing World /Game/ThirdPersonBP/Maps/UEDPIE_2_MenuPrincipal.MenuPrincipal up for play (max tick rate 0) at 2018.04.01-16.18.31
[2018.04.01-14.18.31:365][991]LogWorld: Bringing up level for play took: 0.000286
[2018.04.01-14.18.31:365][991]LogLoad: Took 0.030941 seconds to LoadMap(/Game/ThirdPersonBP/Maps/UEDPIE_1_MenuPrincipal)
[2018.04.01-14.18.31:365][991]LogNet: Welcomed by server (Level: /Game/ThirdPersonBP/Maps/UEDPIE_1_MenuPrincipal, Game: /Game/ThirdPersonBP/Blueprints/ThirdPersonGameMode.ThirdPersonGameMode_C)
[2018.04.01-14.18.31:365][991]LogLoad: LoadMap: 127.0.0.1:17777//Game/ThirdPersonBP/Maps/UEDPIE_1_MenuPrincipal?game=/Game/ThirdPersonBP/Blueprints/ThirdPersonGameMode.ThirdPersonGameMode_C
[2018.04.01-14.18.31:395][991]LogAIModule: Creating AISystem for world MenuPrincipal
[2018.04.01-14.18.31:395][991]LogTemp: Display: ParseSettings for GameNetDriver
[2018.04.01-14.18.31:396][991]LogWorld: Bringing World /Game/ThirdPersonBP/Maps/UEDPIE_3_MenuPrincipal.MenuPrincipal up for play (max tick rate 0) at 2018.04.01-16.18.31
[2018.04.01-14.18.31:396][991]LogWorld: Bringing up level for play took: 0.000390
[2018.04.01-14.18.31:397][991]LogLoad: Took 0.031432 seconds to LoadMap(/Game/ThirdPersonBP/Maps/UEDPIE_1_MenuPrincipal)
[2018.04.01-14.18.31:397][991]LogNet: Welcomed by server (Level: /Game/ThirdPersonBP/Maps/UEDPIE_1_MenuPrincipal, Game: /Game/ThirdPersonBP/Blueprints/ThirdPersonGameMode.ThirdPersonGameMode_C)
[2018.04.01-14.18.31:397][991]LogLoad: LoadMap: 127.0.0.1:17777//Game/ThirdPersonBP/Maps/UEDPIE_1_MenuPrincipal?game=/Game/ThirdPersonBP/Blueprints/ThirdPersonGameMode.ThirdPersonGameMode_C
[2018.04.01-14.18.31:427][991]LogAIModule: Creating AISystem for world MenuPrincipal
[2018.04.01-14.18.31:427][991]LogTemp: Display: ParseSettings for GameNetDriver
[2018.04.01-14.18.31:428][991]LogWorld: Bringing World /Game/ThirdPersonBP/Maps/UEDPIE_4_MenuPrincipal.MenuPrincipal up for play (max tick rate 0) at 2018.04.01-16.18.31
[2018.04.01-14.18.31:428][991]LogWorld: Bringing up level for play took: 0.000416
[2018.04.01-14.18.31:428][991]LogLoad: Took 0.031474 seconds to LoadMap(/Game/ThirdPersonBP/Maps/UEDPIE_1_MenuPrincipal)
[2018.04.01-14.18.31:448][992]LogNet: Client netspeed is 10000
[2018.04.01-14.18.31:448][992]LogNet: Join request: /Game/ThirdPersonBP/Maps/MenuPrincipal?Name=Miguel-PC-2BEC1DD342FC4B4245C26593A1464877?SplitscreenCount=1
[2018.04.01-14.18.31:448][992]LogOnline: Warning: OSS: No game present to join for session (GameSession)
[2018.04.01-14.18.31:448][992]LogGameMode: FindPlayerStart: PATHS NOT DEFINED or NO PLAYERSTART with positive rating
[2018.04.01-14.18.31:451][992]LogNet: Join succeeded: Miguel-PC-2BEC1DD342
[2018.04.01-14.18.31:451][992]LogNet: Client netspeed is 10000
[2018.04.01-14.18.31:451][992]LogNet: Join request: /Game/ThirdPersonBP/Maps/MenuPrincipal?Name=Miguel-PC-991FB7D145BC16A9615DB982DB38BCE6?SplitscreenCount=1
[2018.04.01-14.18.31:451][992]LogOnline: Warning: OSS: No game present to join for session (GameSession)
[2018.04.01-14.18.31:451][992]LogGameMode: FindPlayerStart: PATHS NOT DEFINED or NO PLAYERSTART with positive rating
[2018.04.01-14.18.31:453][992]LogNet: Join succeeded: Miguel-PC-991FB7D145
[2018.04.01-14.18.31:453][992]LogNet: Client netspeed is 10000
[2018.04.01-14.18.31:453][992]LogNet: Join request: /Game/ThirdPersonBP/Maps/MenuPrincipal?Name=Miguel-PC-9230319C42F1FA0CE0EB53BD44876ED1?SplitscreenCount=1
[2018.04.01-14.18.31:453][992]LogOnline: Warning: OSS: No game present to join for session (GameSession)
[2018.04.01-14.18.31:453][992]LogGameMode: FindPlayerStart: PATHS NOT DEFINED or NO PLAYERSTART with positive rating
[2018.04.01-14.18.31:455][992]LogNet: Join succeeded: Miguel-PC-9230319C42
[2018.04.01-14.18.31:490][993]LogOnline: Warning: OSS: No game present to join for session (GameSession)
[2018.04.01-14.18.31:497][993]LogOnline: Warning: OSS: No game present to join for session (GameSession)
[2018.04.01-14.18.31:519][994]LogOnline: Warning: OSS: No game present to join for session (GameSession)
[2018.04.01-14.18.31:520][994]LogOnline: Warning: OSS: No game present to join for session (GameSession)
[2018.04.01-14.18.31:521][994]LogOnline: Warning: OSS: No game present to join for session (GameSession)
[2018.04.01-14.18.31:539][995]LogOnline: Warning: OSS: No game present to join for session (GameSession)
[2018.04.01-14.18.31:539][995]LogOnline: Warning: OSS: No game present to join for session (GameSession)
[2018.04.01-14.18.31:540][995]LogOnline: Warning: OSS: No game present to join for session (GameSession)
[2018.04.01-14.18.31:541][995]LogOnline: Warning: OSS: No game present to join for session (GameSession)
[2018.04.01-14.18.31:541][995]LogOnline: Warning: OSS: No game present to join for session (GameSession)
[2018.04.01-14.18.31:542][995]LogOnline: Warning: OSS: No game present to join for session (GameSession)
[2018.04.01-14.18.31:542][995]LogOnline: Warning: OSS: No game present to join for session (GameSession)
[2018.04.01-14.18.33:825][ 86]LogBlueprintUserMessages: [GIPrincipal_C_0] Server: Exito Crear Session
[2018.04.01-14.18.33:828][ 86]LogNet: Browse: /Game/ThirdPersonBP/Maps/Lobby?listen
[2018.04.01-14.18.33:849][ 86]LogLoad: LoadMap: /Game/ThirdPersonBP/Maps/Lobby?listen
[2018.04.01-14.18.33:849][ 86]LogNet: World NetDriver shutdown IpNetDriver_0 [GameNetDriver]
[2018.04.01-14.18.33:849][ 86]LogNet: DestroyNamedNetDriver IpNetDriver_0 [GameNetDriver]
[2018.04.01-14.18.33:849][ 86]LogNet: UNetConnection::Cleanup: Closing open connection. [UNetConnection] RemoteAddr: 127.0.0.1:56679, Name: IpConnection_5, Driver: GameNetDriver IpNetDriver_0, IsServer: YES, PC: ThirdPersonController_C_3, Owner: ThirdPersonController_C_3
[2018.04.01-14.18.33:849][ 86]LogNet: UNetConnection::Close: [UNetConnection] RemoteAddr: 127.0.0.1:56679, Name: IpConnection_5, Driver: GameNetDriver IpNetDriver_0, IsServer: YES, PC: ThirdPersonController_C_3, Owner: ThirdPersonController_C_3, Channels: 13, Time: 2018.04.01-14.18.33
[2018.04.01-14.18.33:849][ 86]LogNet: UChannel::Close: Sending CloseBunch. ChIndex == 0. Name: [UChannel] ChIndex: 0, Closing: 0 [UNetConnection] RemoteAddr: 127.0.0.1:56679, Name: IpConnection_5, Driver: GameNetDriver IpNetDriver_0, IsServer: YES, PC: ThirdPersonController_C_3, Owner: ThirdPersonController_C_3
[2018.04.01-14.18.33:850][ 86]LogNet: UNetConnection::Cleanup: Closing open connection. [UNetConnection] RemoteAddr: 127.0.0.1:56678, Name: IpConnection_4, Driver: GameNetDriver IpNetDriver_0, IsServer: YES, PC: ThirdPersonController_C_2, Owner: ThirdPersonController_C_2
[2018.04.01-14.18.33:850][ 86]LogNet: UNetConnection::Close: [UNetConnection] RemoteAddr: 127.0.0.1:56678, Name: IpConnection_4, Driver: GameNetDriver IpNetDriver_0, IsServer: YES, PC: ThirdPersonController_C_2, Owner: ThirdPersonController_C_2, Channels: 13, Time: 2018.04.01-14.18.33
[2018.04.01-14.18.33:850][ 86]LogNet: UChannel::Close: Sending CloseBunch. ChIndex == 0. Name: [UChannel] ChIndex: 0, Closing: 0 [UNetConnection] RemoteAddr: 127.0.0.1:56678, Name: IpConnection_4, Driver: GameNetDriver IpNetDriver_0, IsServer: YES, PC: ThirdPersonController_C_2, Owner: ThirdPersonController_C_2
[2018.04.01-14.18.33:850][ 86]LogNet: UNetConnection::Cleanup: Closing open connection. [UNetConnection] RemoteAddr: 127.0.0.1:56677, Name: IpConnection_3, Driver: GameNetDriver IpNetDriver_0, IsServer: YES, PC: ThirdPersonController_C_1, Owner: ThirdPersonController_C_1
[2018.04.01-14.18.33:850][ 86]LogNet: UNetConnection::Close: [UNetConnection] RemoteAddr: 127.0.0.1:56677, Name: IpConnection_3, Driver: GameNetDriver IpNetDriver_0, IsServer: YES, PC: ThirdPersonController_C_1, Owner: ThirdPersonController_C_1, Channels: 13, Time: 2018.04.01-14.18.33
[2018.04.01-14.18.33:850][ 86]LogNet: UChannel::Close: Sending CloseBunch. ChIndex == 0. Name: [UChannel] ChIndex: 0, Closing: 0 [UNetConnection] RemoteAddr: 127.0.0.1:56677, Name: IpConnection_3, Driver: GameNetDriver IpNetDriver_0, IsServer: YES, PC: ThirdPersonController_C_1, Owner: ThirdPersonController_C_1
[2018.04.01-14.18.33:851][ 86]LogExit: GameNetDriver IpNetDriver_0 shut down
[2018.04.01-14.18.34:161][ 86]LogAIModule: Creating AISystem for world Lobby
[2018.04.01-14.18.34:161][ 86]LogLoad: Game class is 'ThirdPersonGameMode_C'
[2018.04.01-14.18.34:161][ 86]LogTemp: Display: ParseSettings for GameNetDriver
[2018.04.01-14.18.34:161][ 86]LogTemp: Display: ParseSettings for IpNetDriver_4
[2018.04.01-14.18.34:161][ 86]LogTemp: Display: ParseSettings for GameNetDriver
[2018.04.01-14.18.34:162][ 86]LogInit: WinSock: Socket queue 131072 / 131072
[2018.04.01-14.18.34:162][ 86]PacketHandlerLog: Loaded PacketHandler component: Engine.EngineHandlerComponentFactory (StatelessConnectHandlerComponent)
[2018.04.01-14.18.34:162][ 86]LogNet: GameNetDriver IpNetDriver_4 IpNetDriver listening on port 7777
[2018.04.01-14.18.34:163][ 86]LogWorld: Bringing World /Game/ThirdPersonBP/Maps/UEDPIE_1_Lobby.Lobby up for play (max tick rate 0) at 2018.04.01-16.18.34
[2018.04.01-14.18.34:163][ 86]LogWorld: Bringing up level for play took: 0.000626
[2018.04.01-14.18.34:163][ 86]LogGameMode: FindPlayerStart: PATHS NOT DEFINED or NO PLAYERSTART with positive rating
[2018.04.01-14.18.34:166][ 86]LogLoad: Took 0.317193 seconds to LoadMap(/Game/ThirdPersonBP/Maps/Lobby)
[2018.04.01-14.18.34:166][ 86]LogNet: Warning: Network Failure: GameNetDriver[FailureReceived]: Host closed the connection.
[2018.04.01-14.18.34:166][ 86]LogNet: Warning: Network Failure: GameNetDriver[FailureReceived]: Host closed the connection.
[2018.04.01-14.18.34:166][ 86]LogNet: Warning: Network Failure: GameNetDriver[FailureReceived]: Host closed the connection.
[2018.04.01-14.18.34:166][ 86]LogNet: Warning: Network Failure: GameNetDriver[FailureReceived]: Host closed the connection.
[2018.04.01-14.18.34:166][ 86]LogNet: NetworkFailure: FailureReceived, Error: 'Host closed the connection.'
[2018.04.01-14.18.34:166][ 86]LogNet: UNetConnection::Close: [UNetConnection] RemoteAddr: 127.0.0.1:17777, Name: IpConnection_0, Driver: GameNetDriver IpNetDriver_1, IsServer: NO, PC: ThirdPersonController_C_0, Owner: ThirdPersonController_C_0, Channels: 13, Time: 2018.04.01-14.18.34
[2018.04.01-14.18.34:166][ 86]LogNet: UChannel::Close: Sending CloseBunch. ChIndex == 0. Name: [UChannel] ChIndex: 0, Closing: 0 [UNetConnection] RemoteAddr: 127.0.0.1:17777, Name: IpConnection_0, Driver: GameNetDriver IpNetDriver_1, IsServer: NO, PC: ThirdPersonController_C_0, Owner: ThirdPersonController_C_0
[2018.04.01-14.18.34:166][ 86]LogNet: Warning: Network Failure: GameNetDriver[ConnectionLost]: Your connection to the host has been lost.
[2018.04.01-14.18.34:166][ 86]LogNet: Warning: Network Failure: GameNetDriver[ConnectionLost]: Your connection to the host has been lost.
[2018.04.01-14.18.34:166][ 86]LogNet: Warning: Network Failure: GameNetDriver[ConnectionLost]: Your connection to the host has been lost.
[2018.04.01-14.18.34:166][ 86]LogNet: Warning: Network Failure: GameNetDriver[ConnectionLost]: Your connection to the host has been lost.
[2018.04.01-14.18.34:166][ 86]LogNet: NetworkFailure: ConnectionLost, Error: 'Your connection to the host has been lost.'
[2018.04.01-14.18.34:167][ 86]LogNet: Warning: Network Failure: GameNetDriver[FailureReceived]: Host closed the connection.
[2018.04.01-14.18.34:167][ 86]LogNet: Warning: Network Failure: GameNetDriver[FailureReceived]: Host closed the connection.
[2018.04.01-14.18.34:167][ 86]LogNet: Warning: Network Failure: GameNetDriver[FailureReceived]: Host closed the connection.
[2018.04.01-14.18.34:167][ 86]LogNet: Warning: Network Failure: GameNetDriver[FailureReceived]: Host closed the connection.
[2018.04.01-14.18.34:167][ 86]LogNet: NetworkFailure: FailureReceived, Error: 'Host closed the connection.'
[2018.04.01-14.18.34:167][ 86]LogNet: UNetConnection::Close: [UNetConnection] RemoteAddr: 127.0.0.1:17777, Name: IpConnection_1, Driver: GameNetDriver IpNetDriver_2, IsServer: NO, PC: ThirdPersonController_C_0, Owner: ThirdPersonController_C_0, Channels: 13, Time: 2018.04.01-14.18.34
[2018.04.01-14.18.34:167][ 86]LogNet: UChannel::Close: Sending CloseBunch. ChIndex == 0. Name: [UChannel] ChIndex: 0, Closing: 0 [UNetConnection] RemoteAddr: 127.0.0.1:17777, Name: IpConnection_1, Driver: GameNetDriver IpNetDriver_2, IsServer: NO, PC: ThirdPersonController_C_0, Owner: ThirdPersonController_C_0
[2018.04.01-14.18.34:167][ 86]LogNet: Warning: Network Failure: GameNetDriver[ConnectionLost]: Your connection to the host has been lost.
[2018.04.01-14.18.34:167][ 86]LogNet: Warning: Network Failure: GameNetDriver[ConnectionLost]: Your connection to the host has been lost.
[2018.04.01-14.18.34:167][ 86]LogNet: Warning: Network Failure: GameNetDriver[ConnectionLost]: Your connection to the host has been lost.
[2018.04.01-14.18.34:167][ 86]LogNet: Warning: Network Failure: GameNetDriver[ConnectionLost]: Your connection to the host has been lost.
[2018.04.01-14.18.34:167][ 86]LogNet: NetworkFailure: ConnectionLost, Error: 'Your connection to the host has been lost.'
[2018.04.01-14.18.34:167][ 86]LogNet: Warning: Network Failure: GameNetDriver[FailureReceived]: Host closed the connection.
[2018.04.01-14.18.34:167][ 86]LogNet: Warning: Network Failure: GameNetDriver[FailureReceived]: Host closed the connection.
[2018.04.01-14.18.34:167][ 86]LogNet: Warning: Network Failure: GameNetDriver[FailureReceived]: Host closed the connection.
[2018.04.01-14.18.34:167][ 86]LogNet: Warning: Network Failure: GameNetDriver[FailureReceived]: Host closed the connection.
[2018.04.01-14.18.34:167][ 86]LogNet: NetworkFailure: FailureReceived, Error: 'Host closed the connection.'
[2018.04.01-14.18.34:167][ 86]LogNet: UNetConnection::Close: [UNetConnection] RemoteAddr: 127.0.0.1:17777, Name: IpConnection_2, Driver: GameNetDriver IpNetDriver_3, IsServer: NO, PC: ThirdPersonController_C_0, Owner: ThirdPersonController_C_0, Channels: 13, Time: 2018.04.01-14.18.34
[2018.04.01-14.18.34:167][ 86]LogNet: UChannel::Close: Sending CloseBunch. ChIndex == 0. Name: [UChannel] ChIndex: 0, Closing: 0 [UNetConnection] RemoteAddr: 127.0.0.1:17777, Name: IpConnection_2, Driver: GameNetDriver IpNetDriver_3, IsServer: NO, PC: ThirdPersonController_C_0, Owner: ThirdPersonController_C_0
[2018.04.01-14.18.34:167][ 86]LogNet: Warning: Network Failure: GameNetDriver[ConnectionLost]: Your connection to the host has been lost.
[2018.04.01-14.18.34:167][ 86]LogNet: Warning: Network Failure: GameNetDriver[ConnectionLost]: Your connection to the host has been lost.
[2018.04.01-14.18.34:167][ 86]LogNet: Warning: Network Failure: GameNetDriver[ConnectionLost]: Your connection to the host has been lost.
[2018.04.01-14.18.34:167][ 86]LogNet: Warning: Network Failure: GameNetDriver[ConnectionLost]: Your connection to the host has been lost.
[2018.04.01-14.18.34:167][ 86]LogNet: NetworkFailure: ConnectionLost, Error: 'Your connection to the host has been lost.'
[2018.04.01-14.18.34:187][ 87]LogNet: Browse: /Game/ThirdPersonBP/Maps/MenuPrincipal?closed
[2018.04.01-14.18.34:187][ 87]LogNet: Failed; returning to Entry
[2018.04.01-14.18.34:202][ 87]LogLoad: LoadMap: /Game/ThirdPersonBP/Maps/MenuPrincipal?closed
[2018.04.01-14.18.34:202][ 87]LogNet: World NetDriver shutdown IpNetDriver_1 [GameNetDriver]
[2018.04.01-14.18.34:202][ 87]LogNet: DestroyNamedNetDriver IpNetDriver_1 [GameNetDriver]
[2018.04.01-14.18.34:202][ 87]LogExit: GameNetDriver IpNetDriver_1 shut down
[2018.04.01-14.18.34:232][ 87]LogPlayLevel: Creating play world package: /Game/ThirdPersonBP/Maps/UEDPIE_2_MenuPrincipal
[2018.04.01-14.18.34:233][ 87]LogPlayLevel: PIE: StaticDuplicateObject took: (0.001014s)
[2018.04.01-14.18.34:233][ 87]LogAIModule: Creating AISystem for world MenuPrincipal
[2018.04.01-14.18.34:233][ 87]LogPlayLevel: PIE: World Init took: (0.000584s)
[2018.04.01-14.18.34:233][ 87]LogPlayLevel: PIE: Created PIE world by copying editor world from /Game/ThirdPersonBP/Maps/MenuPrincipal.MenuPrincipal to /Game/ThirdPersonBP/Maps/UEDPIE_2_MenuPrincipal.MenuPrincipal (0.001897s)
[2018.04.01-14.18.34:233][ 87]LogLoad: Game class is 'ThirdPersonGameMode_C'
[2018.04.01-14.18.34:234][ 87]LogWorld: Bringing World /Game/ThirdPersonBP/Maps/UEDPIE_2_MenuPrincipal.MenuPrincipal up for play (max tick rate 0) at 2018.04.01-16.18.34
[2018.04.01-14.18.34:235][ 87]LogWorld: Bringing up level for play took: 0.000473
[2018.04.01-14.18.34:235][ 87]LogGameMode: FindPlayerStart: PATHS NOT DEFINED or NO PLAYERSTART with positive rating
[2018.04.01-14.18.34:238][ 87]LogLoad: Took 0.035853 seconds to LoadMap(/Game/ThirdPersonBP/Maps/UEDPIE_2_MenuPrincipal)
[2018.04.01-14.18.34:268][ 87]LogNet: Browse: /Game/ThirdPersonBP/Maps/MenuPrincipal?closed
[2018.04.01-14.18.34:268][ 87]LogNet: Failed; returning to Entry
[2018.04.01-14.18.34:268][ 87]LogLoad: LoadMap: /Game/ThirdPersonBP/Maps/MenuPrincipal?closed
[2018.04.01-14.18.34:268][ 87]LogNet: World NetDriver shutdown IpNetDriver_2 [GameNetDriver]
[2018.04.01-14.18.34:268][ 87]LogNet: DestroyNamedNetDriver IpNetDriver_2 [GameNetDriver]
[2018.04.01-14.18.34:268][ 87]LogExit: GameNetDriver IpNetDriver_2 shut down
[2018.04.01-14.18.34:297][ 87]LogPlayLevel: Creating play world package: /Game/ThirdPersonBP/Maps/UEDPIE_3_MenuPrincipal
[2018.04.01-14.18.34:298][ 87]LogPlayLevel: PIE: StaticDuplicateObject took: (0.001038s)
[2018.04.01-14.18.34:299][ 87]LogAIModule: Creating AISystem for world MenuPrincipal
[2018.04.01-14.18.34:299][ 87]LogPlayLevel: PIE: World Init took: (0.000784s)
[2018.04.01-14.18.34:299][ 87]LogPlayLevel: PIE: Created PIE world by copying editor world from /Game/ThirdPersonBP/Maps/MenuPrincipal.MenuPrincipal to /Game/ThirdPersonBP/Maps/UEDPIE_3_MenuPrincipal.MenuPrincipal (0.002123s)
[2018.04.01-14.18.34:299][ 87]LogLoad: Game class is 'ThirdPersonGameMode_C'
[2018.04.01-14.18.34:300][ 87]LogWorld: Bringing World /Game/ThirdPersonBP/Maps/UEDPIE_3_MenuPrincipal.MenuPrincipal up for play (max tick rate 0) at 2018.04.01-16.18.34
[2018.04.01-14.18.34:300][ 87]LogWorld: Bringing up level for play took: 0.000628
[2018.04.01-14.18.34:301][ 87]LogGameMode: FindPlayerStart: PATHS NOT DEFINED or NO PLAYERSTART with positive rating
[2018.04.01-14.18.34:303][ 87]LogLoad: Took 0.035678 seconds to LoadMap(/Game/ThirdPersonBP/Maps/UEDPIE_3_MenuPrincipal)
[2018.04.01-14.18.34:332][ 87]LogNet: Browse: /Game/ThirdPersonBP/Maps/MenuPrincipal?closed
[2018.04.01-14.18.34:332][ 87]LogNet: Failed; returning to Entry
[2018.04.01-14.18.34:332][ 87]LogLoad: LoadMap: /Game/ThirdPersonBP/Maps/MenuPrincipal?closed
[2018.04.01-14.18.34:332][ 87]LogNet: World NetDriver shutdown IpNetDriver_3 [GameNetDriver]
[2018.04.01-14.18.34:332][ 87]LogNet: DestroyNamedNetDriver IpNetDriver_3 [GameNetDriver]
[2018.04.01-14.18.34:332][ 87]LogExit: GameNetDriver IpNetDriver_3 shut down
[2018.04.01-14.18.34:362][ 87]LogPlayLevel: Creating play world package: /Game/ThirdPersonBP/Maps/UEDPIE_4_MenuPrincipal
[2018.04.01-14.18.34:363][ 87]LogPlayLevel: PIE: StaticDuplicateObject took: (0.000929s)
[2018.04.01-14.18.34:363][ 87]LogAIModule: Creating AISystem for world MenuPrincipal
[2018.04.01-14.18.34:364][ 87]LogPlayLevel: PIE: World Init took: (0.000534s)
[2018.04.01-14.18.34:364][ 87]LogPlayLevel: PIE: Created PIE world by copying editor world from /Game/ThirdPersonBP/Maps/MenuPrincipal.MenuPrincipal to /Game/ThirdPersonBP/Maps/UEDPIE_4_MenuPrincipal.MenuPrincipal (0.001748s)
[2018.04.01-14.18.34:364][ 87]LogLoad: Game class is 'ThirdPersonGameMode_C'
[2018.04.01-14.18.34:364][ 87]LogWorld: Bringing World /Game/ThirdPersonBP/Maps/UEDPIE_4_MenuPrincipal.MenuPrincipal up for play (max tick rate 0) at 2018.04.01-16.18.34
[2018.04.01-14.18.34:364][ 87]LogWorld: Bringing up level for play took: 0.000381
[2018.04.01-14.18.34:365][ 87]LogGameMode: FindPlayerStart: PATHS NOT DEFINED or NO PLAYERSTART with positive rating
[2018.04.01-14.18.34:367][ 87]LogLoad: Took 0.035011 seconds to LoadMap(/Game/ThirdPersonBP/Maps/UEDPIE_4_MenuPrincipal)
[2018.04.01-14.18.36:671][181]Cmd: servertravel EscenarioMain
[2018.04.01-14.18.36:804][181]LogPackageName: SearchForPackageOnDisk took   0.134s to resolve EscenarioMain.
[2018.04.01-14.18.36:807][181]LogGameMode: ProcessServerTravel: /Game/ThirdPersonBP/Maps/EscenarioMain
[2018.04.01-14.18.40:654][344]LogEngine: Server switch level: /Game/ThirdPersonBP/Maps/EscenarioMain
[2018.04.01-14.18.40:654][344]LogNet: Browse: /Game/ThirdPersonBP/Maps/EscenarioMain?listen
[2018.04.01-14.18.40:680][344]LogLoad: LoadMap: /Game/ThirdPersonBP/Maps/EscenarioMain?listen
[2018.04.01-14.18.40:680][344]LogNet: World NetDriver shutdown IpNetDriver_4 [GameNetDriver]
[2018.04.01-14.18.40:680][344]LogNet: DestroyNamedNetDriver IpNetDriver_4 [GameNetDriver]
[2018.04.01-14.18.40:680][344]LogExit: GameNetDriver IpNetDriver_4 shut down
[2018.04.01-14.18.41:342][344]LogTexture: Display: Building textures: HQ_Lightmap1_2 (AutoDXT, 64X64)
[2018.04.01-14.18.41:342][344]LogTexture: Display: Building textures: LQ_Lightmap_1_2 (DXT1, 64X64)
[2018.04.01-14.18.41:342][344]LogTexture: Display: Building textures: SkyOcclusion1_2 (AutoDXT, 64X32)
[2018.04.01-14.18.41:342][344]LogTexture: Display: Building textures: SkyOcclusion1_1 (AutoDXT, 1024X512)
[2018.04.01-14.18.41:342][344]LogTexture: Display: Building textures: LQ_Lightmap_1_1 (DXT1, 1024X1024)
[2018.04.01-14.18.41:342][344]LogTexture: Display: Building textures: HQ_Lightmap1_1 (AutoDXT, 1024X1024)
[2018.04.01-14.18.41:416][344]LogAIModule: Creating AISystem for world EscenarioMain
[2018.04.01-14.18.41:416][344]LogLoad: Game class is 'ThirdPersonGameMode_C'
[2018.04.01-14.18.41:416][344]LogTemp: Display: ParseSettings for GameNetDriver
[2018.04.01-14.18.41:416][344]LogTemp: Display: ParseSettings for IpNetDriver_5
[2018.04.01-14.18.41:416][344]LogTemp: Display: ParseSettings for GameNetDriver
[2018.04.01-14.18.41:417][344]LogInit: WinSock: Socket queue 131072 / 131072
[2018.04.01-14.18.41:417][344]PacketHandlerLog: Loaded PacketHandler component: Engine.EngineHandlerComponentFactory (StatelessConnectHandlerComponent)
[2018.04.01-14.18.41:417][344]LogNet: GameNetDriver IpNetDriver_5 IpNetDriver listening on port 7777
[2018.04.01-14.18.41:420][344]LogWorld: Bringing World /Game/ThirdPersonBP/Maps/UEDPIE_1_EscenarioMain.EscenarioMain up for play (max tick rate 0) at 2018.04.01-16.18.41
[2018.04.01-14.18.41:420][344]LogWorld: Bringing up level for play took: 0.002080
[2018.04.01-14.18.41:422][344]LogLoad: Took 0.741562 seconds to LoadMap(/Game/ThirdPersonBP/Maps/EscenarioMain)
[2018.04.01-14.18.57:089][951]LogBlueprintUserMessages: Early EndPlayMap Detection: Level '/Game/ThirdPersonBP/Maps/MenuPrincipal.MenuPrincipal:PersistentLevel' has LevelScriptBlueprint '/Game/ThirdPersonBP/Maps/MenuPrincipal.MenuPrincipal:PersistentLevel.MenuPrincipal' with GeneratedClass '/Game/ThirdPersonBP/Maps/MenuPrincipal.MenuPrincipal_C' with ClassGeneratedBy '/Game/ThirdPersonBP/Maps/MenuPrincipal.MenuPrincipal:PersistentLevel.MenuPrincipal'
[2018.04.01-14.18.57:147][951]LogOnline: Display: OSS: FOnlineSubsystemNull::Shutdown()
[2018.04.01-14.18.57:147][951]LogOnline: Display: OSS: FOnlineAsyncTaskManager::Stop() ActiveTask:0000000000000000 Tasks[0/0]
[2018.04.01-14.18.57:164][951]LogOnline: Display: OSS: FOnlineAsyncTaskManager::Exit() started
[2018.04.01-14.18.57:164][951]LogOnline: Display: OSS: FOnlineAsyncTaskManager::Exit() finished
[2018.04.01-14.18.57:191][951]LogOnline: Display: OSS: FOnlineSubsystemNull::Shutdown()
[2018.04.01-14.18.57:191][951]LogOnline: Display: OSS: FOnlineAsyncTaskManager::Stop() ActiveTask:0000000000000000 Tasks[0/0]
[2018.04.01-14.18.57:205][951]LogOnline: Display: OSS: FOnlineAsyncTaskManager::Exit() started
[2018.04.01-14.18.57:205][951]LogOnline: Display: OSS: FOnlineAsyncTaskManager::Exit() finished
[2018.04.01-14.18.57:235][951]LogOnline: Display: OSS: FOnlineSubsystemNull::Shutdown()
[2018.04.01-14.18.57:235][951]LogOnline: Display: OSS: FOnlineAsyncTaskManager::Stop() ActiveTask:0000000000000000 Tasks[0/0]
[2018.04.01-14.18.57:247][951]LogOnline: Display: OSS: FOnlineAsyncTaskManager::Exit() started
[2018.04.01-14.18.57:247][951]LogOnline: Display: OSS: FOnlineAsyncTaskManager::Exit() finished
[2018.04.01-14.18.57:281][951]LogOnline: Display: OSS: FOnlineSubsystemNull::Shutdown()
[2018.04.01-14.18.57:281][951]LogOnline: Display: OSS: FOnlineAsyncTaskManager::Stop() ActiveTask:0000000000000000 Tasks[0/0]
[2018.04.01-14.18.57:281][951]LogOnline: Display: OSS: FOnlineAsyncTaskManager::Exit() started
[2018.04.01-14.18.57:281][951]LogOnline: Display: OSS: FOnlineAsyncTaskManager::Exit() finished
[2018.04.01-14.18.57:281][951]LogPlayLevel: Display: Shutting down PIE online subsystems
[2018.04.01-14.18.57:282][951]LogBlueprintUserMessages: Late EndPlayMap Detection: Level '/Game/ThirdPersonBP/Maps/MenuPrincipal.MenuPrincipal:PersistentLevel' has LevelScriptBlueprint '/Game/ThirdPersonBP/Maps/MenuPrincipal.MenuPrincipal:PersistentLevel.MenuPrincipal' with GeneratedClass '/Game/ThirdPersonBP/Maps/MenuPrincipal.MenuPrincipal_C' with ClassGeneratedBy '/Game/ThirdPersonBP/Maps/MenuPrincipal.MenuPrincipal:PersistentLevel.MenuPrincipal'
[2018.04.01-14.18.57:312][951]LogExit: GameNetDriver None shut down
[2018.04.01-14.18.57:343][952]LogPlayLevel: Display: Destroying online subsystem :Context_22
[2018.04.01-14.18.57:343][952]LogOnline: Display: OSS: FOnlineSubsystemNull::Shutdown()
[2018.04.01-14.18.57:343][952]LogPlayLevel: Display: Destroying online subsystem :Context_21
[2018.04.01-14.18.57:343][952]LogOnline: Display: OSS: FOnlineSubsystemNull::Shutdown()
[2018.04.01-14.18.57:343][952]LogPlayLevel: Display: Destroying online subsystem :Context_20
[2018.04.01-14.18.57:343][952]LogOnline: Display: OSS: FOnlineSubsystemNull::Shutdown()
[2018.04.01-14.18.57:343][952]LogPlayLevel: Display: Destroying online subsystem :Context_19
[2018.04.01-14.18.57:343][952]LogOnline: Display: OSS: FOnlineSubsystemNull::Shutdown()
[2018.04.01-14.19.10:470][430]BlueprintLog: New page: Compile ThirdPersonCharacter
[2018.04.01-14.19.11:621][477]LogSavePackage: Save=139.19ms
[2018.04.01-14.19.11:621][477]LogSavePackage: Moving '../../../../../../Users/Miguel/Documents/GitHub/MasterUnreal/projectUnreal/Saved/ThirdPersonCharacter9C5717CE4B3B3EADB3632AB351BECE08.tmp' to '../../../../../../Users/Miguel/Documents/GitHub/MasterUnreal/projectUnreal/Content/ThirdPersonBP/Blueprints/ThirdPersonCharacter.uasset'
[2018.04.01-14.19.11:632][477]LogSavePackage: Display: Finished SavePackage ../../../../../../Users/Miguel/Documents/GitHub/MasterUnreal/projectUnreal/Content/ThirdPersonBP/Blueprints/ThirdPersonCharacter.uasset
[2018.04.01-14.19.37:137][402]LogSavePackage: Save=150.90ms
[2018.04.01-14.19.37:137][402]LogSavePackage: Moving '../../../../../../Users/Miguel/Documents/GitHub/MasterUnreal/projectUnreal/Saved/ThirdPersonCharacter3BF9829045EF3F4FF363838CB8D6CCEE.tmp' to '../../../../../../Users/Miguel/Documents/GitHub/MasterUnreal/projectUnreal/Content/ThirdPersonBP/Blueprints/ThirdPersonCharacter.uasset'
[2018.04.01-14.19.37:141][402]LogSavePackage: Display: Finished SavePackage ../../../../../../Users/Miguel/Documents/GitHub/MasterUnreal/projectUnreal/Content/ThirdPersonBP/Blueprints/ThirdPersonCharacter.uasset
