Log file open, 03/28/18 23:52:28
LogWindows: Failed to load 'aqProf.dll' (GetLastError=126)
LogWindows: File 'aqProf.dll' does not exist
LogWindows: Failed to load 'VtuneApi.dll' (GetLastError=126)
LogWindows: File 'VtuneApi.dll' does not exist
LogWindows: Failed to load 'VtuneApi32e.dll' (GetLastError=126)
LogWindows: File 'VtuneApi32e.dll' does not exist
LogInit: Display: Running engine for game: projectUnreal
LogPlatformFile: Not using cached read wrapper
LogInit: Display: RandInit(-1798974688) SRandInit(-1798974688).
LogInit: Read version file with build ID '3709383'
LogInit: Overriding engine version to CL 3832480, compatible CL 3709383
LogInit: Registered custom module enumerator with build ID '3709383'
LogInit: Warning: Passing commandline switches using / instead of - has been deprecated and will be removed in future versions of Unreal Engine.
LogTaskGraph: Started task graph with 5 named threads and 14 total threads with 3 sets of task threads.
LogStats: Stats thread started at 0.283258
LogD3D11RHI: Aftermath initialized
LogInit: Warning: Passing commandline switches using / instead of - has been deprecated and will be removed in future versions of Unreal Engine.
LogModuleManager: Display: Found up-to-date module file ../../../Engine/Plugins/Online/OnlineSubsystemSteam/Binaries/Win64/UE4Editor-OnlineSubsystemSteam.dll (API version 3709383).
LogModuleManager: Display: Found up-to-date module file ../../../Engine/Plugins/Online/OnlineSubsystem/Binaries/Win64/UE4Editor-OnlineSubsystem.dll (API version 3709383).
LogModuleManager: Display: Found up-to-date module file ../../../Engine/Plugins/Online/OnlineSubsystemUtils/Binaries/Win64/UE4Editor-OnlineSubsystemUtils.dll (API version 3709383).
LogModuleManager: Display: Found up-to-date module file ../../../Engine/Plugins/Online/OnlineSubsystemUtils/Binaries/Win64/UE4Editor-OnlineBlueprintSupport.dll (API version 3709383).
LogModuleManager: Display: Found up-to-date module file ../../../Engine/Plugins/2D/Paper2D/Binaries/Win64/UE4Editor-Paper2D.dll (API version 3709383).
LogModuleManager: Display: Found up-to-date module file ../../../Engine/Plugins/2D/Paper2D/Binaries/Win64/UE4Editor-Paper2DEditor.dll (API version 3709383).
LogModuleManager: Display: Found up-to-date module file ../../../Engine/Plugins/2D/Paper2D/Binaries/Win64/UE4Editor-PaperSpriteSheetImporter.dll (API version 3709383).
LogModuleManager: Display: Found up-to-date module file ../../../Engine/Plugins/2D/Paper2D/Binaries/Win64/UE4Editor-PaperTiledImporter.dll (API version 3709383).
LogModuleManager: Display: Found up-to-date module file ../../../Engine/Plugins/2D/Paper2D/Binaries/Win64/UE4Editor-SmartSnapping.dll (API version 3709383).
LogModuleManager: Display: Found up-to-date module file ../../../Engine/Plugins/Blendables/LightPropagationVolume/Binaries/Win64/UE4Editor-LightPropagationVolumeRuntime.dll (API version 3709383).
LogModuleManager: Display: Found up-to-date module file ../../../Engine/Plugins/Blendables/LightPropagationVolume/Binaries/Win64/UE4Editor-LightPropagationVolumeEditor.dll (API version 3709383).
LogModuleManager: Display: Found up-to-date module file ../../../Engine/Plugins/Developer/GitSourceControl/Binaries/Win64/UE4Editor-GitSourceControl.dll (API version 3709383).
LogModuleManager: Display: Found up-to-date module file ../../../Engine/Plugins/Developer/PerforceSourceControl/Binaries/Win64/UE4Editor-PerforceSourceControl.dll (API version 3709383).
LogModuleManager: Display: Found up-to-date module file ../../../Engine/Plugins/Developer/SubversionSourceControl/Binaries/Win64/UE4Editor-SubversionSourceControl.dll (API version 3709383).
LogModuleManager: Display: Found up-to-date module file ../../../Engine/Plugins/Developer/UObjectPlugin/Binaries/Win64/UE4Editor-UObjectPlugin.dll (API version 3709383).
LogModuleManager: Display: Found up-to-date module file ../../../Engine/Plugins/Developer/VisualStudioCodeSourceCodeAccess/Binaries/Win64/UE4Editor-VisualStudioCodeSourceCodeAccess.dll (API version 3709383).
LogModuleManager: Display: Found up-to-date module file ../../../Engine/Plugins/Developer/VisualStudioSourceCodeAccess/Binaries/Win64/UE4Editor-VisualStudioSourceCodeAccess.dll (API version 3709383).
LogModuleManager: Display: Found up-to-date module file ../../../Engine/Plugins/Editor/AssetManagerEditor/Binaries/Win64/UE4Editor-AssetManagerEditor.dll (API version 3709383).
LogModuleManager: Display: Found up-to-date module file ../../../Engine/Plugins/Editor/AudioCapture/Binaries/Win64/UE4Editor-AudioCapture.dll (API version 3709383).
LogModuleManager: Display: Found up-to-date module file ../../../Engine/Plugins/Editor/FacialAnimation/Binaries/Win64/UE4Editor-FacialAnimation.dll (API version 3709383).
LogModuleManager: Display: Found up-to-date module file ../../../Engine/Plugins/Editor/FacialAnimation/Binaries/Win64/UE4Editor-FacialAnimationEditor.dll (API version 3709383).
LogModuleManager: Display: Found up-to-date module file ../../../Engine/Plugins/Editor/GameplayTagsEditor/Binaries/Win64/UE4Editor-GameplayTagsEditor.dll (API version 3709383).
LogModuleManager: Display: Found up-to-date module file ../../../Engine/Plugins/Editor/MobileLauncherProfileWizard/Binaries/Win64/UE4Editor-MobileLauncherProfileWizard.dll (API version 3709383).
LogModuleManager: Display: Found up-to-date module file ../../../Engine/Plugins/Editor/PluginBrowser/Binaries/Win64/UE4Editor-PluginBrowser.dll (API version 3709383).
LogModuleManager: Display: Found up-to-date module file ../../../Engine/Plugins/Editor/SpeedTreeImporter/Binaries/Win64/UE4Editor-SpeedTreeImporter.dll (API version 3709383).
LogModuleManager: Display: Found up-to-date module file ../../../Engine/Plugins/Experimental/AlembicImporter/Binaries/Win64/UE4Editor-AlembicImporter.dll (API version 3709383).
LogModuleManager: Display: Found up-to-date module file ../../../Engine/Plugins/Experimental/AlembicImporter/Binaries/Win64/UE4Editor-AlembicLibrary.dll (API version 3709383).
LogModuleManager: Display: Found up-to-date module file ../../../Engine/Plugins/Experimental/CharacterAI/Binaries/Win64/UE4Editor-CharacterAI.dll (API version 3709383).
LogModuleManager: Display: Found up-to-date module file ../../../Engine/Plugins/Experimental/HTML5Networking/Binaries/Win64/UE4Editor-HTML5Networking.dll (API version 3709383).
LogModuleManager: Display: Found up-to-date module file ../../../Engine/Plugins/Media/AndroidMedia/Binaries/Win64/UE4Editor-AndroidMediaEditor.dll (API version 3709383).
LogModuleManager: Display: Found up-to-date module file ../../../Engine/Plugins/Media/AndroidMedia/Binaries/Win64/UE4Editor-AndroidMediaFactory.dll (API version 3709383).
LogModuleManager: Display: Found up-to-date module file ../../../Engine/Plugins/Media/AvfMedia/Binaries/Win64/UE4Editor-AvfMediaEditor.dll (API version 3709383).
LogModuleManager: Display: Found up-to-date module file ../../../Engine/Plugins/Media/AvfMedia/Binaries/Win64/UE4Editor-AvfMediaFactory.dll (API version 3709383).
LogModuleManager: Display: Found up-to-date module file ../../../Engine/Plugins/Media/AvfMedia/Binaries/Win64/UE4Editor-AvfMediaFactory.dll (API version 3709383).
LogModuleManager: Display: Found up-to-date module file ../../../Engine/Plugins/Media/ImgMedia/Binaries/Win64/UE4Editor-ImgMedia.dll (API version 3709383).
LogModuleManager: Display: Found up-to-date module file ../../../Engine/Plugins/Media/ImgMedia/Binaries/Win64/UE4Editor-ImgMediaEditor.dll (API version 3709383).
LogModuleManager: Display: Found up-to-date module file ../../../Engine/Plugins/Media/ImgMedia/Binaries/Win64/UE4Editor-ImgMediaFactory.dll (API version 3709383).
LogModuleManager: Display: Found up-to-date module file ../../../Engine/Plugins/Media/ImgMedia/Binaries/Win64/UE4Editor-ImgMediaFactory.dll (API version 3709383).
LogModuleManager: Display: Found up-to-date module file ../../../Engine/Plugins/Media/ImgMedia/Binaries/Win64/UE4Editor-OpenExrWrapper.dll (API version 3709383).
LogModuleManager: Display: Found up-to-date module file ../../../Engine/Plugins/Media/MediaCompositing/Binaries/Win64/UE4Editor-MediaCompositing.dll (API version 3709383).
LogModuleManager: Display: Found up-to-date module file ../../../Engine/Plugins/Media/MediaCompositing/Binaries/Win64/UE4Editor-MediaCompositingEditor.dll (API version 3709383).
LogModuleManager: Display: Found up-to-date module file ../../../Engine/Plugins/Media/MediaPlayerEditor/Binaries/Win64/UE4Editor-MediaPlayerEditor.dll (API version 3709383).
LogModuleManager: Display: Found up-to-date module file ../../../Engine/Plugins/Media/WmfMedia/Binaries/Win64/UE4Editor-WmfMedia.dll (API version 3709383).
LogModuleManager: Display: Found up-to-date module file ../../../Engine/Plugins/Media/WmfMedia/Binaries/Win64/UE4Editor-WmfMediaEditor.dll (API version 3709383).
LogModuleManager: Display: Found up-to-date module file ../../../Engine/Plugins/Media/WmfMedia/Binaries/Win64/UE4Editor-WmfMediaFactory.dll (API version 3709383).
LogModuleManager: Display: Found up-to-date module file ../../../Engine/Plugins/Media/WmfMedia/Binaries/Win64/UE4Editor-WmfMediaFactory.dll (API version 3709383).
LogModuleManager: Display: Found up-to-date module file ../../../Engine/Plugins/Messaging/TcpMessaging/Binaries/Win64/UE4Editor-TcpMessaging.dll (API version 3709383).
LogModuleManager: Display: Found up-to-date module file ../../../Engine/Plugins/Messaging/UdpMessaging/Binaries/Win64/UE4Editor-UdpMessaging.dll (API version 3709383).
LogModuleManager: Display: Found up-to-date module file ../../../Engine/Plugins/MovieScene/ActorSequence/Binaries/Win64/UE4Editor-ActorSequence.dll (API version 3709383).
LogModuleManager: Display: Found up-to-date module file ../../../Engine/Plugins/MovieScene/LevelSequenceEditor/Binaries/Win64/UE4Editor-LevelSequenceEditor.dll (API version 3709383).
LogModuleManager: Display: Found up-to-date module file ../../../Engine/Plugins/MovieScene/MatineeToLevelSequence/Binaries/Win64/UE4Editor-MatineeToLevelSequence.dll (API version 3709383).
LogModuleManager: Display: Found up-to-date module file ../../../Engine/Plugins/Runtime/AndroidPermission/Binaries/Win64/UE4Editor-AndroidPermission.dll (API version 3709383).
LogModuleManager: Display: Found up-to-date module file ../../../Engine/Plugins/Online/OnlineSubsystemNull/Binaries/Win64/UE4Editor-OnlineSubsystemNull.dll (API version 3709383).
LogModuleManager: Display: Found up-to-date module file ../../../Engine/Plugins/Runtime/AndroidDeviceProfileSelector/Binaries/Win64/UE4Editor-AndroidDeviceProfileSelector.dll (API version 3709383).
LogModuleManager: Display: Found up-to-date module file ../../../Engine/Plugins/Runtime/AppleARKit/Binaries/Win64/UE4Editor-AppleARKit.dll (API version 3709383).
LogModuleManager: Display: Found up-to-date module file ../../../Engine/Plugins/Runtime/ArchVisCharacter/Binaries/Win64/UE4Editor-ArchVisCharacter.dll (API version 3709383).
LogModuleManager: Display: Found up-to-date module file ../../../Engine/Plugins/Runtime/CableComponent/Binaries/Win64/UE4Editor-CableComponent.dll (API version 3709383).
LogModuleManager: Display: Found up-to-date module file ../../../Engine/Plugins/Runtime/CustomMeshComponent/Binaries/Win64/UE4Editor-CustomMeshComponent.dll (API version 3709383).
LogModuleManager: Display: Found up-to-date module file ../../../Engine/Plugins/Runtime/ExampleDeviceProfileSelector/Binaries/Win64/UE4Editor-ExampleDeviceProfileSelector.dll (API version 3709383).
LogModuleManager: Display: Found up-to-date module file ../../../Engine/Plugins/Runtime/ImmediatePhysics/Binaries/Win64/UE4Editor-ImmediatePhysics.dll (API version 3709383).
LogModuleManager: Display: Found up-to-date module file ../../../Engine/Plugins/Runtime/ImmediatePhysics/Binaries/Win64/UE4Editor-ImmediatePhysicsEditor.dll (API version 3709383).
LogModuleManager: Display: Found up-to-date module file ../../../Engine/Plugins/Runtime/LocationServicesBPLibrary/Binaries/Win64/UE4Editor-LocationServicesBPLibrary.dll (API version 3709383).
LogModuleManager: Display: Found up-to-date module file ../../../Engine/Plugins/Runtime/MobilePatchingUtils/Binaries/Win64/UE4Editor-MobilePatchingUtils.dll (API version 3709383).
LogModuleManager: Display: Found up-to-date module file ../../../Engine/Plugins/Runtime/Oculus/OculusVR/Binaries/Win64/UE4Editor-OculusHMD.dll (API version 3709383).
LogModuleManager: Display: Found up-to-date module file ../../../Engine/Plugins/Runtime/Oculus/OculusVR/Binaries/Win64/UE4Editor-OculusInput.dll (API version 3709383).
LogModuleManager: Display: Found up-to-date module file ../../../Engine/Plugins/Runtime/Oculus/OculusVR/Binaries/Win64/UE4Editor-OculusEditor.dll (API version 3709383).
LogModuleManager: Display: Found up-to-date module file ../../../Engine/Plugins/Runtime/PhysXVehicles/Binaries/Win64/UE4Editor-PhysXVehicles.dll (API version 3709383).
LogModuleManager: Display: Found up-to-date module file ../../../Engine/Plugins/Runtime/PhysXVehicles/Binaries/Win64/UE4Editor-PhysXVehiclesEditor.dll (API version 3709383).
LogModuleManager: Display: Found up-to-date module file ../../../Engine/Plugins/Runtime/ProceduralMeshComponent/Binaries/Win64/UE4Editor-ProceduralMeshComponent.dll (API version 3709383).
LogModuleManager: Display: Found up-to-date module file ../../../Engine/Plugins/Runtime/ProceduralMeshComponent/Binaries/Win64/UE4Editor-ProceduralMeshComponentEditor.dll (API version 3709383).
LogModuleManager: Display: Found up-to-date module file ../../../Engine/Plugins/Runtime/RuntimePhysXCooking/Binaries/Win64/UE4Editor-RuntimePhysXCooking.dll (API version 3709383).
LogModuleManager: Display: Found up-to-date module file ../../../Engine/Plugins/Runtime/Steam/SteamVR/Binaries/Win64/UE4Editor-SteamVR.dll (API version 3709383).
LogModuleManager: Display: Found up-to-date module file ../../../Engine/Plugins/Runtime/Steam/SteamVR/Binaries/Win64/UE4Editor-SteamVRController.dll (API version 3709383).
LogModuleManager: Display: Found up-to-date module file ../../../Engine/Plugins/Runtime/WindowsMoviePlayer/Binaries/Win64/UE4Editor-WindowsMoviePlayer.dll (API version 3709383).
LogPluginManager: Mounting plugin Paper2D
LogPluginManager: Mounting plugin LightPropagationVolume
LogPluginManager: Mounting plugin CodeLiteSourceCodeAccess
LogPluginManager: Mounting plugin GitSourceControl
LogPluginManager: Mounting plugin KDevelopSourceCodeAccess
LogPluginManager: Mounting plugin NullSourceCodeAccess
LogPluginManager: Mounting plugin PerforceSourceControl
LogPluginManager: Mounting plugin SubversionSourceControl
LogPluginManager: Mounting plugin UObjectPlugin
LogPluginManager: Mounting plugin VisualStudioCodeSourceCodeAccess
LogPluginManager: Mounting plugin VisualStudioSourceCodeAccess
LogPluginManager: Mounting plugin XCodeSourceCodeAccess
LogPluginManager: Mounting plugin AssetManagerEditor
LogPluginManager: Mounting plugin AudioCapture
LogPluginManager: Mounting plugin FacialAnimation
LogPluginManager: Mounting plugin GameplayTagsEditor
LogPluginManager: Mounting plugin MobileLauncherProfileWizard
LogPluginManager: Mounting plugin PluginBrowser
LogPluginManager: Mounting plugin SpeedTreeImporter
LogPluginManager: Mounting plugin AlembicImporter
LogPluginManager: Mounting plugin CharacterAI
LogPluginManager: Mounting plugin HTML5Networking
LogPluginManager: Mounting plugin AndroidMedia
LogPluginManager: Mounting plugin AvfMedia
LogPluginManager: Mounting plugin ImgMedia
LogPluginManager: Mounting plugin MediaCompositing
LogPluginManager: Mounting plugin MediaPlayerEditor
LogPluginManager: Mounting plugin WmfMedia
LogPluginManager: Mounting plugin TcpMessaging
LogPluginManager: Mounting plugin UdpMessaging
LogPluginManager: Mounting plugin ActorSequence
LogPluginManager: Mounting plugin LevelSequenceEditor
LogPluginManager: Mounting plugin MatineeToLevelSequence
LogPluginManager: Mounting plugin OnlineSubsystemGooglePlay
LogPluginManager: Mounting plugin OnlineSubsystemIOS
LogPluginManager: Mounting plugin OnlineSubsystem
LogPluginManager: Mounting plugin OnlineSubsystemNull
LogPluginManager: Mounting plugin OnlineSubsystemSteam
LogPluginManager: Mounting plugin OnlineSubsystemUtils
LogPluginManager: Mounting plugin AndroidDeviceProfileSelector
LogPluginManager: Mounting plugin AndroidMoviePlayer
LogPluginManager: Mounting plugin AndroidPermission
LogPluginManager: Mounting plugin AppleARKit
LogPluginManager: Mounting plugin AppleMoviePlayer
LogPluginManager: Mounting plugin ArchVisCharacter
LogPluginManager: Mounting plugin CableComponent
LogPluginManager: Mounting plugin CustomMeshComponent
LogPluginManager: Mounting plugin ExampleDeviceProfileSelector
LogPluginManager: Mounting plugin GoogleCloudMessaging
LogPluginManager: Mounting plugin ImmediatePhysics
LogPluginManager: Mounting plugin IOSDeviceProfileSelector
LogPluginManager: Mounting plugin LinuxDeviceProfileSelector
LogPluginManager: Mounting plugin LocationServicesBPLibrary
LogPluginManager: Mounting plugin MobilePatchingUtils
LogPluginManager: Mounting plugin OculusVR
LogPluginManager: Plugin shader directory ../../../Engine/Plugins/Runtime/Oculus/OculusVR/Shaders found
LogPluginManager: Mapping shader source directory ../../../Engine/Plugins/Runtime/Oculus/OculusVR/Shaders to virtual directory /Plugin/OculusVR
LogPluginManager: Mounting plugin PhysXVehicles
LogPluginManager: Mounting plugin ProceduralMeshComponent
LogPluginManager: Mounting plugin RuntimePhysXCooking
LogPluginManager: Mounting plugin SteamVR
LogPluginManager: Mounting plugin WindowsMoviePlayer
LogInit: Using libcurl 7.47.1
LogInit:  - built for x86_64-pc-win32
LogInit:  - supports SSL with OpenSSL/1.0.2g
LogInit:  - supports HTTP deflate (compression) using libz 1.2.8
LogInit:  - other features:
LogInit:      CURL_VERSION_SSL
LogInit:      CURL_VERSION_LIBZ
LogInit:      CURL_VERSION_IPV6
LogInit:      CURL_VERSION_ASYNCHDNS
LogInit:      CURL_VERSION_LARGEFILE
LogInit:      CURL_VERSION_IDN
LogInit:  CurlRequestOptions (configurable via config and command line):
LogInit:  - bVerifyPeer = false  - Libcurl will NOT verify peer certificate
LogInit:  - bUseHttpProxy = false  - Libcurl will NOT use HTTP proxy
LogInit:  - bDontReuseConnections = false  - Libcurl will reuse connections
LogInit:  - CertBundlePath = nullptr  - Libcurl will use whatever was configured at build time.
LogOnline: Display: STEAM: Loading Steam SDK 1.39
LogInit: WinSock: version 1.1 (2.2), MaxSocks=32767, MaxUdp=65467
LogInit: Build: ++UE4+Release-4.18-CL-3832480
LogInit: Engine Version: 4.18.3-3832480+++UE4+Release-4.18
LogInit: Compatible Engine Version: 4.18.0-3709383+++UE4+Release-4.18
LogInit: Net CL: 3709383
LogDevObjectVersion: Number of dev versions registered: 16
LogDevObjectVersion:   Dev-Blueprints (B0D832E4-1F89-4F0D-ACCF-7EB736FD4AA2): 10
LogDevObjectVersion:   Dev-Build (E1C64328-A22C-4D53-A36C-8E866417BD8C): 0
LogDevObjectVersion:   Dev-Core (375EC13C-06E4-48FB-B500-84F0262A717E): 2
LogDevObjectVersion:   Dev-Editor (E4B068ED-F494-42E9-A231-DA0B2E46BB41): 20
LogDevObjectVersion:   Dev-Framework (CFFC743F-43B0-4480-9391-14DF171D2073): 30
LogDevObjectVersion:   Dev-Mobile (B02B49B5-BB20-44E9-A304-32B752E40360): 0
LogDevObjectVersion:   Dev-Networking (A4E4105C-59A1-49B5-A7C5-40C4547EDFEE): 0
LogDevObjectVersion:   Dev-Online (39C831C9-5AE6-47DC-9A44-9C173E1C8E7C): 0
LogDevObjectVersion:   Dev-Physics (78F01B33-EBEA-4F98-B9B4-84EACCB95AA2): 0
LogDevObjectVersion:   Dev-Platform (6631380F-2D4D-43E0-8009-CF276956A95A): 0
LogDevObjectVersion:   Dev-Rendering (12F88B9F-8875-4AFC-A67C-D90C383ABD29): 20
LogDevObjectVersion:   Dev-Sequencer (7B5AE74C-D270-4C10-A958-57980B212A5A): 4
LogDevObjectVersion:   Dev-VR (D7296918-1DD6-4BDD-9DE2-64A83CC13884): 0
LogDevObjectVersion:   Dev-LoadTimes (C2A15278-BFE7-4AFE-6C17-90FF531DF755): 1
LogDevObjectVersion:   Private-Geometry (6EACA3D4-40EC-4CC1-B786-8BED09428FC5): 1
LogDevObjectVersion:   Dev-AnimPhys (29E575DD-E0A3-4627-9D10-D276232CDCEA): 12
LogInit: Compiled (64-bit): Jan 12 2018 02:04:55
LogInit: Compiled with Visual C++: 19.00.24215.01
LogInit: Build Configuration: Development
LogInit: Branch Name: ++UE4+Release-4.18
LogInit: Command line:  /Game/ThirdPersonBP/Maps/MenuPrincipal -game -PIEVIACONSOLE -ResX=1280 -ResY=720  -Multiprocess -messaging -SessionName="Play in Standalone Game" -windowed 
LogInit: Base directory: C:/Program Files/Epic Games/UE_4.18/Engine/Binaries/Win64/
LogInit: Installed Engine Build: 1
LogInit: Presizing for max 8388607 objects, including 0 objects not considered by GC, pre-allocating 0 bytes for permanent pool.
LogInit: Object subsystem initialized
[2018.03.28-21.52.32:258][  0]LogInit: Selected Device Profile: [Windows]
[2018.03.28-21.52.32:259][  0]LogInit: Applying CVar settings loaded from the selected device profile: [Windows]
[2018.03.28-21.52.32:268][  0]LogInit: Computer: MIGUEL-PC
[2018.03.28-21.52.32:268][  0]LogInit: User: Miguel
[2018.03.28-21.52.32:268][  0]LogInit: CPU Page size=4096, Cores=4
[2018.03.28-21.52.32:268][  0]LogInit: High frequency timer resolution =3.410074 MHz
[2018.03.28-21.52.32:268][  0]LogMemory: Memory total: Physical=11.9GB (12GB approx)
[2018.03.28-21.52.32:268][  0]LogMemory: Platform Memory Stats for Windows
[2018.03.28-21.52.32:268][  0]LogMemory: Process Physical Memory: 306.10 MB used, 306.10 MB peak
[2018.03.28-21.52.32:268][  0]LogMemory: Process Virtual Memory: 284.18 MB used, 284.18 MB peak
[2018.03.28-21.52.32:268][  0]LogMemory: Physical Memory: 9054.54 MB used,  3169.02 MB free, 12223.55 MB total
[2018.03.28-21.52.32:268][  0]LogMemory: Virtual Memory: 780.52 MB used,  3169.02 MB free, 134217728.00 MB total
[2018.03.28-21.52.32:673][  0]LogInit: Using OS detected language (es-ES).
[2018.03.28-21.52.32:673][  0]LogInit: Using OS detected locale (es-ES).
[2018.03.28-21.52.32:681][  0]LogTextLocalizationManager: No specific localization for 'es-ES' exists, so the 'es' localization will be used.
[2018.03.28-21.52.33:130][  0]LogD3D11RHI: D3D11 adapters:
[2018.03.28-21.52.33:251][  0]LogD3D11RHI:    0. 'NVIDIA GeForce GTX 660' (Feature Level 11_0)
[2018.03.28-21.52.33:251][  0]LogD3D11RHI:       2015/0/6111 MB DedicatedVideo/DedicatedSystem/SharedSystem, Outputs:1, VendorId:0x10de
[2018.03.28-21.52.33:262][  0]LogD3D11RHI:    1. 'Microsoft Basic Render Driver' (Feature Level 11_0)
[2018.03.28-21.52.33:262][  0]LogD3D11RHI:       0/0/6111 MB DedicatedVideo/DedicatedSystem/SharedSystem, Outputs:0, VendorId:0x1414
[2018.03.28-21.52.33:262][  0]LogD3D11RHI: Chosen D3D11 Adapter: 0
[2018.03.28-21.52.33:282][  0]LogD3D11RHI: Creating new Direct3DDevice
[2018.03.28-21.52.33:283][  0]LogD3D11RHI:     GPU DeviceId: 0x11c0 (for the marketing name, search the web for "GPU Device Id")
[2018.03.28-21.52.33:283][  0]LogWindows: EnumDisplayDevices:
[2018.03.28-21.52.33:283][  0]LogWindows:    0. 'NVIDIA GeForce GTX 660' (P:1 D:1)
[2018.03.28-21.52.33:283][  0]LogWindows:    1. 'NVIDIA GeForce GTX 660' (P:0 D:0)
[2018.03.28-21.52.33:284][  0]LogWindows:    2. 'NVIDIA GeForce GTX 660' (P:0 D:0)
[2018.03.28-21.52.33:284][  0]LogWindows:    3. 'NVIDIA GeForce GTX 660' (P:0 D:0)
[2018.03.28-21.52.33:284][  0]LogWindows: DebugString: GetVideoDriverDetailsInvalid PrimaryIsNotTheChoosenAdapter GetVideoDriverDetailsInvalid PrimaryIsNotTheChoosenAdapter GetVideoDriverDetailsInvalid PrimaryIsNotTheChoosenAdapter GetVideoDriverDetailsInvalid PrimaryIsNotTheChoosenAdapter FoundDriverCount:0 
[2018.03.28-21.52.33:284][  0]LogD3D11RHI:     Adapter Name: NVIDIA GeForce GTX 660
[2018.03.28-21.52.33:284][  0]LogD3D11RHI:   Driver Version: Unknown (internal:Unknown, unified:Unknown)
[2018.03.28-21.52.33:284][  0]LogD3D11RHI:      Driver Date: Unknown
[2018.03.28-21.52.33:284][  0]LogRHI: Texture pool is 1411 MB (70% of 2015 MB)
[2018.03.28-21.52.33:369][  0]LogD3D11RHI: Async texture creation enabled
[2018.03.28-21.52.33:388][  0]LogD3D11RHI: GPU Timing Frequency: 1000.000000 (Debug: 2 1)
[2018.03.28-21.52.33:391][  0]LogShaderCompilers: Guid format shader working directory is -27 characters bigger than the processId version (../../../../../../Users/Miguel/Documents/GitHub/MasterUnreal/projectUnreal/Intermediate/Shaders/WorkingDirectory/8156/).
[2018.03.28-21.52.33:391][  0]LogShaderCompilers: Cleaned the shader compiler working directory 'C:/Users/Miguel/AppData/Local/Temp/UnrealShaderWorkingDir/1690351B473157A3468A9E9582C6183B/'.
[2018.03.28-21.52.33:391][  0]LogShaderCompilers: Display: Using Local Shader Compiler.
[2018.03.28-21.52.35:638][  0]LogTemp: Display: Loaded TP WindowsClientTargetPlatform
[2018.03.28-21.52.35:773][  0]LogTemp: Display: Loaded TP WindowsNoEditorTargetPlatform
[2018.03.28-21.52.35:929][  0]LogTemp: Display: Loaded TP WindowsServerTargetPlatform
[2018.03.28-21.52.36:105][  0]LogTemp: Display: Loaded TP WindowsTargetPlatform
[2018.03.28-21.52.36:106][  0]LogTargetPlatformManager: Display: Building Assets For Windows
[2018.03.28-21.52.37:395][  0]LogDerivedDataCache: Display: Max Cache Size: 512 MB
[2018.03.28-21.52.37:529][  0]LogDerivedDataCache: Loaded boot cache 0.13s 78MB C:/Users/Miguel/AppData/Local/UnrealEngine/4.18/DerivedDataCache/Boot.ddc.
[2018.03.28-21.52.37:529][  0]LogDerivedDataCache: Display: Loaded Boot cache: C:/Users/Miguel/AppData/Local/UnrealEngine/4.18/DerivedDataCache/Boot.ddc
[2018.03.28-21.52.37:529][  0]LogDerivedDataCache: FDerivedDataBackendGraph:  Pak pak cache file ../../../../../../Users/Miguel/Documents/GitHub/MasterUnreal/projectUnreal/DerivedDataCache/DDC.ddp not found, will not use a pak cache.
[2018.03.28-21.52.37:529][  0]LogDerivedDataCache: Unable to find inner node Pak for hierarchical cache Hierarchy.
[2018.03.28-21.52.37:529][  0]LogDerivedDataCache: FDerivedDataBackendGraph:  CompressedPak pak cache file ../../../../../../Users/Miguel/Documents/GitHub/MasterUnreal/projectUnreal/DerivedDataCache/Compressed.ddp not found, will not use a pak cache.
[2018.03.28-21.52.37:529][  0]LogDerivedDataCache: Unable to find inner node CompressedPak for hierarchical cache Hierarchy.
[2018.03.28-21.52.37:562][  0]LogDerivedDataCache: Display: Pak cache opened for reading ../../../Engine/DerivedDataCache/Compressed.ddp.
[2018.03.28-21.52.37:576][  0]LogDerivedDataCache: Using Local data cache path C:/Users/Miguel/AppData/Local/UnrealEngine/Common/DerivedDataCache: Writable
[2018.03.28-21.52.37:597][  0]LogMaterial: Verifying Global Shaders for PCD3D_SM5
[2018.03.28-21.52.37:597][  0]LogSlate: Using Freetype 2.6.0
[2018.03.28-21.52.37:599][  0]LogSlate: SlateFontCache - WITH_FREETYPE: 1, WITH_HARFBUZZ: 1
[2018.03.28-21.52.37:599][  0]LogSlate: SlateFontCache - WITH_FREETYPE: 1, WITH_HARFBUZZ: 1
[2018.03.28-21.52.38:636][  0]LogAssetRegistry: FAssetRegistry took 0.0093 seconds to start up
[2018.03.28-21.52.38:660][  0]LogPackageLocalizationCache: Processed 7 localized package path(s) for 2 prioritized culture(s) in 0.023390 seconds
[2018.03.28-21.52.38:886][  0]LogInit: Selected Device Profile: [Windows]
[2018.03.28-21.52.39:730][  0]LogSimplygon: Simplygon DLL not present - disabling.
[2018.03.28-21.52.39:840][  0]LogMeshReduction: Using SimplygonSwarm for distributed automatic mesh merging
[2018.03.28-21.52.39:840][  0]LogMeshReduction: Using QuadricMeshReduction for automatic static mesh reduction
[2018.03.28-21.52.39:840][  0]LogMeshReduction: No automatic skeletal mesh reduction module available
[2018.03.28-21.52.39:840][  0]LogMeshReduction: No automatic mesh merging module available
[2018.03.28-21.52.39:840][  0]LogMeshMerging: No automatic mesh merging module available
[2018.03.28-21.52.39:909][  0]LogNetVersion: projectUnreal , NetCL: 3709383, EngineNetVer: 2, GameNetVer: 0 (Checksum: 476494951)
[2018.03.28-21.52.40:380][  0]LogInit: Warning: Passing commandline switches using / instead of - has been deprecated and will be removed in future versions of Unreal Engine.
[2018.03.28-21.52.40:380][  0]LogInit: Warning: Passing commandline switches using / instead of - has been deprecated and will be removed in future versions of Unreal Engine.
[2018.03.28-21.52.40:380][  0]LogInit: Warning: Passing commandline switches using / instead of - has been deprecated and will be removed in future versions of Unreal Engine.
[2018.03.28-21.52.44:685][  0]LogMoviePlayer: Initializing movie player
[2018.03.28-21.52.45:745][  0]LogCollectionManager: Loaded 0 collections in 0.004856 seconds
[2018.03.28-21.52.45:854][  0]LogFileCache: Scanning file cache for directory 'C:/Users/Miguel/Documents/GitHub/MasterUnreal/projectUnreal/Saved/Collections/' took 0.01s
[2018.03.28-21.52.45:854][  0]LogFileCache: Scanning file cache for directory 'C:/Users/Miguel/Documents/GitHub/MasterUnreal/projectUnreal/Content/Developers/Miguel/Collections/' took 0.01s
[2018.03.28-21.52.45:854][  0]LogFileCache: Scanning file cache for directory 'C:/Users/Miguel/Documents/GitHub/MasterUnreal/projectUnreal/Content/Collections/' took 0.01s
[2018.03.28-21.52.45:854][  0]LogCollectionManager: Rebuilt the object cache for 0 collections in 0.000001 seconds (found 0 objects)
[2018.03.28-21.52.45:854][  0]LogCollectionManager: Fixed up redirectors for 0 collections in 0.000139 seconds (updated 0 objects)
[2018.03.28-21.52.46:428][  0]LogTcpMessaging: Initializing TcpMessaging bridge
[2018.03.28-21.52.46:559][  0]LogUdpMessaging: Initializing bridge on interface 0.0.0.0:0 to multicast group 230.0.0.1:6666.
[2018.03.28-21.52.48:000][  0]LogInit: Warning: Passing commandline switches using / instead of - has been deprecated and will be removed in future versions of Unreal Engine.
[2018.03.28-21.52.48:001][  0]SourceControl: El control de código fuente está desactivado
[2018.03.28-21.52.48:001][  0]SourceControl: El control de código fuente está desactivado
[2018.03.28-21.52.48:180][  0]SourceControl: El control de código fuente está desactivado
[2018.03.28-21.52.49:763][  0]LogAndroidPermission: UAndroidPermissionCallbackProxy::GetInstance
[2018.03.28-21.52.50:835][  0]LogOcInput: OculusInput pre-init called
[2018.03.28-21.52.51:340][  0]LogUObjectArray: 38930 objects as part of root set at end of initial load.
[2018.03.28-21.52.51:340][  0]LogUObjectAllocator: 8563136 out of 0 bytes used by permanent object pool.
[2018.03.28-21.52.51:340][  0]LogUObjectArray: CloseDisregardForGC: 0/0 objects in disregard for GC pool
[2018.03.28-21.52.51:733][  0]LogEngine: Initializing Engine...
[2018.03.28-21.52.51:749][  0]LogHMD: Failed to initialize OpenVR with code 110
[2018.03.28-21.52.52:181][  0]LogStats: UGameplayTagsManager::ConstructGameplayTagTree: Construct from data asset -  0.000 s
[2018.03.28-21.52.52:181][  0]LogStats: UGameplayTagsManager::ConstructGameplayTagTree: GameplayTagTreeChangedEvent.Broadcast -  0.000 s
[2018.03.28-21.52.52:208][  0]LogInit: XAudio2 using 'Altavoces (Realtek High Definition Audio)' : 2 channels at 48 kHz using 32 bits per sample (channel mask 0x3)
[2018.03.28-21.52.52:259][  0]LogInit: FAudioDevice initialized.
[2018.03.28-21.52.52:309][  0]LogInit: Texture streaming: Enabled
[2018.03.28-21.52.52:360][  0]LogMaterial: Uniform references updated for custom material expression Custom.
[2018.03.28-21.52.53:702][  0]LogInit: Warning: Passing commandline switches using / instead of - has been deprecated and will be removed in future versions of Unreal Engine.
[2018.03.28-21.52.53:889][  0]LogInit: Display: Game Engine Initialized.
[2018.03.28-21.52.53:889][  0]LogGameplayTags: Display: UGameplayTagsManager::DoneAddingNativeTags. DelegateIsBound: 0
[2018.03.28-21.52.54:576][  0]LogInit: Display: Starting Game.
[2018.03.28-21.52.54:576][  0]LogNet: Browse: /Game/ThirdPersonBP/Maps/MenuPrincipal?Name=Player
[2018.03.28-21.52.54:576][  0]LogLoad: LoadMap: /Game/ThirdPersonBP/Maps/MenuPrincipal?Name=Player
[2018.03.28-21.52.55:168][  0]LogAIModule: Creating AISystem for world MenuPrincipal
[2018.03.28-21.52.55:459][  0]LogLoad: Game class is 'ThirdPersonGameMode_C'
[2018.03.28-21.52.55:462][  0]LogWorld: Bringing World /Game/ThirdPersonBP/Maps/MenuPrincipal.MenuPrincipal up for play (max tick rate 0) at 2018.03.28-23.52.55
[2018.03.28-21.52.55:462][  0]LogWorld: Bringing up level for play took: 0.001563
[2018.03.28-21.52.55:463][  0]LogGameMode: FindPlayerStart: PATHS NOT DEFINED or NO PLAYERSTART with positive rating
[2018.03.28-21.52.55:472][  0]LogLoad: Took 0.896102 seconds to LoadMap(/Game/ThirdPersonBP/Maps/MenuPrincipal)
[2018.03.28-21.52.56:042][  0]LogRenderer: Reallocating scene render targets to support 1280x720 Format 10 NumSamples 1 (Frame:1).
[2018.03.28-21.52.56:042][  0]LogLoad: (Engine Initialization) Total time: 29.83 seconds
[2018.03.28-21.52.56:042][  0]LogLoad: (Engine Initialization) Total Blueprint compile time: 0.00 seconds
[2018.03.28-21.52.56:042][  0]LogExternalProfiler: Found external profiler: VSPerf
[2018.03.28-21.52.56:042][  0]LogExternalProfiler: Using external profiler: VSPerf
[2018.03.28-21.52.56:066][  0]LogContentStreaming: Texture pool size now 1000 MB
[2018.03.28-21.53.19:160][424]LogNetVersion: projectUnreal 1.0.0.0, NetCL: 3709383, EngineNetVer: 2, GameNetVer: 0 (Checksum: 766569744)
[2018.03.28-21.53.19:648][449]LogOnline: Verbose: dumping NamedSession: 
[2018.03.28-21.53.19:648][449]LogOnline: Verbose: 	SessionName: GameSession
[2018.03.28-21.53.19:648][449]LogOnline: Verbose: 	HostingPlayerNum: 0
[2018.03.28-21.53.19:648][449]LogOnline: Verbose: 	SessionState: Pending
[2018.03.28-21.53.19:648][449]LogOnline: Verbose: 	RegisteredPlayers: 
[2018.03.28-21.53.19:648][449]LogOnline: Verbose: 	    0 registered players
[2018.03.28-21.53.19:661][449]LogOnline: Verbose: dumping Session: 
[2018.03.28-21.53.19:661][449]LogOnline: Verbose: 	OwningPlayerName: CLONER
[2018.03.28-21.53.19:661][449]LogOnline: Verbose: 	OwningPlayerId: CLONER [0x110000100041E6C]
[2018.03.28-21.53.19:661][449]LogOnline: Verbose: 	NumOpenPrivateConnections: 0
[2018.03.28-21.53.19:661][449]LogOnline: Verbose: 	NumOpenPublicConnections: 3
[2018.03.28-21.53.19:661][449]LogOnline: Verbose: 	SessionInfo: HostIP: INVALID SteamP2P: 76561197960535660:7777 Type: Lobby session SessionId: Lobby [0x1860000E5B2633F]
[2018.03.28-21.53.19:661][449]LogOnline: Verbose: dumping SessionSettings: 
[2018.03.28-21.53.19:661][449]LogOnline: Verbose: 	NumPublicConnections: 4
[2018.03.28-21.53.19:661][449]LogOnline: Verbose: 	NumPrivateConnections: 0
[2018.03.28-21.53.19:661][449]LogOnline: Verbose: 	bIsLanMatch: false
[2018.03.28-21.53.19:661][449]LogOnline: Verbose: 	bIsDedicated: false
[2018.03.28-21.53.19:661][449]LogOnline: Verbose: 	bUsesStats: false
[2018.03.28-21.53.19:661][449]LogOnline: Verbose: 	bShouldAdvertise: true
[2018.03.28-21.53.19:661][449]LogOnline: Verbose: 	bAllowJoinInProgress: true
[2018.03.28-21.53.19:661][449]LogOnline: Verbose: 	bAllowInvites: false
[2018.03.28-21.53.19:661][449]LogOnline: Verbose: 	bUsesPresence: true
[2018.03.28-21.53.19:661][449]LogOnline: Verbose: 	bAllowJoinViaPresence: true
[2018.03.28-21.53.19:661][449]LogOnline: Verbose: 	bAllowJoinViaPresenceFriendsOnly: false
[2018.03.28-21.53.19:661][449]LogOnline: Verbose: 	BuildUniqueId: 0x4025cb2a
[2018.03.28-21.53.19:661][449]LogOnline: Verbose: 	Settings:
[2018.03.28-21.53.19:662][449]LogBlueprintUserMessages: [GIPrincipal_C_0] Exito Crear Session
[2018.03.28-21.53.19:855][449]LogPackageName: SearchForPackageOnDisk took   0.183s to resolve EscenarioMain.umap.
[2018.03.28-21.53.20:001][449]LogPackageName: SearchForPackageOnDisk took   0.145s to resolve EscenarioMain.umap.
[2018.03.28-21.53.20:001][449]LogNet: Browse: /Game/ThirdPersonBP/Maps/EscenarioMain?Name=Player?listen
[2018.03.28-21.53.20:001][449]LogLoad: LoadMap: /Game/ThirdPersonBP/Maps/EscenarioMain?Name=Player?listen
[2018.03.28-21.53.20:208][449]LogAIModule: Creating AISystem for world EscenarioMain
[2018.03.28-21.53.20:399][449]LogLoad: Game class is 'ThirdPersonGameMode_C'
[2018.03.28-21.53.20:400][449]LogTemp: Display: ParseSettings for GameNetDriver
[2018.03.28-21.53.20:400][449]LogTemp: Display: ParseSettings for SteamNetDriver_0
[2018.03.28-21.53.20:400][449]LogTemp: Display: ParseSettings for GameNetDriver
[2018.03.28-21.53.20:400][449]LogNet: Display: SteamNetDriver_0 bound to port 7777
[2018.03.28-21.53.20:400][449]PacketHandlerLog: Loaded PacketHandler component: Engine.EngineHandlerComponentFactory (StatelessConnectHandlerComponent)
[2018.03.28-21.53.20:401][449]LogNet: GameNetDriver SteamNetDriver_0 IpNetDriver listening on port 7777
[2018.03.28-21.53.20:403][449]LogWorld: Bringing World /Game/ThirdPersonBP/Maps/EscenarioMain.EscenarioMain up for play (max tick rate 0) at 2018.03.28-23.53.20
[2018.03.28-21.53.20:403][449]LogWorld: Bringing up level for play took: 0.002250
[2018.03.28-21.53.20:408][449]LogLoad: Took 0.406700 seconds to LoadMap(/Game/ThirdPersonBP/Maps/EscenarioMain)
[2018.03.28-21.53.44:211][898]LogWindowsTextInputMethodSystem: Display: IME system now deactivated.
[2018.03.28-21.53.44:211][898]LogWindowsTextInputMethodSystem: Display: IME system now deactivated.
[2018.03.28-21.53.44:215][898]LogEngine: All Windows Closed
[2018.03.28-21.53.44:215][898]LogWindows: FPlatformMisc::RequestExit(0)
[2018.03.28-21.53.44:221][899]LogNet: World NetDriver shutdown SteamNetDriver_0 [GameNetDriver]
[2018.03.28-21.53.44:221][899]LogNet: DestroyNamedNetDriver SteamNetDriver_0 [GameNetDriver]
[2018.03.28-21.53.44:221][899]LogExit: GameNetDriver SteamNetDriver_0 shut down
[2018.03.28-21.53.44:777][899]LogExit: Preparing to exit.
[2018.03.28-21.53.44:777][899]LogMoviePlayer: Shutting down movie player
[2018.03.28-21.53.45:644][899]LogExit: Game engine shut down
[2018.03.28-21.53.45:741][899]LogExit: Object subsystem successfully closed.
[2018.03.28-21.53.45:758][899]LogD3D11RHI: Shutdown
[2018.03.28-21.53.45:758][899]LogD3D11RHI: CleanupD3DDevice
[2018.03.28-21.53.45:762][899]LogD3D11RHI: ~FD3D11DynamicRHI
[2018.03.28-21.53.45:791][899]LogModuleManager: Shutting down and abandoning module SequenceRecorderSections (314)
[2018.03.28-21.53.45:792][899]LogModuleManager: Shutting down and abandoning module SequenceRecorder (312)
[2018.03.28-21.53.45:792][899]LogModuleManager: Shutting down and abandoning module AutomationController (310)
[2018.03.28-21.53.45:792][899]LogModuleManager: Shutting down and abandoning module AutomationWorker (308)
[2018.03.28-21.53.45:792][899]LogModuleManager: Shutting down and abandoning module AIModule (306)
[2018.03.28-21.53.45:792][899]LogModuleManager: Shutting down and abandoning module GameplayDebugger (305)
[2018.03.28-21.53.45:792][899]LogModuleManager: Shutting down and abandoning module AITestSuite (303)
[2018.03.28-21.53.45:792][899]LogModuleManager: Shutting down and abandoning module WmfMediaFactory (300)
[2018.03.28-21.53.45:792][899]LogModuleManager: Shutting down and abandoning module OpenExrWrapper (298)
[2018.03.28-21.53.45:792][899]LogModuleManager: Shutting down and abandoning module ImgMediaFactory (296)
[2018.03.28-21.53.45:792][899]LogModuleManager: Shutting down and abandoning module AvfMediaFactory (294)
[2018.03.28-21.53.45:792][899]LogModuleManager: Shutting down and abandoning module CharacterAI (292)
[2018.03.28-21.53.45:792][899]LogModuleManager: Shutting down and abandoning module SessionServices (290)
[2018.03.28-21.53.45:792][899]LogModuleManager: Shutting down and abandoning module MovieSceneCapture (288)
[2018.03.28-21.53.45:792][899]LogModuleManager: Shutting down and abandoning module MovieSceneTracks (286)
[2018.03.28-21.53.45:792][899]LogModuleManager: Shutting down and abandoning module MovieScene (284)
[2018.03.28-21.53.45:792][899]LogModuleManager: Shutting down and abandoning module GeometryCache (282)
[2018.03.28-21.53.45:792][899]LogModuleManager: Shutting down and abandoning module GeometryCacheEd (281)
[2018.03.28-21.53.45:792][899]LogModuleManager: Shutting down and abandoning module StreamingPauseRendering (278)
[2018.03.28-21.53.45:792][899]LogModuleManager: Shutting down and abandoning module PortalServices (276)
[2018.03.28-21.53.45:792][899]LogModuleManager: Shutting down and abandoning module PortalRpc (274)
[2018.03.28-21.53.45:792][899]LogModuleManager: Shutting down and abandoning module MessagingRpc (272)
[2018.03.28-21.53.45:792][899]LogModuleManager: Shutting down and abandoning module ProfilerService (270)
[2018.03.28-21.53.45:971][899]LogModuleManager: Shutting down and abandoning module TaskGraph (268)
[2018.03.28-21.53.45:971][899]LogModuleManager: Shutting down and abandoning module SteamVRController (266)
[2018.03.28-21.53.45:971][899]LogModuleManager: Shutting down and abandoning module ProceduralMeshComponent (264)
[2018.03.28-21.53.45:971][899]LogModuleManager: Shutting down and abandoning module OculusInput (262)
[2018.03.28-21.53.45:971][899]LogModuleManager: Shutting down and abandoning module MobilePatchingUtils (260)
[2018.03.28-21.53.45:971][899]LogModuleManager: Shutting down and abandoning module CustomMeshComponent (258)
[2018.03.28-21.53.45:971][899]LogModuleManager: Shutting down and abandoning module CableComponent (256)
[2018.03.28-21.53.45:971][899]LogModuleManager: Shutting down and abandoning module ArchVisCharacter (254)
[2018.03.28-21.53.45:971][899]LogModuleManager: Shutting down and abandoning module AndroidPermission (252)
[2018.03.28-21.53.45:971][899]LogModuleManager: Shutting down and abandoning module ActorSequence (248)
[2018.03.28-21.53.45:971][899]LogModuleManager: Shutting down and abandoning module MediaCompositing (246)
[2018.03.28-21.53.45:971][899]LogModuleManager: Shutting down and abandoning module HTML5Networking (244)
[2018.03.28-21.53.45:971][899]LogModuleManager: Shutting down and abandoning module VisualStudioSourceCodeAccess (242)
[2018.03.28-21.53.45:971][899]LogModuleManager: Shutting down and abandoning module HotReload (241)
[2018.03.28-21.53.45:971][899]LogModuleManager: Shutting down and abandoning module VisualStudioCodeSourceCodeAccess (238)
[2018.03.28-21.53.45:971][899]LogModuleManager: Shutting down and abandoning module UObjectPlugin (236)
[2018.03.28-21.53.45:971][899]LogModuleManager: Shutting down and abandoning module SubversionSourceControl (234)
[2018.03.28-21.53.45:971][899]LogModuleManager: Shutting down and abandoning module PerforceSourceControl (232)
[2018.03.28-21.53.45:971][899]LogModuleManager: Shutting down and abandoning module SourceControl (231)
[2018.03.28-21.53.45:971][899]LogModuleManager: Shutting down and abandoning module RuntimePhysXCooking (228)
[2018.03.28-21.53.45:971][899]LogModuleManager: Shutting down and abandoning module PhysXVehiclesEditor (226)
[2018.03.28-21.53.45:971][899]LogModuleManager: Shutting down and abandoning module PhysXVehicles (224)
[2018.03.28-21.53.45:971][899]LogModuleManager: Shutting down and abandoning module LocationServicesBPLibrary (222)
[2018.03.28-21.53.45:971][899]LogModuleManager: Shutting down and abandoning module ImmediatePhysicsEditor (220)
[2018.03.28-21.53.45:971][899]LogModuleManager: Shutting down and abandoning module ImmediatePhysics (218)
[2018.03.28-21.53.45:972][899]LogModuleManager: Shutting down and abandoning module UdpMessaging (216)
[2018.03.28-21.53.46:072][899]LogModuleManager: Shutting down and abandoning module TcpMessaging (214)
[2018.03.28-21.53.46:452][899]LogModuleManager: Shutting down and abandoning module GameplayTagsEditor (212)
[2018.03.28-21.53.46:452][899]LogModuleManager: Shutting down and abandoning module FacialAnimation (210)
[2018.03.28-21.53.46:452][899]LogModuleManager: Shutting down and abandoning module AssetManagerEditor (208)
[2018.03.28-21.53.46:452][899]LogModuleManager: Shutting down and abandoning module GraphEditor (207)
[2018.03.28-21.53.46:452][899]LogModuleManager: Shutting down and abandoning module ContentBrowser (205)
[2018.03.28-21.53.46:452][899]LogModuleManager: Shutting down and abandoning module CollectionManager (204)
[2018.03.28-21.53.46:453][899]LogDirectoryWatcher: A directory notification for 'C:/Users/Miguel/Documents/GitHub/MasterUnreal/projectUnreal/Content/Collections/' was aborted.
[2018.03.28-21.53.46:453][899]LogDirectoryWatcher: A directory notification for 'C:/Users/Miguel/Documents/GitHub/MasterUnreal/projectUnreal/Content/Developers/Miguel/Collections/' was aborted.
[2018.03.28-21.53.46:453][899]LogDirectoryWatcher: A directory notification for 'C:/Users/Miguel/Documents/GitHub/MasterUnreal/projectUnreal/Saved/Collections/' was aborted.
[2018.03.28-21.53.46:453][899]LogModuleManager: Shutting down and abandoning module DirectoryWatcher (203)
[2018.03.28-21.53.46:453][899]LogModuleManager: Shutting down and abandoning module LightPropagationVolumeRuntime (198)
[2018.03.28-21.53.46:453][899]LogModuleManager: Shutting down and abandoning module Paper2D (196)
[2018.03.28-21.53.46:453][899]LogModuleManager: Shutting down and abandoning module WindowsMoviePlayer (194)
[2018.03.28-21.53.46:453][899]LogModuleManager: Shutting down and abandoning module WmfMedia (192)
[2018.03.28-21.53.46:455][899]LogModuleManager: Shutting down and abandoning module ImgMedia (190)
[2018.03.28-21.53.46:455][899]LogModuleManager: Shutting down and abandoning module PacketHandler (188)
[2018.03.28-21.53.46:455][899]LogModuleManager: Shutting down and abandoning module ClothingSystemEditor (186)
[2018.03.28-21.53.46:455][899]LogModuleManager: Shutting down and abandoning module ClothingSystemRuntime (184)
[2018.03.28-21.53.46:455][899]LogModuleManager: Shutting down and abandoning module MediaAssets (182)
[2018.03.28-21.53.46:455][899]LogModuleManager: Shutting down and abandoning module Media (181)
[2018.03.28-21.53.46:461][899]LogModuleManager: Shutting down and abandoning module Overlay (178)
[2018.03.28-21.53.46:461][899]LogModuleManager: Shutting down and abandoning module OverlayEditor (177)
[2018.03.28-21.53.46:461][899]LogModuleManager: Shutting down and abandoning module VREditor (174)
[2018.03.28-21.53.46:461][899]LogModuleManager: Shutting down and abandoning module StringTableEditor (172)
[2018.03.28-21.53.46:461][899]LogModuleManager: Shutting down and abandoning module GameplayTasksEditor (170)
[2018.03.28-21.53.46:461][899]LogModuleManager: Shutting down and abandoning module BehaviorTreeEditor (168)
[2018.03.28-21.53.46:461][899]LogModuleManager: Shutting down and abandoning module FunctionalTesting (166)
[2018.03.28-21.53.46:461][899]LogModuleManager: Shutting down and abandoning module CollisionAnalyzer (164)
[2018.03.28-21.53.46:461][899]LogModuleManager: Shutting down and abandoning module WorkspaceMenuStructure (163)
[2018.03.28-21.53.46:461][899]LogModuleManager: Shutting down and abandoning module UMG (160)
[2018.03.28-21.53.46:461][899]LogModuleManager: Shutting down and abandoning module UMGEditor (159)
[2018.03.28-21.53.46:461][899]LogModuleManager: Shutting down and abandoning module Sequencer (158)
[2018.03.28-21.53.46:461][899]LogModuleManager: Shutting down and abandoning module MessageLog (155)
[2018.03.28-21.53.46:462][899]LogModuleManager: Shutting down and abandoning module SlateReflector (150)
[2018.03.28-21.53.46:462][899]LogModuleManager: Shutting down and abandoning module Slate (148)
[2018.03.28-21.53.46:462][899]LogModuleManager: Shutting down and abandoning module EditorStyle (146)
[2018.03.28-21.53.46:466][899]LogModuleManager: Shutting down and abandoning module MRMesh (144)
[2018.03.28-21.53.46:466][899]LogModuleManager: Shutting down and abandoning module Messaging (142)
[2018.03.28-21.53.46:466][899]LogModuleManager: Shutting down and abandoning module SourceCodeAccess (140)
[2018.03.28-21.53.46:466][899]LogModuleManager: Shutting down and abandoning module HeadMountedDisplay (138)
[2018.03.28-21.53.46:466][899]LogModuleManager: Shutting down and abandoning module XAudio2 (136)
[2018.03.28-21.53.46:466][899]LogModuleManager: Shutting down and abandoning module Networking (134)
[2018.03.28-21.53.46:466][899]LogModuleManager: Shutting down and abandoning module Core (132)
[2018.03.28-21.53.46:466][899]LogModuleManager: Shutting down and abandoning module LevelSequence (130)
[2018.03.28-21.53.46:466][899]LogModuleManager: Shutting down and abandoning module KismetCompiler (128)
[2018.03.28-21.53.46:466][899]LogModuleManager: Shutting down and abandoning module MeshUtilities (126)
[2018.03.28-21.53.46:466][899]LogModuleManager: Shutting down and abandoning module MeshMergeUtilities (125)
[2018.03.28-21.53.46:466][899]LogModuleManager: Shutting down and abandoning module MeshReductionInterface (124)
[2018.03.28-21.53.46:466][899]LogModuleManager: Shutting down and abandoning module SimplygonSwarm (123)
[2018.03.28-21.53.46:466][899]LogModuleManager: Shutting down and abandoning module SimplygonMeshReduction (121)
[2018.03.28-21.53.46:466][899]LogModuleManager: Shutting down and abandoning module QuadricMeshReduction (119)
[2018.03.28-21.53.46:466][899]LogModuleManager: Shutting down and abandoning module MaterialBaking (115)
[2018.03.28-21.53.46:466][899]LogModuleManager: Shutting down and abandoning module DerivedDataCache (110)
[2018.03.28-21.53.46:635][899]LogDerivedDataCache: Shutdown
[2018.03.28-21.53.46:635][899]LogModuleManager: Shutting down and abandoning module TargetPlatform (108)
[2018.03.28-21.53.46:635][899]LogModuleManager: Shutting down and abandoning module VulkanShaderFormat (107)
[2018.03.28-21.53.46:635][899]LogModuleManager: Shutting down and abandoning module ShaderFormatVectorVM (105)
[2018.03.28-21.53.46:635][899]LogModuleManager: Shutting down and abandoning module ShaderFormatOpenGL (103)
[2018.03.28-21.53.46:636][899]LogModuleManager: Shutting down and abandoning module ShaderFormatD3D (101)
[2018.03.28-21.53.46:636][899]LogModuleManager: Shutting down and abandoning module MetalShaderFormat (99)
[2018.03.28-21.53.46:636][899]LogModuleManager: Shutting down and abandoning module TextureFormatUncompressed (97)
[2018.03.28-21.53.46:636][899]LogModuleManager: Shutting down and abandoning module TextureFormatPVR (95)
[2018.03.28-21.53.46:636][899]LogModuleManager: Shutting down and abandoning module TextureFormatDXT (93)
[2018.03.28-21.53.46:636][899]LogModuleManager: Shutting down and abandoning module TextureFormatIntelISPCTexComp (91)
[2018.03.28-21.53.46:636][899]LogModuleManager: Shutting down and abandoning module TextureFormatASTC (89)
[2018.03.28-21.53.46:636][899]LogModuleManager: Shutting down and abandoning module ImageWrapper (88)
[2018.03.28-21.53.46:636][899]LogModuleManager: Shutting down and abandoning module TextureFormatAndroid (85)
[2018.03.28-21.53.46:636][899]LogModuleManager: Shutting down and abandoning module AudioFormatOpus (83)
[2018.03.28-21.53.46:636][899]LogModuleManager: Shutting down and abandoning module AudioFormatOgg (81)
[2018.03.28-21.53.46:636][899]LogModuleManager: Shutting down and abandoning module AudioFormatADPCM (79)
[2018.03.28-21.53.46:636][899]LogModuleManager: Shutting down and abandoning module WindowsTargetPlatform (77)
[2018.03.28-21.53.46:636][899]LogModuleManager: Shutting down and abandoning module WindowsServerTargetPlatform (75)
[2018.03.28-21.53.46:636][899]LogModuleManager: Shutting down and abandoning module WindowsNoEditorTargetPlatform (73)
[2018.03.28-21.53.46:636][899]LogModuleManager: Shutting down and abandoning module WindowsClientTargetPlatform (71)
[2018.03.28-21.53.46:636][899]LogModuleManager: Shutting down and abandoning module InputCore (68)
[2018.03.28-21.53.46:636][899]LogModuleManager: Shutting down and abandoning module Settings (66)
[2018.03.28-21.53.46:636][899]LogModuleManager: Shutting down and abandoning module PhysXCooking (64)
[2018.03.28-21.53.46:636][899]LogModuleManager: Shutting down and abandoning module SteamVR (62)
[2018.03.28-21.53.46:636][899]LogModuleManager: Shutting down and abandoning module OculusHMD (60)
[2018.03.28-21.53.46:636][899]LogModuleManager: Shutting down and abandoning module ExampleDeviceProfileSelector (58)
[2018.03.28-21.53.46:636][899]LogModuleManager: Shutting down and abandoning module AppleARKit (56)
[2018.03.28-21.53.46:636][899]LogModuleManager: Shutting down and abandoning module AugmentedReality (55)
[2018.03.28-21.53.46:636][899]LogModuleManager: Shutting down and abandoning module OnlineBlueprintSupport (52)
[2018.03.28-21.53.46:636][899]LogModuleManager: Shutting down and abandoning module OnlineSubsystem (48)
[2018.03.28-21.53.46:636][899]LogOnline: Display: STEAM: OnlineSubsystemSteam::Shutdown()
[2018.03.28-21.53.46:636][899]LogOnline: Display: OSS: FOnlineAsyncTaskManager::Stop() ActiveTask:0000000000000000 Tasks[0/0]
[2018.03.28-21.53.46:676][899]LogOnline: Display: OSS: FOnlineAsyncTaskManager::Exit() started
[2018.03.28-21.53.46:676][899]LogOnline: Display: OSS: FOnlineAsyncTaskManager::Exit() finished
[2018.03.28-21.53.46:676][899]LogOnline: Display: STEAM: OnlineSubsystemSteam::Shutdown()
[2018.03.28-21.53.46:676][899]LogModuleManager: Shutting down and abandoning module XMPP (43)
[2018.03.28-21.53.46:676][899]LogModuleManager: Shutting down and abandoning module HTTP (41)
[2018.03.28-21.53.46:692][899]LogModuleManager: Shutting down and abandoning module SSL (40)
[2018.03.28-21.53.46:694][899]LogModuleManager: Shutting down and abandoning module AnimationModifiers (36)
[2018.03.28-21.53.46:694][899]LogModuleManager: Shutting down and abandoning module PropertyEditor (35)
[2018.03.28-21.53.46:694][899]LogModuleManager: Shutting down and abandoning module AudioEditor (32)
[2018.03.28-21.53.46:694][899]LogModuleManager: Shutting down and abandoning module TextureCompressor (30)
[2018.03.28-21.53.46:694][899]LogModuleManager: Shutting down and abandoning module ShaderCore (28)
[2018.03.28-21.53.46:694][899]LogModuleManager: Shutting down and abandoning module Landscape (26)
[2018.03.28-21.53.46:694][899]LogModuleManager: Shutting down and abandoning module SlateRHIRenderer (24)
[2018.03.28-21.53.46:695][899]LogModuleManager: Shutting down and abandoning module OpenGLDrv (22)
[2018.03.28-21.53.46:695][899]LogModuleManager: Shutting down and abandoning module D3D11RHI (20)
[2018.03.28-21.53.46:695][899]LogModuleManager: Shutting down and abandoning module AnimGraphRuntime (18)
[2018.03.28-21.53.46:695][899]LogModuleManager: Shutting down and abandoning module Renderer (16)
[2018.03.28-21.53.46:695][899]LogModuleManager: Shutting down and abandoning module Engine (14)
[2018.03.28-21.53.46:695][899]LogModuleManager: Shutting down and abandoning module CoreUObject (12)
[2018.03.28-21.53.46:695][899]LogModuleManager: Shutting down and abandoning module NetworkFile (10)
[2018.03.28-21.53.46:695][899]LogModuleManager: Shutting down and abandoning module CookedIterativeFile (8)
[2018.03.28-21.53.46:695][899]LogModuleManager: Shutting down and abandoning module StreamingFile (6)
[2018.03.28-21.53.46:695][899]LogModuleManager: Shutting down and abandoning module SandboxFile (4)
[2018.03.28-21.53.46:695][899]LogModuleManager: Shutting down and abandoning module PakFile (2)
[2018.03.28-21.53.46:699][899]LogExit: Exiting.
[2018.03.28-21.53.46:701][899]Log file closed, 03/28/18 23:53:46
