Log file open, 04/06/18 15:13:58
LogWindows: Failed to load 'aqProf.dll' (GetLastError=126)
LogWindows: File 'aqProf.dll' does not exist
LogWindows: Failed to load 'VSPerf140.dll' (GetLastError=126)
LogWindows: File 'VSPerf140.dll' does not exist
LogWindows: Failed to load 'VtuneApi.dll' (GetLastError=126)
LogWindows: File 'VtuneApi.dll' does not exist
LogWindows: Failed to load 'VtuneApi32e.dll' (GetLastError=126)
LogWindows: File 'VtuneApi32e.dll' does not exist
LogInit: Display: Running engine for game: projectUnreal
LogPlatformFile: Not using cached read wrapper
LogInit: Display: RandInit(1377697418) SRandInit(1377697418).
LogInit: Read version file with build ID '3709383'
LogInit: Overriding engine version to CL 3832480, compatible CL 3709383
LogInit: Registered custom module enumerator with build ID '3709383'
LogTaskGraph: Started task graph with 5 named threads and 14 total threads with 3 sets of task threads.
LogStats: Stats thread started at 0.189764
LogD3D11RHI: Aftermath initialized
LogModuleManager: Display: Found up-to-date module file ../../../Engine/Plugins/Online/OnlineSubsystemSteam/Binaries/Win64/UE4Editor-OnlineSubsystemSteam.dll (API version 3709383).
LogModuleManager: Display: Found up-to-date module file ../../../Engine/Plugins/Online/OnlineSubsystem/Binaries/Win64/UE4Editor-OnlineSubsystem.dll (API version 3709383).
LogModuleManager: Display: Found up-to-date module file ../../../Engine/Plugins/Online/OnlineSubsystemUtils/Binaries/Win64/UE4Editor-OnlineSubsystemUtils.dll (API version 3709383).
LogModuleManager: Display: Found up-to-date module file ../../../Engine/Plugins/Online/OnlineSubsystemUtils/Binaries/Win64/UE4Editor-OnlineBlueprintSupport.dll (API version 3709383).
LogModuleManager: Display: Found up-to-date module file ../../../Engine/Plugins/2D/Paper2D/Binaries/Win64/UE4Editor-Paper2D.dll (API version 3709383).
LogModuleManager: Display: Found up-to-date module file ../../../Engine/Plugins/2D/Paper2D/Binaries/Win64/UE4Editor-Paper2DEditor.dll (API version 3709383).
LogModuleManager: Display: Found up-to-date module file ../../../Engine/Plugins/2D/Paper2D/Binaries/Win64/UE4Editor-PaperSpriteSheetImporter.dll (API version 3709383).
LogModuleManager: Display: Found up-to-date module file ../../../Engine/Plugins/2D/Paper2D/Binaries/Win64/UE4Editor-PaperTiledImporter.dll (API version 3709383).
LogModuleManager: Display: Found up-to-date module file ../../../Engine/Plugins/2D/Paper2D/Binaries/Win64/UE4Editor-SmartSnapping.dll (API version 3709383).
LogModuleManager: Display: Found up-to-date module file ../../../Engine/Plugins/Blendables/LightPropagationVolume/Binaries/Win64/UE4Editor-LightPropagationVolumeRuntime.dll (API version 3709383).
LogModuleManager: Display: Found up-to-date module file ../../../Engine/Plugins/Blendables/LightPropagationVolume/Binaries/Win64/UE4Editor-LightPropagationVolumeEditor.dll (API version 3709383).
LogModuleManager: Display: Found up-to-date module file ../../../Engine/Plugins/Developer/GitSourceControl/Binaries/Win64/UE4Editor-GitSourceControl.dll (API version 3709383).
LogModuleManager: Display: Found up-to-date module file ../../../Engine/Plugins/Developer/PerforceSourceControl/Binaries/Win64/UE4Editor-PerforceSourceControl.dll (API version 3709383).
LogModuleManager: Display: Found up-to-date module file ../../../Engine/Plugins/Developer/SubversionSourceControl/Binaries/Win64/UE4Editor-SubversionSourceControl.dll (API version 3709383).
LogModuleManager: Display: Found up-to-date module file ../../../Engine/Plugins/Developer/UObjectPlugin/Binaries/Win64/UE4Editor-UObjectPlugin.dll (API version 3709383).
LogModuleManager: Display: Found up-to-date module file ../../../Engine/Plugins/Developer/VisualStudioCodeSourceCodeAccess/Binaries/Win64/UE4Editor-VisualStudioCodeSourceCodeAccess.dll (API version 3709383).
LogModuleManager: Display: Found up-to-date module file ../../../Engine/Plugins/Developer/VisualStudioSourceCodeAccess/Binaries/Win64/UE4Editor-VisualStudioSourceCodeAccess.dll (API version 3709383).
LogModuleManager: Display: Found up-to-date module file ../../../Engine/Plugins/Editor/AssetManagerEditor/Binaries/Win64/UE4Editor-AssetManagerEditor.dll (API version 3709383).
LogModuleManager: Display: Found up-to-date module file ../../../Engine/Plugins/Editor/AudioCapture/Binaries/Win64/UE4Editor-AudioCapture.dll (API version 3709383).
LogModuleManager: Display: Found up-to-date module file ../../../Engine/Plugins/Editor/FacialAnimation/Binaries/Win64/UE4Editor-FacialAnimation.dll (API version 3709383).
LogModuleManager: Display: Found up-to-date module file ../../../Engine/Plugins/Editor/FacialAnimation/Binaries/Win64/UE4Editor-FacialAnimationEditor.dll (API version 3709383).
LogModuleManager: Display: Found up-to-date module file ../../../Engine/Plugins/Editor/GameplayTagsEditor/Binaries/Win64/UE4Editor-GameplayTagsEditor.dll (API version 3709383).
LogModuleManager: Display: Found up-to-date module file ../../../Engine/Plugins/Editor/MobileLauncherProfileWizard/Binaries/Win64/UE4Editor-MobileLauncherProfileWizard.dll (API version 3709383).
LogModuleManager: Display: Found up-to-date module file ../../../Engine/Plugins/Editor/PluginBrowser/Binaries/Win64/UE4Editor-PluginBrowser.dll (API version 3709383).
LogModuleManager: Display: Found up-to-date module file ../../../Engine/Plugins/Editor/SpeedTreeImporter/Binaries/Win64/UE4Editor-SpeedTreeImporter.dll (API version 3709383).
LogModuleManager: Display: Found up-to-date module file ../../../Engine/Plugins/Experimental/AlembicImporter/Binaries/Win64/UE4Editor-AlembicImporter.dll (API version 3709383).
LogModuleManager: Display: Found up-to-date module file ../../../Engine/Plugins/Experimental/AlembicImporter/Binaries/Win64/UE4Editor-AlembicLibrary.dll (API version 3709383).
LogModuleManager: Display: Found up-to-date module file ../../../Engine/Plugins/Experimental/CharacterAI/Binaries/Win64/UE4Editor-CharacterAI.dll (API version 3709383).
LogModuleManager: Display: Found up-to-date module file ../../../Engine/Plugins/Experimental/HTML5Networking/Binaries/Win64/UE4Editor-HTML5Networking.dll (API version 3709383).
LogModuleManager: Display: Found up-to-date module file ../../../Engine/Plugins/Media/AndroidMedia/Binaries/Win64/UE4Editor-AndroidMediaEditor.dll (API version 3709383).
LogModuleManager: Display: Found up-to-date module file ../../../Engine/Plugins/Media/AndroidMedia/Binaries/Win64/UE4Editor-AndroidMediaFactory.dll (API version 3709383).
LogModuleManager: Display: Found up-to-date module file ../../../Engine/Plugins/Media/AvfMedia/Binaries/Win64/UE4Editor-AvfMediaEditor.dll (API version 3709383).
LogModuleManager: Display: Found up-to-date module file ../../../Engine/Plugins/Media/AvfMedia/Binaries/Win64/UE4Editor-AvfMediaFactory.dll (API version 3709383).
LogModuleManager: Display: Found up-to-date module file ../../../Engine/Plugins/Media/AvfMedia/Binaries/Win64/UE4Editor-AvfMediaFactory.dll (API version 3709383).
LogModuleManager: Display: Found up-to-date module file ../../../Engine/Plugins/Media/ImgMedia/Binaries/Win64/UE4Editor-ImgMedia.dll (API version 3709383).
LogModuleManager: Display: Found up-to-date module file ../../../Engine/Plugins/Media/ImgMedia/Binaries/Win64/UE4Editor-ImgMediaEditor.dll (API version 3709383).
LogModuleManager: Display: Found up-to-date module file ../../../Engine/Plugins/Media/ImgMedia/Binaries/Win64/UE4Editor-ImgMediaFactory.dll (API version 3709383).
LogModuleManager: Display: Found up-to-date module file ../../../Engine/Plugins/Media/ImgMedia/Binaries/Win64/UE4Editor-ImgMediaFactory.dll (API version 3709383).
LogModuleManager: Display: Found up-to-date module file ../../../Engine/Plugins/Media/ImgMedia/Binaries/Win64/UE4Editor-OpenExrWrapper.dll (API version 3709383).
LogModuleManager: Display: Found up-to-date module file ../../../Engine/Plugins/Media/MediaCompositing/Binaries/Win64/UE4Editor-MediaCompositing.dll (API version 3709383).
LogModuleManager: Display: Found up-to-date module file ../../../Engine/Plugins/Media/MediaCompositing/Binaries/Win64/UE4Editor-MediaCompositingEditor.dll (API version 3709383).
LogModuleManager: Display: Found up-to-date module file ../../../Engine/Plugins/Media/MediaPlayerEditor/Binaries/Win64/UE4Editor-MediaPlayerEditor.dll (API version 3709383).
LogModuleManager: Display: Found up-to-date module file ../../../Engine/Plugins/Media/WmfMedia/Binaries/Win64/UE4Editor-WmfMedia.dll (API version 3709383).
LogModuleManager: Display: Found up-to-date module file ../../../Engine/Plugins/Media/WmfMedia/Binaries/Win64/UE4Editor-WmfMediaEditor.dll (API version 3709383).
LogModuleManager: Display: Found up-to-date module file ../../../Engine/Plugins/Media/WmfMedia/Binaries/Win64/UE4Editor-WmfMediaFactory.dll (API version 3709383).
LogModuleManager: Display: Found up-to-date module file ../../../Engine/Plugins/Media/WmfMedia/Binaries/Win64/UE4Editor-WmfMediaFactory.dll (API version 3709383).
LogModuleManager: Display: Found up-to-date module file ../../../Engine/Plugins/Messaging/TcpMessaging/Binaries/Win64/UE4Editor-TcpMessaging.dll (API version 3709383).
LogModuleManager: Display: Found up-to-date module file ../../../Engine/Plugins/Messaging/UdpMessaging/Binaries/Win64/UE4Editor-UdpMessaging.dll (API version 3709383).
LogModuleManager: Display: Found up-to-date module file ../../../Engine/Plugins/MovieScene/ActorSequence/Binaries/Win64/UE4Editor-ActorSequence.dll (API version 3709383).
LogModuleManager: Display: Found up-to-date module file ../../../Engine/Plugins/MovieScene/LevelSequenceEditor/Binaries/Win64/UE4Editor-LevelSequenceEditor.dll (API version 3709383).
LogModuleManager: Display: Found up-to-date module file ../../../Engine/Plugins/MovieScene/MatineeToLevelSequence/Binaries/Win64/UE4Editor-MatineeToLevelSequence.dll (API version 3709383).
LogModuleManager: Display: Found up-to-date module file ../../../Engine/Plugins/Runtime/AndroidPermission/Binaries/Win64/UE4Editor-AndroidPermission.dll (API version 3709383).
LogModuleManager: Display: Found up-to-date module file ../../../Engine/Plugins/Online/OnlineSubsystemNull/Binaries/Win64/UE4Editor-OnlineSubsystemNull.dll (API version 3709383).
LogModuleManager: Display: Found up-to-date module file ../../../Engine/Plugins/Runtime/AndroidDeviceProfileSelector/Binaries/Win64/UE4Editor-AndroidDeviceProfileSelector.dll (API version 3709383).
LogModuleManager: Display: Found up-to-date module file ../../../Engine/Plugins/Runtime/AppleARKit/Binaries/Win64/UE4Editor-AppleARKit.dll (API version 3709383).
LogModuleManager: Display: Found up-to-date module file ../../../Engine/Plugins/Runtime/ArchVisCharacter/Binaries/Win64/UE4Editor-ArchVisCharacter.dll (API version 3709383).
LogModuleManager: Display: Found up-to-date module file ../../../Engine/Plugins/Runtime/CableComponent/Binaries/Win64/UE4Editor-CableComponent.dll (API version 3709383).
LogModuleManager: Display: Found up-to-date module file ../../../Engine/Plugins/Runtime/CustomMeshComponent/Binaries/Win64/UE4Editor-CustomMeshComponent.dll (API version 3709383).
LogModuleManager: Display: Found up-to-date module file ../../../Engine/Plugins/Runtime/ExampleDeviceProfileSelector/Binaries/Win64/UE4Editor-ExampleDeviceProfileSelector.dll (API version 3709383).
LogModuleManager: Display: Found up-to-date module file ../../../Engine/Plugins/Runtime/ImmediatePhysics/Binaries/Win64/UE4Editor-ImmediatePhysics.dll (API version 3709383).
LogModuleManager: Display: Found up-to-date module file ../../../Engine/Plugins/Runtime/ImmediatePhysics/Binaries/Win64/UE4Editor-ImmediatePhysicsEditor.dll (API version 3709383).
LogModuleManager: Display: Found up-to-date module file ../../../Engine/Plugins/Runtime/LocationServicesBPLibrary/Binaries/Win64/UE4Editor-LocationServicesBPLibrary.dll (API version 3709383).
LogModuleManager: Display: Found up-to-date module file ../../../Engine/Plugins/Runtime/MobilePatchingUtils/Binaries/Win64/UE4Editor-MobilePatchingUtils.dll (API version 3709383).
LogModuleManager: Display: Found up-to-date module file ../../../Engine/Plugins/Runtime/Oculus/OculusVR/Binaries/Win64/UE4Editor-OculusHMD.dll (API version 3709383).
LogModuleManager: Display: Found up-to-date module file ../../../Engine/Plugins/Runtime/Oculus/OculusVR/Binaries/Win64/UE4Editor-OculusInput.dll (API version 3709383).
LogModuleManager: Display: Found up-to-date module file ../../../Engine/Plugins/Runtime/Oculus/OculusVR/Binaries/Win64/UE4Editor-OculusEditor.dll (API version 3709383).
LogModuleManager: Display: Found up-to-date module file ../../../Engine/Plugins/Runtime/PhysXVehicles/Binaries/Win64/UE4Editor-PhysXVehicles.dll (API version 3709383).
LogModuleManager: Display: Found up-to-date module file ../../../Engine/Plugins/Runtime/PhysXVehicles/Binaries/Win64/UE4Editor-PhysXVehiclesEditor.dll (API version 3709383).
LogModuleManager: Display: Found up-to-date module file ../../../Engine/Plugins/Runtime/ProceduralMeshComponent/Binaries/Win64/UE4Editor-ProceduralMeshComponent.dll (API version 3709383).
LogModuleManager: Display: Found up-to-date module file ../../../Engine/Plugins/Runtime/ProceduralMeshComponent/Binaries/Win64/UE4Editor-ProceduralMeshComponentEditor.dll (API version 3709383).
LogModuleManager: Display: Found up-to-date module file ../../../Engine/Plugins/Runtime/RuntimePhysXCooking/Binaries/Win64/UE4Editor-RuntimePhysXCooking.dll (API version 3709383).
LogModuleManager: Display: Found up-to-date module file ../../../Engine/Plugins/Runtime/Steam/SteamVR/Binaries/Win64/UE4Editor-SteamVR.dll (API version 3709383).
LogModuleManager: Display: Found up-to-date module file ../../../Engine/Plugins/Runtime/Steam/SteamVR/Binaries/Win64/UE4Editor-SteamVRController.dll (API version 3709383).
LogModuleManager: Display: Found up-to-date module file ../../../Engine/Plugins/Runtime/WindowsMoviePlayer/Binaries/Win64/UE4Editor-WindowsMoviePlayer.dll (API version 3709383).
LogPluginManager: Mounting plugin Paper2D
LogPluginManager: Mounting plugin LightPropagationVolume
LogPluginManager: Mounting plugin CodeLiteSourceCodeAccess
LogPluginManager: Mounting plugin GitSourceControl
LogPluginManager: Mounting plugin KDevelopSourceCodeAccess
LogPluginManager: Mounting plugin NullSourceCodeAccess
LogPluginManager: Mounting plugin PerforceSourceControl
LogPluginManager: Mounting plugin SubversionSourceControl
LogPluginManager: Mounting plugin UObjectPlugin
LogPluginManager: Mounting plugin VisualStudioCodeSourceCodeAccess
LogPluginManager: Mounting plugin VisualStudioSourceCodeAccess
LogPluginManager: Mounting plugin XCodeSourceCodeAccess
LogPluginManager: Mounting plugin AssetManagerEditor
LogPluginManager: Mounting plugin AudioCapture
LogPluginManager: Mounting plugin FacialAnimation
LogPluginManager: Mounting plugin GameplayTagsEditor
LogPluginManager: Mounting plugin MobileLauncherProfileWizard
LogPluginManager: Mounting plugin PluginBrowser
LogPluginManager: Mounting plugin SpeedTreeImporter
LogPluginManager: Mounting plugin AlembicImporter
LogPluginManager: Mounting plugin CharacterAI
LogPluginManager: Mounting plugin HTML5Networking
LogPluginManager: Mounting plugin AndroidMedia
LogPluginManager: Mounting plugin AvfMedia
LogPluginManager: Mounting plugin ImgMedia
LogPluginManager: Mounting plugin MediaCompositing
LogPluginManager: Mounting plugin MediaPlayerEditor
LogPluginManager: Mounting plugin WmfMedia
LogPluginManager: Mounting plugin TcpMessaging
LogPluginManager: Mounting plugin UdpMessaging
LogPluginManager: Mounting plugin ActorSequence
LogPluginManager: Mounting plugin LevelSequenceEditor
LogPluginManager: Mounting plugin MatineeToLevelSequence
LogPluginManager: Mounting plugin OnlineSubsystemGooglePlay
LogPluginManager: Mounting plugin OnlineSubsystemIOS
LogPluginManager: Mounting plugin OnlineSubsystem
LogPluginManager: Mounting plugin OnlineSubsystemNull
LogPluginManager: Mounting plugin OnlineSubsystemSteam
LogPluginManager: Mounting plugin OnlineSubsystemUtils
LogPluginManager: Mounting plugin AndroidDeviceProfileSelector
LogPluginManager: Mounting plugin AndroidMoviePlayer
LogPluginManager: Mounting plugin AndroidPermission
LogPluginManager: Mounting plugin AppleARKit
LogPluginManager: Mounting plugin AppleMoviePlayer
LogPluginManager: Mounting plugin ArchVisCharacter
LogPluginManager: Mounting plugin CableComponent
LogPluginManager: Mounting plugin CustomMeshComponent
LogPluginManager: Mounting plugin ExampleDeviceProfileSelector
LogPluginManager: Mounting plugin GoogleCloudMessaging
LogPluginManager: Mounting plugin ImmediatePhysics
LogPluginManager: Mounting plugin IOSDeviceProfileSelector
LogPluginManager: Mounting plugin LinuxDeviceProfileSelector
LogPluginManager: Mounting plugin LocationServicesBPLibrary
LogPluginManager: Mounting plugin MobilePatchingUtils
LogPluginManager: Mounting plugin OculusVR
LogPluginManager: Plugin shader directory ../../../Engine/Plugins/Runtime/Oculus/OculusVR/Shaders found
LogPluginManager: Mapping shader source directory ../../../Engine/Plugins/Runtime/Oculus/OculusVR/Shaders to virtual directory /Plugin/OculusVR
LogPluginManager: Mounting plugin PhysXVehicles
LogPluginManager: Mounting plugin ProceduralMeshComponent
LogPluginManager: Mounting plugin RuntimePhysXCooking
LogPluginManager: Mounting plugin SteamVR
LogPluginManager: Mounting plugin WindowsMoviePlayer
LogInit: Using libcurl 7.47.1
LogInit:  - built for x86_64-pc-win32
LogInit:  - supports SSL with OpenSSL/1.0.2g
LogInit:  - supports HTTP deflate (compression) using libz 1.2.8
LogInit:  - other features:
LogInit:      CURL_VERSION_SSL
LogInit:      CURL_VERSION_LIBZ
LogInit:      CURL_VERSION_IPV6
LogInit:      CURL_VERSION_ASYNCHDNS
LogInit:      CURL_VERSION_LARGEFILE
LogInit:      CURL_VERSION_IDN
LogInit:  CurlRequestOptions (configurable via config and command line):
LogInit:  - bVerifyPeer = false  - Libcurl will NOT verify peer certificate
LogInit:  - bUseHttpProxy = false  - Libcurl will NOT use HTTP proxy
LogInit:  - bDontReuseConnections = false  - Libcurl will reuse connections
LogInit:  - CertBundlePath = nullptr  - Libcurl will use whatever was configured at build time.
LogOnline: Display: STEAM: Loading Steam SDK 1.39
LogOnline: Warning: STEAM: Steam API disabled!
LogOnline: Display: STEAM: OnlineSubsystemSteam::Shutdown()
LogInit: WinSock: version 1.1 (2.2), MaxSocks=32767, MaxUdp=65467
LogInit: Build: ++UE4+Release-4.18-CL-3832480
LogInit: Engine Version: 4.18.3-3832480+++UE4+Release-4.18
LogInit: Compatible Engine Version: 4.18.0-3709383+++UE4+Release-4.18
LogInit: Net CL: 3709383
LogDevObjectVersion: Number of dev versions registered: 16
LogDevObjectVersion:   Dev-Blueprints (B0D832E4-1F89-4F0D-ACCF-7EB736FD4AA2): 10
LogDevObjectVersion:   Dev-Build (E1C64328-A22C-4D53-A36C-8E866417BD8C): 0
LogDevObjectVersion:   Dev-Core (375EC13C-06E4-48FB-B500-84F0262A717E): 2
LogDevObjectVersion:   Dev-Editor (E4B068ED-F494-42E9-A231-DA0B2E46BB41): 20
LogDevObjectVersion:   Dev-Framework (CFFC743F-43B0-4480-9391-14DF171D2073): 30
LogDevObjectVersion:   Dev-Mobile (B02B49B5-BB20-44E9-A304-32B752E40360): 0
LogDevObjectVersion:   Dev-Networking (A4E4105C-59A1-49B5-A7C5-40C4547EDFEE): 0
LogDevObjectVersion:   Dev-Online (39C831C9-5AE6-47DC-9A44-9C173E1C8E7C): 0
LogDevObjectVersion:   Dev-Physics (78F01B33-EBEA-4F98-B9B4-84EACCB95AA2): 0
LogDevObjectVersion:   Dev-Platform (6631380F-2D4D-43E0-8009-CF276956A95A): 0
LogDevObjectVersion:   Dev-Rendering (12F88B9F-8875-4AFC-A67C-D90C383ABD29): 20
LogDevObjectVersion:   Dev-Sequencer (7B5AE74C-D270-4C10-A958-57980B212A5A): 4
LogDevObjectVersion:   Dev-VR (D7296918-1DD6-4BDD-9DE2-64A83CC13884): 0
LogDevObjectVersion:   Dev-LoadTimes (C2A15278-BFE7-4AFE-6C17-90FF531DF755): 1
LogDevObjectVersion:   Private-Geometry (6EACA3D4-40EC-4CC1-B786-8BED09428FC5): 1
LogDevObjectVersion:   Dev-AnimPhys (29E575DD-E0A3-4627-9D10-D276232CDCEA): 12
LogInit: Compiled (64-bit): Jan 12 2018 02:04:55
LogInit: Compiled with Visual C++: 19.00.24215.01
LogInit: Build Configuration: Development
LogInit: Branch Name: ++UE4+Release-4.18
LogInit: Command line: -EpicPortal 
LogInit: Base directory: C:/Program Files/Epic Games/UE_4.18/Engine/Binaries/Win64/
LogInit: Installed Engine Build: 1
LogInit: Presizing for max 8388607 objects, including 0 objects not considered by GC, pre-allocating 0 bytes for permanent pool.
LogInit: Object subsystem initialized
[2018.04.06-13.14.01:002][  0]LogInit: Selected Device Profile: [Windows]
[2018.04.06-13.14.01:002][  0]LogInit: Applying CVar settings loaded from the selected device profile: [Windows]
[2018.04.06-13.14.01:014][  0]LogInit: Computer: DESKTOP-93UCMT4
[2018.04.06-13.14.01:014][  0]LogInit: User: Alumno
[2018.04.06-13.14.01:014][  0]LogInit: CPU Page size=4096, Cores=4
[2018.04.06-13.14.01:014][  0]LogInit: High frequency timer resolution =2.648438 MHz
[2018.04.06-13.14.01:014][  0]LogMemory: Memory total: Physical=7.9GB (8GB approx)
[2018.04.06-13.14.01:014][  0]LogMemory: Platform Memory Stats for Windows
[2018.04.06-13.14.01:014][  0]LogMemory: Process Physical Memory: 273.92 MB used, 273.92 MB peak
[2018.04.06-13.14.01:014][  0]LogMemory: Process Virtual Memory: 272.07 MB used, 272.07 MB peak
[2018.04.06-13.14.01:014][  0]LogMemory: Physical Memory: 3384.79 MB used,  4743.88 MB free, 8128.67 MB total
[2018.04.06-13.14.01:015][  0]LogMemory: Virtual Memory: 631.41 MB used,  4743.88 MB free, 134217728.00 MB total
[2018.04.06-13.14.01:198][  0]LogInit: Overriding language with editor language configuration option (en).
[2018.04.06-13.14.01:198][  0]LogInit: Overriding locale with editor locale configuration option (en).
[2018.04.06-13.14.01:658][  0]LogInit: Setting process to per monitor DPI aware
[2018.04.06-13.14.01:935][  0]LogD3D11RHI: D3D11 adapters:
[2018.04.06-13.14.01:965][  0]LogD3D11RHI:    0. 'NVIDIA GeForce GTX 750 Ti' (Feature Level 11_0)
[2018.04.06-13.14.01:965][  0]LogD3D11RHI:       2017/0/4064 MB DedicatedVideo/DedicatedSystem/SharedSystem, Outputs:1, VendorId:0x10de
[2018.04.06-13.14.01:967][  0]LogD3D11RHI:    1. 'Microsoft Basic Render Driver' (Feature Level 11_0)
[2018.04.06-13.14.01:967][  0]LogD3D11RHI:       0/0/4064 MB DedicatedVideo/DedicatedSystem/SharedSystem, Outputs:0, VendorId:0x1414
[2018.04.06-13.14.01:967][  0]LogD3D11RHI: Chosen D3D11 Adapter: 0
[2018.04.06-13.14.01:972][  0]LogD3D11RHI: Creating new Direct3DDevice
[2018.04.06-13.14.01:972][  0]LogD3D11RHI:     GPU DeviceId: 0x1380 (for the marketing name, search the web for "GPU Device Id")
[2018.04.06-13.14.01:972][  0]LogWindows: EnumDisplayDevices:
[2018.04.06-13.14.01:972][  0]LogWindows:    0. 'NVIDIA GeForce GTX 750 Ti' (P:1 D:1)
[2018.04.06-13.14.01:972][  0]LogWindows:    1. 'NVIDIA GeForce GTX 750 Ti' (P:0 D:0)
[2018.04.06-13.14.01:972][  0]LogWindows:    2. 'NVIDIA GeForce GTX 750 Ti' (P:0 D:0)
[2018.04.06-13.14.01:973][  0]LogWindows:    3. 'NVIDIA GeForce GTX 750 Ti' (P:0 D:0)
[2018.04.06-13.14.01:973][  0]LogWindows: DebugString: FoundDriverCount:4 
[2018.04.06-13.14.01:973][  0]LogD3D11RHI:     Adapter Name: NVIDIA GeForce GTX 750 Ti
[2018.04.06-13.14.01:973][  0]LogD3D11RHI:   Driver Version: 388.13 (internal:23.21.13.8813, unified:388.13)
[2018.04.06-13.14.01:973][  0]LogD3D11RHI:      Driver Date: 10-27-2017
[2018.04.06-13.14.01:973][  0]LogRHI: Texture pool is 1412 MB (70% of 2017 MB)
[2018.04.06-13.14.01:987][  0]LogD3D11RHI: Async texture creation enabled
[2018.04.06-13.14.01:997][  0]LogD3D11RHI: GPU Timing Frequency: 1000.000000 (Debug: 2 1)
[2018.04.06-13.14.01:999][  0]LogShaderCompilers: Guid format shader working directory is -27 characters bigger than the processId version (../../../../../../Users/Alumno/Documents/GitHub/MasterUnreal/projectUnreal/Intermediate/Shaders/WorkingDirectory/8052/).
[2018.04.06-13.14.01:999][  0]LogShaderCompilers: Cleaned the shader compiler working directory 'C:/Users/Alumno/AppData/Local/Temp/UnrealShaderWorkingDir/781B53284DE5CBB8888E85843178984D/'.
[2018.04.06-13.14.01:999][  0]LogShaderCompilers: Display: Using Local Shader Compiler.
[2018.04.06-13.14.03:004][  0]LogTemp: Display: Loaded TP AllDesktopTargetPlatform
[2018.04.06-13.14.03:070][  0]LogTemp: Display: Loaded TP MacClientTargetPlatform
[2018.04.06-13.14.03:137][  0]LogTemp: Display: Loaded TP MacNoEditorTargetPlatform
[2018.04.06-13.14.03:204][  0]LogTemp: Display: Loaded TP MacServerTargetPlatform
[2018.04.06-13.14.03:272][  0]LogTemp: Display: Loaded TP MacTargetPlatform
[2018.04.06-13.14.03:338][  0]LogTemp: Display: Loaded TP WindowsClientTargetPlatform
[2018.04.06-13.14.03:405][  0]LogTemp: Display: Loaded TP WindowsNoEditorTargetPlatform
[2018.04.06-13.14.03:472][  0]LogTemp: Display: Loaded TP WindowsServerTargetPlatform
[2018.04.06-13.14.03:529][  0]LogTemp: Display: Loaded TP WindowsTargetPlatform
[2018.04.06-13.14.03:592][  0]LogTemp: Display: Loaded TP Android_ASTCTargetPlatform
[2018.04.06-13.14.03:656][  0]LogTemp: Display: Loaded TP Android_ATCTargetPlatform
[2018.04.06-13.14.03:720][  0]LogTemp: Display: Loaded TP Android_DXTTargetPlatform
[2018.04.06-13.14.03:787][  0]LogTemp: Display: Loaded TP Android_ETC1TargetPlatform
[2018.04.06-13.14.03:851][  0]LogTemp: Display: Loaded TP Android_ETC2TargetPlatform
[2018.04.06-13.14.03:979][  0]LogTemp: Display: Loaded TP Android_MultiTargetPlatform
[2018.04.06-13.14.03:979][  0]LogTemp: Display: Loaded TP Android_PVRTCTargetPlatform
[2018.04.06-13.14.04:044][  0]LogTemp: Display: Loaded TP AndroidTargetPlatform
[2018.04.06-13.14.04:097][  0]LogTemp: Display: Loaded TP HTML5TargetPlatform
[2018.04.06-13.14.04:208][  0]LogTemp: Display: Loaded TP IOSTargetPlatform
[2018.04.06-13.14.04:241][  0]LogTemp: Display: Loaded TP TVOSTargetPlatform
[2018.04.06-13.14.04:305][  0]LogTemp: Display: Loaded TP LinuxClientTargetPlatform
[2018.04.06-13.14.04:370][  0]LogTemp: Display: Loaded TP LinuxNoEditorTargetPlatform
[2018.04.06-13.14.04:435][  0]LogTemp: Display: Loaded TP LinuxServerTargetPlatform
[2018.04.06-13.14.04:500][  0]LogTemp: Display: Loaded TP LinuxTargetPlatform
[2018.04.06-13.14.04:500][  0]LogTargetPlatformManager: Display: Building Assets For Windows
[2018.04.06-13.14.05:078][  0]LogDerivedDataCache: Display: Max Cache Size: 512 MB
[2018.04.06-13.14.05:193][  0]LogDerivedDataCache: Loaded boot cache 0.12s 78MB C:/Users/Alumno/AppData/Local/UnrealEngine/4.18/DerivedDataCache/Boot.ddc.
[2018.04.06-13.14.05:193][  0]LogDerivedDataCache: Display: Loaded Boot cache: C:/Users/Alumno/AppData/Local/UnrealEngine/4.18/DerivedDataCache/Boot.ddc
[2018.04.06-13.14.05:194][  0]LogDerivedDataCache: FDerivedDataBackendGraph:  Pak pak cache file ../../../../../../Users/Alumno/Documents/GitHub/MasterUnreal/projectUnreal/DerivedDataCache/DDC.ddp not found, will not use a pak cache.
[2018.04.06-13.14.05:194][  0]LogDerivedDataCache: Unable to find inner node Pak for hierarchical cache Hierarchy.
[2018.04.06-13.14.05:194][  0]LogDerivedDataCache: FDerivedDataBackendGraph:  CompressedPak pak cache file ../../../../../../Users/Alumno/Documents/GitHub/MasterUnreal/projectUnreal/DerivedDataCache/Compressed.ddp not found, will not use a pak cache.
[2018.04.06-13.14.05:194][  0]LogDerivedDataCache: Unable to find inner node CompressedPak for hierarchical cache Hierarchy.
[2018.04.06-13.14.05:213][  0]LogDerivedDataCache: Display: Pak cache opened for reading ../../../Engine/DerivedDataCache/Compressed.ddp.
[2018.04.06-13.14.05:226][  0]LogDerivedDataCache: Using Local data cache path C:/Users/Alumno/AppData/Local/UnrealEngine/Common/DerivedDataCache: Writable
[2018.04.06-13.14.05:238][  0]LogMaterial: Verifying Global Shaders for PCD3D_SM5
[2018.04.06-13.14.05:238][  0]LogSlate: Using Freetype 2.6.0
[2018.04.06-13.14.05:239][  0]LogSlate: SlateFontCache - WITH_FREETYPE: 1, WITH_HARFBUZZ: 1
[2018.04.06-13.14.05:239][  0]LogSlate: SlateFontCache - WITH_FREETYPE: 1, WITH_HARFBUZZ: 1
[2018.04.06-13.14.05:670][  0]LogInit: Selected Device Profile: [Windows]
[2018.04.06-13.14.06:085][  0]LogSimplygon: Simplygon DLL not present - disabling.
[2018.04.06-13.14.06:138][  0]LogMeshReduction: Using SimplygonSwarm for distributed automatic mesh merging
[2018.04.06-13.14.06:138][  0]LogMeshReduction: Using QuadricMeshReduction for automatic static mesh reduction
[2018.04.06-13.14.06:138][  0]LogMeshReduction: No automatic skeletal mesh reduction module available
[2018.04.06-13.14.06:138][  0]LogMeshReduction: No automatic mesh merging module available
[2018.04.06-13.14.06:138][  0]LogMeshMerging: No automatic mesh merging module available
[2018.04.06-13.14.06:171][  0]LogNetVersion: projectUnreal , NetCL: 3709383, EngineNetVer: 2, GameNetVer: 0 (Checksum: 476494951)
[2018.04.06-13.14.06:371][  0]LogAssetRegistry: FAssetRegistry took 0.0277 seconds to start up
[2018.04.06-13.14.06:970][  0]LogPackageLocalizationCache: Processed 7 localized package path(s) for 1 prioritized culture(s) in 0.044908 seconds
[2018.04.06-13.14.06:976][  0]LogUObjectArray: 35877 objects as part of root set at end of initial load.
[2018.04.06-13.14.06:976][  0]LogUObjectAllocator: 7577640 out of 0 bytes used by permanent object pool.
[2018.04.06-13.14.06:976][  0]LogUObjectArray: CloseDisregardForGC: 0/0 objects in disregard for GC pool
[2018.04.06-13.14.10:415][  0]LogTcpMessaging: Initializing TcpMessaging bridge
[2018.04.06-13.14.10:467][  0]LogUdpMessaging: Initializing bridge on interface 0.0.0.0:0 to multicast group 230.0.0.1:6666.
[2018.04.06-13.14.11:362][  0]LogMaterial: Uniform references updated for custom material expression Custom.
[2018.04.06-13.14.11:915][  0]SourceControl: Source control is disabled
[2018.04.06-13.14.11:915][  0]SourceControl: Source control is disabled
[2018.04.06-13.14.11:985][  0]SourceControl: Source control is disabled
[2018.04.06-13.14.12:057][  0]SourceControl: Source control is disabled
[2018.04.06-13.14.13:074][  0]LogAndroidPermission: UAndroidPermissionCallbackProxy::GetInstance
[2018.04.06-13.14.13:439][  0]LogOcInput: OculusInput pre-init called
[2018.04.06-13.14.13:812][  0]LogEngine: Initializing Engine...
[2018.04.06-13.14.13:814][  0]LogHMD: Failed to initialize OpenVR with code 110
[2018.04.06-13.14.14:098][  0]LogStats: UGameplayTagsManager::ConstructGameplayTagTree: Construct from data asset -  0.000 s
[2018.04.06-13.14.14:098][  0]LogStats: UGameplayTagsManager::ConstructGameplayTagTree: GameplayTagTreeChangedEvent.Broadcast -  0.000 s
[2018.04.06-13.14.14:276][  0]LogAIModule: Creating AISystem for world Untitled
[2018.04.06-13.14.14:285][  0]LogInit: XAudio2 using 'Altavoces (Realtek High Definition Audio)' : 2 channels at 48 kHz using 32 bits per sample (channel mask 0x3)
[2018.04.06-13.14.14:310][  0]LogInit: FAudioDevice initialized.
[2018.04.06-13.14.14:623][  0]LogDerivedDataCache: Saved boot cache 0.31s 78MB C:/Users/Alumno/AppData/Local/UnrealEngine/4.18/DerivedDataCache/Boot.ddc.
[2018.04.06-13.14.14:642][  0]LogInit: Texture streaming: Enabled
[2018.04.06-13.14.14:766][  0]LogEngineSessionManager: EngineSessionManager initialized
[2018.04.06-13.14.14:937][  0]LogInit: Transaction tracking system initialized
[2018.04.06-13.14.15:355][  0]BlueprintLog: New page: Editor Load
[2018.04.06-13.14.16:535][  0]LocalizationService: Localization service is disabled
[2018.04.06-13.14.17:518][  0]LogConsoleResponse: Display: 
[2018.04.06-13.14.17:724][  0]LogCook: Display: Max memory allowance for cook 16384mb min free memory 0mb
[2018.04.06-13.14.17:724][  0]LogCook: Display: Mobile HDR setting 1
[2018.04.06-13.14.17:724][  0]LogGameplayTags: Display: UGameplayTagsManager::DoneAddingNativeTags. DelegateIsBound: 0
[2018.04.06-13.14.18:423][  0]LogFileCache: Scanning file cache for directory 'C:/Users/Alumno/Documents/GitHub/MasterUnreal/projectUnreal/Content/' took 0.02s
[2018.04.06-13.14.19:315][  0]SourceControl: Source control is disabled
[2018.04.06-13.14.19:315][  0]Cmd: MAP LOAD FILE="../../../../../../Users/Alumno/Documents/GitHub/MasterUnreal/projectUnreal/Content/ThirdPersonBP/Maps/MenuPrincipal.umap" TEMPLATE=0 SHOWPROGRESS=1 FEATURELEVEL=3
[2018.04.06-13.14.19:315][  0]LightingResults: New page: Lighting Build
[2018.04.06-13.14.19:372][  0]MapCheck: New page: Map Check
[2018.04.06-13.14.19:372][  0]LightingResults: New page: Lighting Build
[2018.04.06-13.14.19:773][  0]LogAIModule: Creating AISystem for world MenuPrincipal
[2018.04.06-13.14.19:774][  0]LogEditorServer: Finished looking for orphan Actors (0.000 secs)
[2018.04.06-13.14.19:786][  0]Cmd: MAP CHECKDEP NOCLEARLOG
[2018.04.06-13.14.19:862][  0]MapCheck: Map check complete: 0 Error(s), 0 Warning(s), took 76.254ms to complete.
[2018.04.06-13.14.19:862][  0]LogFileHelpers: Loading map 'MenuPrincipal' took 0.548
[2018.04.06-13.14.20:052][  0]LogCollectionManager: Loaded 0 collections in 0.001882 seconds
[2018.04.06-13.14.20:153][  0]LogFileCache: Scanning file cache for directory 'C:/Users/Alumno/Documents/GitHub/MasterUnreal/projectUnreal/Saved/Collections/' took 0.01s
[2018.04.06-13.14.20:154][  0]LogFileCache: Scanning file cache for directory 'C:/Users/Alumno/Documents/GitHub/MasterUnreal/projectUnreal/Content/Developers/Alumno/Collections/' took 0.01s
[2018.04.06-13.14.20:154][  0]LogFileCache: Scanning file cache for directory 'C:/Users/Alumno/Documents/GitHub/MasterUnreal/projectUnreal/Content/Collections/' took 0.01s
[2018.04.06-13.14.20:154][  0]LogCollectionManager: Rebuilt the GUID cache for 0 collections in 0.000001 seconds
[2018.04.06-13.14.20:164][  0]LogContentBrowser: Native class hierarchy populated in 0.0101 seconds. Added 2365 classes and 522 folders.
[2018.04.06-13.14.20:249][  0]LogContentBrowser: Native class hierarchy updated for 'WidgetCarousel' in 0.0004 seconds. Added 0 classes and 0 folders.
[2018.04.06-13.14.20:827][  0]LogContentBrowser: Native class hierarchy updated for 'AddContentDialog' in 0.0004 seconds. Added 0 classes and 0 folders.
[2018.04.06-13.14.20:915][  0]LogContentBrowser: Native class hierarchy updated for 'SceneOutliner' in 0.0003 seconds. Added 1 classes and 2 folders.
[2018.04.06-13.14.20:990][  0]LogSlate: Took 0.000552 seconds to synchronously load lazily loaded font '../../../Engine/Content/Slate/Fonts/Roboto-Regular.ttf' (155K)
[2018.04.06-13.14.20:995][  0]LogSlate: Took 0.000443 seconds to synchronously load lazily loaded font '../../../Engine/Content/Slate/Fonts/Roboto-Bold.ttf' (160K)
[2018.04.06-13.14.21:014][  0]LogSlate: Took 0.009955 seconds to synchronously load lazily loaded font '../../../Engine/Content/Editor/Slate/Fonts/FontAwesome.ttf' (139K)
[2018.04.06-13.14.21:142][  0]LogRenderer: Reallocating scene render targets to support 988x576 Format 10 NumSamples 1 (Frame:1).
[2018.04.06-13.14.21:328][  0]LogContentBrowser: Native class hierarchy updated for 'HierarchicalLODOutliner' in 0.0003 seconds. Added 1 classes and 2 folders.
[2018.04.06-13.14.21:328][  0]LogLoad: (Engine Initialization) Total time: 23.76 seconds
[2018.04.06-13.14.21:328][  0]LogLoad: (Engine Initialization) Total Blueprint compile time: 0.00 seconds
[2018.04.06-13.14.21:328][  0]LogExternalProfiler: No external profilers were discovered.  External profiling features will not be available.
[2018.04.06-13.14.21:355][  0]LogContentStreaming: Texture pool size now 1000 MB
[2018.04.06-13.14.21:396][  1]LogAssetRegistry: Asset discovery search completed in 15.0477 seconds
[2018.04.06-13.14.21:398][  1]LogCollectionManager: Rebuilt the object cache for 0 collections in 0.000001 seconds (found 0 objects)
[2018.04.06-13.14.21:398][  1]LogCollectionManager: Fixed up redirectors for 0 collections in 0.000071 seconds (updated 0 objects)
[2018.04.06-13.14.22:378][102]LogSlate: Took 0.020439 seconds to synchronously load lazily loaded font '../../../Engine/Content/Slate/Fonts/Roboto-Light.ttf' (159K)
[2018.04.06-13.14.25:405][444]LogAudioDerivedData: Display: Building compressed audio format OGG wave 151065__vabadus__beretta-m9-shot...
[2018.04.06-13.14.25:503][444]LogSlate: Took 0.000195 seconds to synchronously load lazily loaded font '../../../Engine/Content/Slate/Fonts/Roboto-Light.ttf' (159K)
[2018.04.06-13.14.25:512][444]LogAudioDerivedData: Display: Building compressed audio format OGG wave 221560__alaskarobotics__laser-shot...
[2018.04.06-13.14.25:553][444]LogAudioDerivedData: Display: Building compressed audio format OGG wave 253648__orangefreesounds__retro-music-loop-120-bpm...
[2018.04.06-13.14.25:731][444]LogAudioDerivedData: Display: Building compressed audio format OGG wave 326064__robinhood76__06080-man-falling-1...
[2018.04.06-13.14.25:815][444]LogAudioDerivedData: Display: Building compressed audio format OGG wave 44430__thecheeseman__hurt3...
[2018.04.06-13.14.30:773][ 23]LogSlate: Took 0.000222 seconds to synchronously load lazily loaded font '../../../Engine/Content/Slate/Fonts/Roboto-Light.ttf' (159K)
[2018.04.06-13.14.31:059][ 23]LogAIModule: Creating AISystem for world EscenarioMain
[2018.04.06-13.14.31:115][ 23]Cmd: MAP LOAD FILE="../../../../../../Users/Alumno/Documents/GitHub/MasterUnreal/projectUnreal/Content/ThirdPersonBP/Maps/EscenarioMain.umap" TEMPLATE=0 SHOWPROGRESS=1 FEATURELEVEL=3
[2018.04.06-13.14.31:115][ 23]LightingResults: New page: Lighting Build
[2018.04.06-13.14.31:116][ 23]LoadErrors: New page: Loading map: EscenarioMain.umap
[2018.04.06-13.14.31:117][ 23]MapCheck: New page: Map Check
[2018.04.06-13.14.31:117][ 23]LightingResults: New page: Lighting Build
[2018.04.06-13.14.31:199][ 23]LogEditorServer: Finished looking for orphan Actors (0.000 secs)
[2018.04.06-13.14.31:242][ 23]Cmd: MAP CHECKDEP NOCLEARLOG
[2018.04.06-13.14.31:323][ 23]MapCheck: Map check complete: 0 Error(s), 0 Warning(s), took 80.76ms to complete.
[2018.04.06-13.14.31:324][ 23]LogFileHelpers: Loading map 'EscenarioMain' took 0.211
[2018.04.06-13.14.32:802][190]LogTemp: Repeating last play command: New Editor Window (PIE)
[2018.04.06-13.14.32:918][190]LogBlueprintUserMessages: Early PlayInEditor Detection: Level '/Game/ThirdPersonBP/Maps/EscenarioMain.EscenarioMain:PersistentLevel' has LevelScriptBlueprint '/Game/ThirdPersonBP/Maps/EscenarioMain.EscenarioMain:PersistentLevel.EscenarioMain' with GeneratedClass '/Game/ThirdPersonBP/Maps/EscenarioMain.EscenarioMain_C' with ClassGeneratedBy '/Game/ThirdPersonBP/Maps/EscenarioMain.EscenarioMain:PersistentLevel.EscenarioMain'
[2018.04.06-13.14.32:919][190]LogPlayLevel: PlayLevel: No blueprints needed recompiling
[2018.04.06-13.14.32:919][190]LogOnline: Display: OSS: FOnlineSubsystemNull::Shutdown()
[2018.04.06-13.14.32:919][190]LogOnline: Display: OSS: FOnlineAsyncTaskManager::Stop() ActiveTask:0000000000000000 Tasks[0/0]
[2018.04.06-13.14.32:919][190]LogOnline: Display: OSS: FOnlineAsyncTaskManager::Exit() started
[2018.04.06-13.14.32:919][190]LogOnline: Display: OSS: FOnlineAsyncTaskManager::Exit() finished
[2018.04.06-13.14.32:919][190]LogOnline: Warning: STEAM: Steam API disabled!
[2018.04.06-13.14.32:919][190]LogOnline: Display: STEAM: OnlineSubsystemSteam::Shutdown()
[2018.04.06-13.14.32:932][190]PIE: New page: PIE session: EscenarioMain (Apr 6, 2018, 5:14:32 PM)
[2018.04.06-13.14.32:933][190]LogPlayLevel: Creating play world package: /Game/ThirdPersonBP/Maps/UEDPIE_1_EscenarioMain
[2018.04.06-13.14.32:975][190]LogPlayLevel: PIE: StaticDuplicateObject took: (0.042300s)
[2018.04.06-13.14.32:976][190]LogAIModule: Creating AISystem for world EscenarioMain
[2018.04.06-13.14.32:977][190]LogPlayLevel: PIE: World Init took: (0.001362s)
[2018.04.06-13.14.32:977][190]LogPlayLevel: PIE: Created PIE world by copying editor world from /Game/ThirdPersonBP/Maps/EscenarioMain.EscenarioMain to /Game/ThirdPersonBP/Maps/UEDPIE_1_EscenarioMain.EscenarioMain (0.044157s)
[2018.04.06-13.14.32:991][190]LogInit: XAudio2 using 'Altavoces (Realtek High Definition Audio)' : 2 channels at 48 kHz using 32 bits per sample (channel mask 0x3)
[2018.04.06-13.14.33:002][190]LogInit: FAudioDevice initialized.
[2018.04.06-13.14.33:054][190]LogLoad: Game class is 'ThirdPersonGameMode_C'
[2018.04.06-13.14.33:057][190]LogWorld: Bringing World /Game/ThirdPersonBP/Maps/UEDPIE_1_EscenarioMain.EscenarioMain up for play (max tick rate 0) at 2018.04.06-15.14.33
[2018.04.06-13.14.33:057][190]LogWorld: Bringing up level for play took: 0.001804
[2018.04.06-13.14.33:152][190]LogContentBrowser: Native class hierarchy updated for 'MovieSceneCapture' in 0.0003 seconds. Added 11 classes and 0 folders.
[2018.04.06-13.14.33:155][190]LogTemp: Display: ParseSettings for GameNetDriver
[2018.04.06-13.14.33:155][190]LogTemp: Display: ParseSettings for IpNetDriver_0
[2018.04.06-13.14.33:155][190]LogTemp: Display: ParseSettings for GameNetDriver
[2018.04.06-13.14.33:155][190]LogInit: WinSock: Socket queue 131072 / 131072
[2018.04.06-13.14.33:158][190]LogInit: WinSock: I am DESKTOP-93UCMT4 (172.16.159.232:0)
[2018.04.06-13.14.33:158][190]PacketHandlerLog: Loaded PacketHandler component: Engine.EngineHandlerComponentFactory (StatelessConnectHandlerComponent)
[2018.04.06-13.14.33:158][190]LogNet: GameNetDriver IpNetDriver_0 IpNetDriver listening on port 17777
[2018.04.06-13.14.33:164][190]PIE: Play in editor start time for /Game/ThirdPersonBP/Maps/UEDPIE_1_EscenarioMain -0.017
[2018.04.06-13.14.33:166][190]PIE: New page: PIE session: EscenarioMain (Apr 6, 2018, 5:14:33 PM)
[2018.04.06-13.14.33:214][190]LogNet: Browse: 127.0.0.1:17777//Game/ThirdPersonBP/Maps/MenuPrincipal
[2018.04.06-13.14.33:215][190]LogTemp: Display: ParseSettings for GameNetDriver
[2018.04.06-13.14.33:215][190]LogTemp: Display: ParseSettings for IpNetDriver_1
[2018.04.06-13.14.33:215][190]LogTemp: Display: ParseSettings for PendingNetDriver
[2018.04.06-13.14.33:215][190]LogInit: WinSock: Socket queue 32768 / 32768
[2018.04.06-13.14.33:215][190]PacketHandlerLog: Loaded PacketHandler component: Engine.EngineHandlerComponentFactory (StatelessConnectHandlerComponent)
[2018.04.06-13.14.33:215][190]LogNet: Game client on port 17777, rate 10000
[2018.04.06-13.14.33:219][190]PIE: Play in editor start time for /Game/ThirdPersonBP/Maps/MenuPrincipal 0.038
[2018.04.06-13.14.33:220][190]PIE: New page: PIE session: EscenarioMain (Apr 6, 2018, 5:14:33 PM)
[2018.04.06-13.14.33:267][190]LogNet: Browse: 127.0.0.1:17777//Game/ThirdPersonBP/Maps/MenuPrincipal
[2018.04.06-13.14.33:267][190]LogTemp: Display: ParseSettings for GameNetDriver
[2018.04.06-13.14.33:267][190]LogTemp: Display: ParseSettings for IpNetDriver_2
[2018.04.06-13.14.33:267][190]LogTemp: Display: ParseSettings for PendingNetDriver
[2018.04.06-13.14.33:267][190]LogInit: WinSock: Socket queue 32768 / 32768
[2018.04.06-13.14.33:268][190]PacketHandlerLog: Loaded PacketHandler component: Engine.EngineHandlerComponentFactory (StatelessConnectHandlerComponent)
[2018.04.06-13.14.33:268][190]LogNet: Game client on port 17777, rate 10000
[2018.04.06-13.14.33:271][190]PIE: Play in editor start time for /Game/ThirdPersonBP/Maps/MenuPrincipal 0.091
[2018.04.06-13.14.33:272][190]PIE: New page: PIE session: EscenarioMain (Apr 6, 2018, 5:14:33 PM)
[2018.04.06-13.14.33:322][190]LogNet: Browse: 127.0.0.1:17777//Game/ThirdPersonBP/Maps/MenuPrincipal
[2018.04.06-13.14.33:322][190]LogTemp: Display: ParseSettings for GameNetDriver
[2018.04.06-13.14.33:322][190]LogTemp: Display: ParseSettings for IpNetDriver_3
[2018.04.06-13.14.33:322][190]LogTemp: Display: ParseSettings for PendingNetDriver
[2018.04.06-13.14.33:322][190]LogInit: WinSock: Socket queue 32768 / 32768
[2018.04.06-13.14.33:322][190]PacketHandlerLog: Loaded PacketHandler component: Engine.EngineHandlerComponentFactory (StatelessConnectHandlerComponent)
[2018.04.06-13.14.33:322][190]LogNet: Game client on port 17777, rate 10000
[2018.04.06-13.14.33:326][190]PIE: Play in editor start time for /Game/ThirdPersonBP/Maps/MenuPrincipal 0.146
[2018.04.06-13.14.33:334][190]LogBlueprintUserMessages: Late PlayInEditor Detection: Level '/Game/ThirdPersonBP/Maps/EscenarioMain.EscenarioMain:PersistentLevel' has LevelScriptBlueprint '/Game/ThirdPersonBP/Maps/EscenarioMain.EscenarioMain:PersistentLevel.EscenarioMain' with GeneratedClass '/Game/ThirdPersonBP/Maps/EscenarioMain.EscenarioMain_C' with ClassGeneratedBy '/Game/ThirdPersonBP/Maps/EscenarioMain.EscenarioMain:PersistentLevel.EscenarioMain'
[2018.04.06-13.14.33:335][190]LogNet: NotifyAcceptingConnection accepted from: 127.0.0.1:49471
[2018.04.06-13.14.33:335][190]LogHandshake: SendConnectChallenge. Timestamp: 0.008334, Cookie: 255187027100134067012248221069047254078169039130028166222057
[2018.04.06-13.14.33:335][190]LogNet: NotifyAcceptingConnection accepted from: 127.0.0.1:49472
[2018.04.06-13.14.33:335][190]LogHandshake: SendConnectChallenge. Timestamp: 0.008334, Cookie: 206245169123250190185102102080006219181246003077234245094179
[2018.04.06-13.14.33:335][190]LogNet: NotifyAcceptingConnection accepted from: 127.0.0.1:49473
[2018.04.06-13.14.33:335][190]LogHandshake: SendConnectChallenge. Timestamp: 0.008334, Cookie: 083199202126047250189008160089121116239176209013085005243191
[2018.04.06-13.14.33:369][190]LogHandshake: SendChallengeResponse. Timestamp: 0.008334, Cookie: 255187027100134067012248221069047254078169039130028166222057
[2018.04.06-13.14.33:370][190]LogHandshake: SendChallengeResponse. Timestamp: 0.008334, Cookie: 206245169123250190185102102080006219181246003077234245094179
[2018.04.06-13.14.33:370][190]LogHandshake: SendChallengeResponse. Timestamp: 0.008334, Cookie: 083199202126047250189008160089121116239176209013085005243191
[2018.04.06-13.14.33:438][190]LogRenderer: Reallocating scene render targets to support 1292x756 Format 10 NumSamples 1 (Frame:1).
[2018.04.06-13.14.33:626][191]LogNet: NotifyAcceptingConnection accepted from: 127.0.0.1:49471
[2018.04.06-13.14.33:626][191]LogHandshake: SendChallengeAck. InCookie: 255187027100134067012248221069047254078169039130028166222057
[2018.04.06-13.14.33:626][191]LogNet: Server accepting post-challenge connection from: 127.0.0.1:49471
[2018.04.06-13.14.33:626][191]PacketHandlerLog: Loaded PacketHandler component: Engine.EngineHandlerComponentFactory (StatelessConnectHandlerComponent)
[2018.04.06-13.14.33:626][191]LogNet: NotifyAcceptedConnection: Name: EscenarioMain, TimeStamp: 04/06/18 15:14:33, [UNetConnection] RemoteAddr: 127.0.0.1:49471, Name: IpConnection_3, Driver: GameNetDriver IpNetDriver_0, IsServer: YES, PC: NULL, Owner: NULL
[2018.04.06-13.14.33:626][191]LogNet: AddClientConnection: Added client connection: [UNetConnection] RemoteAddr: 127.0.0.1:49471, Name: IpConnection_3, Driver: GameNetDriver IpNetDriver_0, IsServer: YES, PC: NULL, Owner: NULL
[2018.04.06-13.14.33:626][191]LogNet: NotifyAcceptingConnection accepted from: 127.0.0.1:49472
[2018.04.06-13.14.33:627][191]LogHandshake: SendChallengeAck. InCookie: 206245169123250190185102102080006219181246003077234245094179
[2018.04.06-13.14.33:627][191]LogNet: Server accepting post-challenge connection from: 127.0.0.1:49472
[2018.04.06-13.14.33:627][191]PacketHandlerLog: Loaded PacketHandler component: Engine.EngineHandlerComponentFactory (StatelessConnectHandlerComponent)
[2018.04.06-13.14.33:627][191]LogNet: NotifyAcceptedConnection: Name: EscenarioMain, TimeStamp: 04/06/18 15:14:33, [UNetConnection] RemoteAddr: 127.0.0.1:49472, Name: IpConnection_4, Driver: GameNetDriver IpNetDriver_0, IsServer: YES, PC: NULL, Owner: NULL
[2018.04.06-13.14.33:627][191]LogNet: AddClientConnection: Added client connection: [UNetConnection] RemoteAddr: 127.0.0.1:49472, Name: IpConnection_4, Driver: GameNetDriver IpNetDriver_0, IsServer: YES, PC: NULL, Owner: NULL
[2018.04.06-13.14.33:627][191]LogNet: NotifyAcceptingConnection accepted from: 127.0.0.1:49473
[2018.04.06-13.14.33:627][191]LogHandshake: SendChallengeAck. InCookie: 083199202126047250189008160089121116239176209013085005243191
[2018.04.06-13.14.33:627][191]LogNet: Server accepting post-challenge connection from: 127.0.0.1:49473
[2018.04.06-13.14.33:627][191]PacketHandlerLog: Loaded PacketHandler component: Engine.EngineHandlerComponentFactory (StatelessConnectHandlerComponent)
[2018.04.06-13.14.33:627][191]LogNet: NotifyAcceptedConnection: Name: EscenarioMain, TimeStamp: 04/06/18 15:14:33, [UNetConnection] RemoteAddr: 127.0.0.1:49473, Name: IpConnection_5, Driver: GameNetDriver IpNetDriver_0, IsServer: YES, PC: NULL, Owner: NULL
[2018.04.06-13.14.33:627][191]LogNet: AddClientConnection: Added client connection: [UNetConnection] RemoteAddr: 127.0.0.1:49473, Name: IpConnection_5, Driver: GameNetDriver IpNetDriver_0, IsServer: YES, PC: NULL, Owner: NULL
[2018.04.06-13.14.33:639][191]LogNetVersion: projectUnreal 1.0.0.0, NetCL: 3709383, EngineNetVer: 2, GameNetVer: 0 (Checksum: 766569744)
[2018.04.06-13.14.33:639][191]LogNet: UPendingNetGame::SendInitialJoin: Sending hello. [UNetConnection] RemoteAddr: 127.0.0.1:17777, Name: IpConnection_0, Driver: PendingNetDriver IpNetDriver_1, IsServer: NO, PC: NULL, Owner: NULL
[2018.04.06-13.14.33:640][191]LogNet: UPendingNetGame::SendInitialJoin: Sending hello. [UNetConnection] RemoteAddr: 127.0.0.1:17777, Name: IpConnection_1, Driver: PendingNetDriver IpNetDriver_2, IsServer: NO, PC: NULL, Owner: NULL
[2018.04.06-13.14.33:640][191]LogNet: UPendingNetGame::SendInitialJoin: Sending hello. [UNetConnection] RemoteAddr: 127.0.0.1:17777, Name: IpConnection_2, Driver: PendingNetDriver IpNetDriver_3, IsServer: NO, PC: NULL, Owner: NULL
[2018.04.06-13.14.33:663][192]LogNet: NotifyAcceptingChannel Control 0 server World /Game/ThirdPersonBP/Maps/UEDPIE_1_EscenarioMain.EscenarioMain: Accepted
[2018.04.06-13.14.33:663][192]LogNet: Remote platform little endian=1
[2018.04.06-13.14.33:663][192]LogNet: This platform little endian=1
[2018.04.06-13.14.33:663][192]LogNet: NotifyAcceptingChannel Control 0 server World /Game/ThirdPersonBP/Maps/UEDPIE_1_EscenarioMain.EscenarioMain: Accepted
[2018.04.06-13.14.33:663][192]LogNet: Remote platform little endian=1
[2018.04.06-13.14.33:663][192]LogNet: This platform little endian=1
[2018.04.06-13.14.33:663][192]LogNet: NotifyAcceptingChannel Control 0 server World /Game/ThirdPersonBP/Maps/UEDPIE_1_EscenarioMain.EscenarioMain: Accepted
[2018.04.06-13.14.33:663][192]LogNet: Remote platform little endian=1
[2018.04.06-13.14.33:663][192]LogNet: This platform little endian=1
[2018.04.06-13.14.33:713][193]LogNet: Login request: /Game/ThirdPersonBP/Maps/MenuPrincipal?Name=DESKTOP-93UCMT4-3BD0A1AA44514D90B47614B2EBBA483B userId: DESKTOP-93UCMT4-3BD0A1AA44514D90B47614B2EBBA483B
[2018.04.06-13.14.33:713][193]LogNet: Login request: /Game/ThirdPersonBP/Maps/MenuPrincipal?Name=DESKTOP-93UCMT4-778539CA4E057A190DCFD5A3048A3144 userId: DESKTOP-93UCMT4-778539CA4E057A190DCFD5A3048A3144
[2018.04.06-13.14.33:713][193]LogNet: Login request: /Game/ThirdPersonBP/Maps/MenuPrincipal?Name=DESKTOP-93UCMT4-FBF231F644DBF52DC1BE568C26BEFC97 userId: DESKTOP-93UCMT4-FBF231F644DBF52DC1BE568C26BEFC97
[2018.04.06-13.14.33:715][193]LogNet: Welcomed by server (Level: /Game/ThirdPersonBP/Maps/UEDPIE_1_EscenarioMain, Game: /Game/ThirdPersonBP/Blueprints/ThirdPersonGameMode.ThirdPersonGameMode_C)
[2018.04.06-13.14.33:725][193]LogLoad: LoadMap: 127.0.0.1:17777//Game/ThirdPersonBP/Maps/UEDPIE_1_EscenarioMain?game=/Game/ThirdPersonBP/Blueprints/ThirdPersonGameMode.ThirdPersonGameMode_C
[2018.04.06-13.14.33:765][193]LogAIModule: Creating AISystem for world EscenarioMain
[2018.04.06-13.14.33:766][193]LogTemp: Display: ParseSettings for GameNetDriver
[2018.04.06-13.14.33:768][193]LogWorld: Bringing World /Game/ThirdPersonBP/Maps/UEDPIE_2_EscenarioMain.EscenarioMain up for play (max tick rate 0) at 2018.04.06-15.14.33
[2018.04.06-13.14.33:769][193]LogWorld: Bringing up level for play took: 0.001408
[2018.04.06-13.14.33:769][193]LogLoad: Took 0.044355 seconds to LoadMap(/Game/ThirdPersonBP/Maps/UEDPIE_1_EscenarioMain)
[2018.04.06-13.14.33:770][193]LogNet: Welcomed by server (Level: /Game/ThirdPersonBP/Maps/UEDPIE_1_EscenarioMain, Game: /Game/ThirdPersonBP/Blueprints/ThirdPersonGameMode.ThirdPersonGameMode_C)
[2018.04.06-13.14.33:806][193]LogLoad: LoadMap: 127.0.0.1:17777//Game/ThirdPersonBP/Maps/UEDPIE_1_EscenarioMain?game=/Game/ThirdPersonBP/Blueprints/ThirdPersonGameMode.ThirdPersonGameMode_C
[2018.04.06-13.14.33:845][193]LogAIModule: Creating AISystem for world EscenarioMain
[2018.04.06-13.14.33:846][193]LogTemp: Display: ParseSettings for GameNetDriver
[2018.04.06-13.14.33:848][193]LogWorld: Bringing World /Game/ThirdPersonBP/Maps/UEDPIE_3_EscenarioMain.EscenarioMain up for play (max tick rate 0) at 2018.04.06-15.14.33
[2018.04.06-13.14.33:848][193]LogWorld: Bringing up level for play took: 0.001403
[2018.04.06-13.14.33:849][193]LogLoad: Took 0.043403 seconds to LoadMap(/Game/ThirdPersonBP/Maps/UEDPIE_1_EscenarioMain)
[2018.04.06-13.14.33:849][193]LogNet: Welcomed by server (Level: /Game/ThirdPersonBP/Maps/UEDPIE_1_EscenarioMain, Game: /Game/ThirdPersonBP/Blueprints/ThirdPersonGameMode.ThirdPersonGameMode_C)
[2018.04.06-13.14.33:880][193]LogLoad: LoadMap: 127.0.0.1:17777//Game/ThirdPersonBP/Maps/UEDPIE_1_EscenarioMain?game=/Game/ThirdPersonBP/Blueprints/ThirdPersonGameMode.ThirdPersonGameMode_C
[2018.04.06-13.14.33:916][193]LogAIModule: Creating AISystem for world EscenarioMain
[2018.04.06-13.14.33:916][193]LogTemp: Display: ParseSettings for GameNetDriver
[2018.04.06-13.14.33:918][193]LogWorld: Bringing World /Game/ThirdPersonBP/Maps/UEDPIE_4_EscenarioMain.EscenarioMain up for play (max tick rate 0) at 2018.04.06-15.14.33
[2018.04.06-13.14.33:919][193]LogWorld: Bringing up level for play took: 0.001137
[2018.04.06-13.14.33:919][193]LogLoad: Took 0.038361 seconds to LoadMap(/Game/ThirdPersonBP/Maps/UEDPIE_1_EscenarioMain)
[2018.04.06-13.14.33:942][194]LogNet: Client netspeed is 10000
[2018.04.06-13.14.33:942][194]LogNet: Join request: /Game/ThirdPersonBP/Maps/MenuPrincipal?Name=DESKTOP-93UCMT4-3BD0A1AA44514D90B47614B2EBBA483B?SplitscreenCount=1
[2018.04.06-13.14.33:943][194]LogBlueprintUserMessages: [ThirdPersonGameMode_C_0] Server: CameraActor
[2018.04.06-13.14.33:943][194]LogOnline: Warning: OSS: No game present to join for session (GameSession)
[2018.04.06-13.14.33:945][194]LogNet: Join succeeded: DESKTOP-93UCMT4-3BD0
[2018.04.06-13.14.33:945][194]LogNet: Client netspeed is 10000
[2018.04.06-13.14.33:945][194]LogNet: Join request: /Game/ThirdPersonBP/Maps/MenuPrincipal?Name=DESKTOP-93UCMT4-778539CA4E057A190DCFD5A3048A3144?SplitscreenCount=1
[2018.04.06-13.14.33:946][194]LogBlueprintUserMessages: [ThirdPersonGameMode_C_0] Server: CameraActor
[2018.04.06-13.14.33:946][194]LogOnline: Warning: OSS: No game present to join for session (GameSession)
[2018.04.06-13.14.33:947][194]LogNet: Join succeeded: DESKTOP-93UCMT4-7785
[2018.04.06-13.14.33:947][194]LogNet: Client netspeed is 10000
[2018.04.06-13.14.33:948][194]LogNet: Join request: /Game/ThirdPersonBP/Maps/MenuPrincipal?Name=DESKTOP-93UCMT4-FBF231F644DBF52DC1BE568C26BEFC97?SplitscreenCount=1
[2018.04.06-13.14.33:948][194]LogBlueprintUserMessages: [ThirdPersonGameMode_C_0] Server: CameraActor
[2018.04.06-13.14.33:948][194]LogOnline: Warning: OSS: No game present to join for session (GameSession)
[2018.04.06-13.14.33:951][194]LogNet: Join succeeded: DESKTOP-93UCMT4-FBF2
[2018.04.06-13.14.34:015][195]LogOnline: Warning: OSS: No game present to join for session (GameSession)
[2018.04.06-13.14.34:024][195]LogOnline: Warning: OSS: No game present to join for session (GameSession)
[2018.04.06-13.14.34:024][195]LogOnline: Warning: OSS: No game present to join for session (GameSession)
[2018.04.06-13.14.34:024][195]LogOnline: Warning: OSS: No game present to join for session (GameSession)
[2018.04.06-13.14.34:031][195]LogOnline: Warning: OSS: No game present to join for session (GameSession)
[2018.04.06-13.14.34:031][195]LogOnline: Warning: OSS: No game present to join for session (GameSession)
[2018.04.06-13.14.34:056][196]LogOnline: Warning: OSS: No game present to join for session (GameSession)
[2018.04.06-13.14.34:056][196]LogOnline: Warning: OSS: No game present to join for session (GameSession)
[2018.04.06-13.14.34:056][196]LogOnline: Warning: OSS: No game present to join for session (GameSession)
[2018.04.06-13.14.34:058][196]LogOnline: Warning: OSS: No game present to join for session (GameSession)
[2018.04.06-13.14.34:061][196]LogOnline: Warning: OSS: No game present to join for session (GameSession)
[2018.04.06-13.14.34:062][196]LogOnline: Warning: OSS: No game present to join for session (GameSession)
[2018.04.06-13.14.52:372][675]LogNet: Warning: UIpNetDriver::ProcessRemoteFunction: No owning connection for actor ThirdPersonCharacter_C_0. Function stopAnimationShoot will not be processed.
[2018.04.06-13.14.52:374][675]LogNet: Warning: UIpNetDriver::ProcessRemoteFunction: No owning connection for actor ThirdPersonCharacter_C_1. Function stopAnimationShoot will not be processed.
[2018.04.06-13.14.52:375][675]LogNet: Warning: UIpNetDriver::ProcessRemoteFunction: No owning connection for actor ThirdPersonCharacter_C_1. Function stopAnimationShoot will not be processed.
[2018.04.06-13.14.52:891][691]LogNet: Warning: UIpNetDriver::ProcessRemoteFunction: No owning connection for actor ThirdPersonCharacter_C_0. Function stopAnimationShoot will not be processed.
[2018.04.06-13.14.52:892][691]LogNet: Warning: UIpNetDriver::ProcessRemoteFunction: No owning connection for actor ThirdPersonCharacter_C_1. Function stopAnimationShoot will not be processed.
[2018.04.06-13.14.52:893][691]LogNet: Warning: UIpNetDriver::ProcessRemoteFunction: No owning connection for actor ThirdPersonCharacter_C_1. Function stopAnimationShoot will not be processed.
[2018.04.06-13.14.54:257][732]LogNet: Warning: UIpNetDriver::ProcessRemoteFunction: No owning connection for actor ThirdPersonCharacter_C_0. Function stopAnimationShoot will not be processed.
[2018.04.06-13.14.54:259][732]LogNet: Warning: UIpNetDriver::ProcessRemoteFunction: No owning connection for actor ThirdPersonCharacter_C_1. Function stopAnimationShoot will not be processed.
[2018.04.06-13.14.54:261][732]LogNet: Warning: UIpNetDriver::ProcessRemoteFunction: No owning connection for actor ThirdPersonCharacter_C_1. Function stopAnimationShoot will not be processed.
[2018.04.06-13.14.55:985][784]LogNet: Warning: UIpNetDriver::ProcessRemoteFunction: No owning connection for actor ThirdPersonCharacter_C_0. Function stopAnimationShoot will not be processed.
[2018.04.06-13.14.55:986][784]LogNet: Warning: UIpNetDriver::ProcessRemoteFunction: No owning connection for actor ThirdPersonCharacter_C_1. Function stopAnimationShoot will not be processed.
[2018.04.06-13.14.55:987][784]LogNet: Warning: UIpNetDriver::ProcessRemoteFunction: No owning connection for actor ThirdPersonCharacter_C_1. Function stopAnimationShoot will not be processed.
[2018.04.06-13.14.56:613][803]LogNet: Warning: UIpNetDriver::ProcessRemoteFunction: No owning connection for actor ThirdPersonCharacter_C_0. Function stopAnimationShoot will not be processed.
[2018.04.06-13.14.56:614][803]LogNet: Warning: UIpNetDriver::ProcessRemoteFunction: No owning connection for actor ThirdPersonCharacter_C_1. Function stopAnimationShoot will not be processed.
[2018.04.06-13.14.56:615][803]LogNet: Warning: UIpNetDriver::ProcessRemoteFunction: No owning connection for actor ThirdPersonCharacter_C_1. Function stopAnimationShoot will not be processed.
[2018.04.06-13.14.57:548][831]LogNet: Warning: UIpNetDriver::ProcessRemoteFunction: No owning connection for actor ThirdPersonCharacter_C_0. Function stopAnimationShoot will not be processed.
[2018.04.06-13.14.57:549][831]LogNet: Warning: UIpNetDriver::ProcessRemoteFunction: No owning connection for actor ThirdPersonCharacter_C_1. Function stopAnimationShoot will not be processed.
[2018.04.06-13.14.57:550][831]LogNet: Warning: UIpNetDriver::ProcessRemoteFunction: No owning connection for actor ThirdPersonCharacter_C_1. Function stopAnimationShoot will not be processed.
[2018.04.06-13.15.00:644][924]LogNet: Warning: UIpNetDriver::ProcessRemoteFunction: No owning connection for actor ThirdPersonCharacter_C_0. Function stopAnimationShoot will not be processed.
[2018.04.06-13.15.00:645][924]LogNet: Warning: UIpNetDriver::ProcessRemoteFunction: No owning connection for actor ThirdPersonCharacter_C_1. Function stopAnimationShoot will not be processed.
[2018.04.06-13.15.00:646][924]LogNet: Warning: UIpNetDriver::ProcessRemoteFunction: No owning connection for actor ThirdPersonCharacter_C_1. Function stopAnimationShoot will not be processed.
[2018.04.06-13.15.03:774][ 18]LogNet: Warning: UIpNetDriver::ProcessRemoteFunction: No owning connection for actor ThirdPersonCharacter_C_0. Function stopAnimationShoot will not be processed.
[2018.04.06-13.15.03:775][ 18]LogNet: Warning: UIpNetDriver::ProcessRemoteFunction: No owning connection for actor ThirdPersonCharacter_C_1. Function stopAnimationShoot will not be processed.
[2018.04.06-13.15.03:776][ 18]LogNet: Warning: UIpNetDriver::ProcessRemoteFunction: No owning connection for actor ThirdPersonCharacter_C_1. Function stopAnimationShoot will not be processed.
[2018.04.06-13.15.05:109][ 58]LogNet: Warning: UIpNetDriver::ProcessRemoteFunction: No owning connection for actor ThirdPersonCharacter_C_0. Function stopAnimationShoot will not be processed.
[2018.04.06-13.15.05:111][ 58]LogNet: Warning: UIpNetDriver::ProcessRemoteFunction: No owning connection for actor ThirdPersonCharacter_C_1. Function stopAnimationShoot will not be processed.
[2018.04.06-13.15.05:112][ 58]LogNet: Warning: UIpNetDriver::ProcessRemoteFunction: No owning connection for actor ThirdPersonCharacter_C_1. Function stopAnimationShoot will not be processed.
[2018.04.06-13.15.07:112][118]LogNet: Warning: UIpNetDriver::ProcessRemoteFunction: No owning connection for actor ThirdPersonCharacter_C_0. Function stopAnimationShoot will not be processed.
[2018.04.06-13.15.07:113][118]LogNet: Warning: UIpNetDriver::ProcessRemoteFunction: No owning connection for actor ThirdPersonCharacter_C_1. Function stopAnimationShoot will not be processed.
[2018.04.06-13.15.07:114][118]LogNet: Warning: UIpNetDriver::ProcessRemoteFunction: No owning connection for actor ThirdPersonCharacter_C_1. Function stopAnimationShoot will not be processed.
[2018.04.06-13.15.08:913][172]LogNet: Warning: UIpNetDriver::ProcessRemoteFunction: No owning connection for actor ThirdPersonCharacter_C_0. Function stopAnimationShoot will not be processed.
[2018.04.06-13.15.08:914][172]LogNet: Warning: UIpNetDriver::ProcessRemoteFunction: No owning connection for actor ThirdPersonCharacter_C_1. Function stopAnimationShoot will not be processed.
[2018.04.06-13.15.08:914][172]LogNet: Warning: UIpNetDriver::ProcessRemoteFunction: No owning connection for actor ThirdPersonCharacter_C_1. Function stopAnimationShoot will not be processed.
[2018.04.06-13.15.11:914][262]LogNet: Warning: UIpNetDriver::ProcessRemoteFunction: No owning connection for actor ThirdPersonCharacter_C_0. Function stopAnimationShoot will not be processed.
[2018.04.06-13.15.11:915][262]LogNet: Warning: UIpNetDriver::ProcessRemoteFunction: No owning connection for actor ThirdPersonCharacter_C_1. Function stopAnimationShoot will not be processed.
[2018.04.06-13.15.11:916][262]LogNet: Warning: UIpNetDriver::ProcessRemoteFunction: No owning connection for actor ThirdPersonCharacter_C_1. Function stopAnimationShoot will not be processed.
[2018.04.06-13.15.13:347][305]LogNet: Warning: UIpNetDriver::ProcessRemoteFunction: No owning connection for actor ThirdPersonCharacter_C_0. Function stopAnimationShoot will not be processed.
[2018.04.06-13.15.13:348][305]LogNet: Warning: UIpNetDriver::ProcessRemoteFunction: No owning connection for actor ThirdPersonCharacter_C_1. Function stopAnimationShoot will not be processed.
[2018.04.06-13.15.13:350][305]LogNet: Warning: UIpNetDriver::ProcessRemoteFunction: No owning connection for actor ThirdPersonCharacter_C_1. Function stopAnimationShoot will not be processed.
[2018.04.06-13.15.16:415][397]LogBlueprintUserMessages: Early EndPlayMap Detection: Level '/Game/ThirdPersonBP/Maps/EscenarioMain.EscenarioMain:PersistentLevel' has LevelScriptBlueprint '/Game/ThirdPersonBP/Maps/EscenarioMain.EscenarioMain:PersistentLevel.EscenarioMain' with GeneratedClass '/Game/ThirdPersonBP/Maps/EscenarioMain.EscenarioMain_C' with ClassGeneratedBy '/Game/ThirdPersonBP/Maps/EscenarioMain.EscenarioMain:PersistentLevel.EscenarioMain'
[2018.04.06-13.15.16:482][397]LogOnline: Display: OSS: FOnlineSubsystemNull::Shutdown()
[2018.04.06-13.15.16:482][397]LogOnline: Display: OSS: FOnlineAsyncTaskManager::Stop() ActiveTask:0000000000000000 Tasks[0/0]
[2018.04.06-13.15.16:497][397]LogOnline: Display: OSS: FOnlineAsyncTaskManager::Exit() started
[2018.04.06-13.15.16:497][397]LogOnline: Display: OSS: FOnlineAsyncTaskManager::Exit() finished
[2018.04.06-13.15.16:527][397]LogOnline: Display: OSS: FOnlineSubsystemNull::Shutdown()
[2018.04.06-13.15.16:527][397]LogOnline: Display: OSS: FOnlineAsyncTaskManager::Stop() ActiveTask:0000000000000000 Tasks[0/0]
[2018.04.06-13.15.16:541][397]LogOnline: Display: OSS: FOnlineAsyncTaskManager::Exit() started
[2018.04.06-13.15.16:541][397]LogOnline: Display: OSS: FOnlineAsyncTaskManager::Exit() finished
[2018.04.06-13.15.16:572][397]LogOnline: Display: OSS: FOnlineSubsystemNull::Shutdown()
[2018.04.06-13.15.16:572][397]LogOnline: Display: OSS: FOnlineAsyncTaskManager::Stop() ActiveTask:0000000000000000 Tasks[0/0]
[2018.04.06-13.15.16:572][397]LogOnline: Display: OSS: FOnlineAsyncTaskManager::Exit() started
[2018.04.06-13.15.16:573][397]LogOnline: Display: OSS: FOnlineAsyncTaskManager::Exit() finished
[2018.04.06-13.15.16:573][397]LogOnline: Warning: OSS: No game present to leave for session (GameSession)
[2018.04.06-13.15.16:617][397]LogOnline: Display: OSS: FOnlineSubsystemNull::Shutdown()
[2018.04.06-13.15.16:617][397]LogOnline: Display: OSS: FOnlineAsyncTaskManager::Stop() ActiveTask:0000000000000000 Tasks[0/0]
[2018.04.06-13.15.16:618][397]LogOnline: Display: OSS: FOnlineAsyncTaskManager::Exit() started
[2018.04.06-13.15.16:618][397]LogOnline: Display: OSS: FOnlineAsyncTaskManager::Exit() finished
[2018.04.06-13.15.16:618][397]LogPlayLevel: Display: Shutting down PIE online subsystems
[2018.04.06-13.15.16:618][397]LogBlueprintUserMessages: Late EndPlayMap Detection: Level '/Game/ThirdPersonBP/Maps/EscenarioMain.EscenarioMain:PersistentLevel' has LevelScriptBlueprint '/Game/ThirdPersonBP/Maps/EscenarioMain.EscenarioMain:PersistentLevel.EscenarioMain' with GeneratedClass '/Game/ThirdPersonBP/Maps/EscenarioMain.EscenarioMain_C' with ClassGeneratedBy '/Game/ThirdPersonBP/Maps/EscenarioMain.EscenarioMain:PersistentLevel.EscenarioMain'
[2018.04.06-13.15.16:631][397]LogNet: UChannel::CleanUp: ChIndex == 0. Closing connection. [UChannel] ChIndex: 0, Closing: 0 [UNetConnection] RemoteAddr: 127.0.0.1:49473, Name: IpConnection_5, Driver: GameNetDriver IpNetDriver_0, IsServer: YES, PC: None, Owner: None
[2018.04.06-13.15.16:631][397]LogNet: UNetConnection::Close: [UNetConnection] RemoteAddr: 127.0.0.1:49473, Name: IpConnection_5, Driver: GameNetDriver IpNetDriver_0, IsServer: YES, PC: None, Owner: None, Channels: 2, Time: 2018.04.06-13.15.16
[2018.04.06-13.15.16:631][397]LogNet: UChannel::Close: Sending CloseBunch. ChIndex == 0. Name: [UChannel] ChIndex: 0, Closing: 0 [UNetConnection] RemoteAddr: 127.0.0.1:49473, Name: IpConnection_5, Driver: GameNetDriver IpNetDriver_0, IsServer: YES, PC: None, Owner: None
[2018.04.06-13.15.16:631][397]LogNet: UChannel::CleanUp: ChIndex == 0. Closing connection. [UChannel] ChIndex: 0, Closing: 0 [UNetConnection] RemoteAddr: 127.0.0.1:49472, Name: IpConnection_4, Driver: GameNetDriver IpNetDriver_0, IsServer: YES, PC: None, Owner: None
[2018.04.06-13.15.16:631][397]LogNet: UNetConnection::Close: [UNetConnection] RemoteAddr: 127.0.0.1:49472, Name: IpConnection_4, Driver: GameNetDriver IpNetDriver_0, IsServer: YES, PC: None, Owner: None, Channels: 2, Time: 2018.04.06-13.15.16
[2018.04.06-13.15.16:631][397]LogNet: UChannel::Close: Sending CloseBunch. ChIndex == 0. Name: [UChannel] ChIndex: 0, Closing: 0 [UNetConnection] RemoteAddr: 127.0.0.1:49472, Name: IpConnection_4, Driver: GameNetDriver IpNetDriver_0, IsServer: YES, PC: None, Owner: None
[2018.04.06-13.15.16:631][397]LogNet: UChannel::CleanUp: ChIndex == 0. Closing connection. [UChannel] ChIndex: 0, Closing: 0 [UNetConnection] RemoteAddr: 127.0.0.1:49471, Name: IpConnection_3, Driver: GameNetDriver IpNetDriver_0, IsServer: YES, PC: None, Owner: None
[2018.04.06-13.15.16:631][397]LogNet: UNetConnection::Close: [UNetConnection] RemoteAddr: 127.0.0.1:49471, Name: IpConnection_3, Driver: GameNetDriver IpNetDriver_0, IsServer: YES, PC: None, Owner: None, Channels: 2, Time: 2018.04.06-13.15.16
[2018.04.06-13.15.16:631][397]LogNet: UChannel::Close: Sending CloseBunch. ChIndex == 0. Name: [UChannel] ChIndex: 0, Closing: 0 [UNetConnection] RemoteAddr: 127.0.0.1:49471, Name: IpConnection_3, Driver: GameNetDriver IpNetDriver_0, IsServer: YES, PC: None, Owner: None
[2018.04.06-13.15.16:631][397]LogNet: UChannel::CleanUp: ChIndex == 0. Closing connection. [UChannel] ChIndex: 0, Closing: 0 [UNetConnection] RemoteAddr: 127.0.0.1:17777, Name: IpConnection_2, Driver: GameNetDriver IpNetDriver_3, IsServer: NO, PC: None, Owner: None
[2018.04.06-13.15.16:631][397]LogNet: UNetConnection::Close: [UNetConnection] RemoteAddr: 127.0.0.1:17777, Name: IpConnection_2, Driver: GameNetDriver IpNetDriver_3, IsServer: NO, PC: None, Owner: None, Channels: 2, Time: 2018.04.06-13.15.16
[2018.04.06-13.15.16:631][397]LogNet: UChannel::Close: Sending CloseBunch. ChIndex == 0. Name: [UChannel] ChIndex: 0, Closing: 0 [UNetConnection] RemoteAddr: 127.0.0.1:17777, Name: IpConnection_2, Driver: GameNetDriver IpNetDriver_3, IsServer: NO, PC: None, Owner: None
[2018.04.06-13.15.16:632][397]LogNet: UChannel::CleanUp: ChIndex == 0. Closing connection. [UChannel] ChIndex: 0, Closing: 0 [UNetConnection] RemoteAddr: 127.0.0.1:17777, Name: IpConnection_1, Driver: GameNetDriver IpNetDriver_2, IsServer: NO, PC: None, Owner: None
[2018.04.06-13.15.16:632][397]LogNet: UNetConnection::Close: [UNetConnection] RemoteAddr: 127.0.0.1:17777, Name: IpConnection_1, Driver: GameNetDriver IpNetDriver_2, IsServer: NO, PC: None, Owner: None, Channels: 2, Time: 2018.04.06-13.15.16
[2018.04.06-13.15.16:632][397]LogNet: UChannel::Close: Sending CloseBunch. ChIndex == 0. Name: [UChannel] ChIndex: 0, Closing: 0 [UNetConnection] RemoteAddr: 127.0.0.1:17777, Name: IpConnection_1, Driver: GameNetDriver IpNetDriver_2, IsServer: NO, PC: None, Owner: None
[2018.04.06-13.15.16:632][397]LogNet: UChannel::CleanUp: ChIndex == 0. Closing connection. [UChannel] ChIndex: 0, Closing: 0 [UNetConnection] RemoteAddr: 127.0.0.1:17777, Name: IpConnection_0, Driver: GameNetDriver IpNetDriver_1, IsServer: NO, PC: None, Owner: None
[2018.04.06-13.15.16:632][397]LogNet: UNetConnection::Close: [UNetConnection] RemoteAddr: 127.0.0.1:17777, Name: IpConnection_0, Driver: GameNetDriver IpNetDriver_1, IsServer: NO, PC: None, Owner: None, Channels: 2, Time: 2018.04.06-13.15.16
[2018.04.06-13.15.16:632][397]LogNet: UChannel::Close: Sending CloseBunch. ChIndex == 0. Name: [UChannel] ChIndex: 0, Closing: 0 [UNetConnection] RemoteAddr: 127.0.0.1:17777, Name: IpConnection_0, Driver: GameNetDriver IpNetDriver_1, IsServer: NO, PC: None, Owner: None
[2018.04.06-13.15.16:636][397]LogExit: GameNetDriver None shut down
[2018.04.06-13.15.16:637][397]LogExit: GameNetDriver None shut down
[2018.04.06-13.15.16:637][397]LogExit: GameNetDriver None shut down
[2018.04.06-13.15.16:637][397]LogExit: GameNetDriver None shut down
[2018.04.06-13.15.16:667][398]LogPlayLevel: Display: Destroying online subsystem :Context_4
[2018.04.06-13.15.16:667][398]LogOnline: Display: OSS: FOnlineSubsystemNull::Shutdown()
[2018.04.06-13.15.16:667][398]LogPlayLevel: Display: Destroying online subsystem :Context_3
[2018.04.06-13.15.16:667][398]LogOnline: Display: OSS: FOnlineSubsystemNull::Shutdown()
[2018.04.06-13.15.16:668][398]LogPlayLevel: Display: Destroying online subsystem :Context_2
[2018.04.06-13.15.16:668][398]LogOnline: Display: OSS: FOnlineSubsystemNull::Shutdown()
[2018.04.06-13.15.16:668][398]LogPlayLevel: Display: Destroying online subsystem :Context_1
[2018.04.06-13.15.16:668][398]LogOnline: Display: OSS: FOnlineSubsystemNull::Shutdown()
